[2020-06-17 06:21:06,048] {taskinstance.py:669} INFO - Dependencies all met for <TaskInstance: tutorial.templated 2020-06-16T00:00:00+00:00 [queued]>
[2020-06-17 06:21:06,060] {taskinstance.py:669} INFO - Dependencies all met for <TaskInstance: tutorial.templated 2020-06-16T00:00:00+00:00 [queued]>
[2020-06-17 06:21:06,060] {taskinstance.py:879} INFO - 
--------------------------------------------------------------------------------
[2020-06-17 06:21:06,060] {taskinstance.py:880} INFO - Starting attempt 1 of 2
[2020-06-17 06:21:06,060] {taskinstance.py:881} INFO - 
--------------------------------------------------------------------------------
[2020-06-17 06:21:06,069] {taskinstance.py:900} INFO - Executing <Task(BashOperator): templated> on 2020-06-16T00:00:00+00:00
[2020-06-17 06:21:06,070] {standard_task_runner.py:53} INFO - Started process 5501 to run task
[2020-06-17 06:21:06,126] {logging_mixin.py:112} INFO - Running %s on host %s <TaskInstance: tutorial.templated 2020-06-16T00:00:00+00:00 [running]> ip-172-31-76-14.ec2.internal
[2020-06-17 06:21:06,141] {bash_operator.py:82} INFO - Tmp dir root location: 
 /tmp
[2020-06-17 06:21:06,143] {bash_operator.py:105} INFO - Temporary script location: /tmp/airflowtmpcmqkqW/templatedVRjOs4
[2020-06-17 06:21:06,143] {bash_operator.py:115} INFO - Running command: 

    echo "2020-06-16"
    echo "2020-06-23"
    echo "Parameter I passed in"

    echo "2020-06-16"
    echo "2020-06-23"
    echo "Parameter I passed in"

    echo "2020-06-16"
    echo "2020-06-23"
    echo "Parameter I passed in"

    echo "2020-06-16"
    echo "2020-06-23"
    echo "Parameter I passed in"

    echo "2020-06-16"
    echo "2020-06-23"
    echo "Parameter I passed in"

[2020-06-17 06:21:06,146] {bash_operator.py:122} INFO - Output:
[2020-06-17 06:21:06,147] {bash_operator.py:126} INFO - 2020-06-16
[2020-06-17 06:21:06,148] {bash_operator.py:126} INFO - 2020-06-23
[2020-06-17 06:21:06,148] {bash_operator.py:126} INFO - Parameter I passed in
[2020-06-17 06:21:06,148] {bash_operator.py:126} INFO - 2020-06-16
[2020-06-17 06:21:06,148] {bash_operator.py:126} INFO - 2020-06-23
[2020-06-17 06:21:06,148] {bash_operator.py:126} INFO - Parameter I passed in
[2020-06-17 06:21:06,148] {bash_operator.py:126} INFO - 2020-06-16
[2020-06-17 06:21:06,148] {bash_operator.py:126} INFO - 2020-06-23
[2020-06-17 06:21:06,149] {bash_operator.py:126} INFO - Parameter I passed in
[2020-06-17 06:21:06,149] {bash_operator.py:126} INFO - 2020-06-16
[2020-06-17 06:21:06,149] {bash_operator.py:126} INFO - 2020-06-23
[2020-06-17 06:21:06,149] {bash_operator.py:126} INFO - Parameter I passed in
[2020-06-17 06:21:06,149] {bash_operator.py:126} INFO - 2020-06-16
[2020-06-17 06:21:06,149] {bash_operator.py:126} INFO - 2020-06-23
[2020-06-17 06:21:06,149] {bash_operator.py:126} INFO - Parameter I passed in
[2020-06-17 06:21:06,149] {bash_operator.py:130} INFO - Command exited with return code 0
[2020-06-17 06:21:06,155] {taskinstance.py:1065} INFO - Marking task as SUCCESS.dag_id=tutorial, task_id=templated, execution_date=20200616T000000, start_date=20200617T062106, end_date=20200617T062106
[2020-06-17 06:21:16,040] {logging_mixin.py:112} INFO - [2020-06-17 06:21:16,040] {local_task_job.py:103} INFO - Task exited with return code 0
