[2020-06-18 09:56:11,604] {taskinstance.py:669} INFO - Dependencies all met for <TaskInstance: slack_example.slack_msg 2018-08-11T00:16:00+00:00 [queued]>
[2020-06-18 09:56:11,612] {taskinstance.py:669} INFO - Dependencies all met for <TaskInstance: slack_example.slack_msg 2018-08-11T00:16:00+00:00 [queued]>
[2020-06-18 09:56:11,612] {taskinstance.py:879} INFO - 
--------------------------------------------------------------------------------
[2020-06-18 09:56:11,612] {taskinstance.py:880} INFO - Starting attempt 1 of 1
[2020-06-18 09:56:11,612] {taskinstance.py:881} INFO - 
--------------------------------------------------------------------------------
[2020-06-18 09:56:11,631] {taskinstance.py:900} INFO - Executing <Task(SlackWebhookOperator): slack_msg> on 2018-08-11T00:16:00+00:00
[2020-06-18 09:56:11,633] {standard_task_runner.py:53} INFO - Started process 3481 to run task
[2020-06-18 09:56:11,692] {logging_mixin.py:112} INFO - Running %s on host %s <TaskInstance: slack_example.slack_msg 2018-08-11T00:16:00+00:00 [running]> ip-172-31-76-14.ec2.internal
[2020-06-18 09:56:11,711] {logging_mixin.py:112} INFO - [2020-06-18 09:56:11,711] {base_hook.py:87} INFO - Using connection to: id: anitha_slack. Host: https://hooks.slack.com/services, Port: None, Schema: None, Login: None, Password: XXXXXXXX, extra: None
[2020-06-18 09:56:11,716] {logging_mixin.py:112} INFO - [2020-06-18 09:56:11,716] {base_hook.py:87} INFO - Using connection to: id: anitha_slack. Host: https://hooks.slack.com/services, Port: None, Schema: None, Login: None, Password: XXXXXXXX, extra: None
[2020-06-18 09:56:11,718] {logging_mixin.py:112} INFO - [2020-06-18 09:56:11,718] {http_hook.py:136} INFO - Sending 'POST' to url: https://hooks.slack.com/services
[2020-06-18 09:56:11,735] {logging_mixin.py:112} WARNING - /usr/lib/python2.7/site-packages/urllib3/connectionpool.py:847: InsecureRequestWarning: Unverified HTTPS request is being made. Adding certificate verification is strongly advised. See: https://urllib3.readthedocs.io/en/latest/advanced-usage.html#ssl-warnings
  InsecureRequestWarning)
[2020-06-18 09:56:11,766] {logging_mixin.py:112} WARNING - /usr/lib/python2.7/site-packages/urllib3/connectionpool.py:847: InsecureRequestWarning: Unverified HTTPS request is being made. Adding certificate verification is strongly advised. See: https://urllib3.readthedocs.io/en/latest/advanced-usage.html#ssl-warnings
  InsecureRequestWarning)
[2020-06-18 09:56:11,820] {taskinstance.py:1065} INFO - Marking task as SUCCESS.dag_id=slack_example, task_id=slack_msg, execution_date=20180811T001600, start_date=20200618T095611, end_date=20200618T095611
[2020-06-18 09:56:21,595] {logging_mixin.py:112} INFO - [2020-06-18 09:56:21,595] {local_task_job.py:103} INFO - Task exited with return code 0
[2020-06-18 12:35:15,099] {taskinstance.py:669} INFO - Dependencies all met for <TaskInstance: slack_example.slack_msg 2018-08-11T00:16:00+00:00 [queued]>
[2020-06-18 12:35:15,112] {taskinstance.py:669} INFO - Dependencies all met for <TaskInstance: slack_example.slack_msg 2018-08-11T00:16:00+00:00 [queued]>
[2020-06-18 12:35:15,112] {taskinstance.py:879} INFO - 
--------------------------------------------------------------------------------
[2020-06-18 12:35:15,112] {taskinstance.py:880} INFO - Starting attempt 1 of 1
[2020-06-18 12:35:15,112] {taskinstance.py:881} INFO - 
--------------------------------------------------------------------------------
[2020-06-18 12:35:15,130] {taskinstance.py:900} INFO - Executing <Task(SlackWebhookOperator): slack_msg> on 2018-08-11T00:16:00+00:00
[2020-06-18 12:35:15,132] {standard_task_runner.py:53} INFO - Started process 6136 to run task
[2020-06-18 12:35:15,236] {logging_mixin.py:112} INFO - Running %s on host %s <TaskInstance: slack_example.slack_msg 2018-08-11T00:16:00+00:00 [running]> ip-172-31-76-14.ec2.internal
[2020-06-18 12:35:15,262] {logging_mixin.py:112} INFO - [2020-06-18 12:35:15,262] {base_hook.py:87} INFO - Using connection to: id: anitha_slack. Host: https://hooks.slack.com/services, Port: None, Schema: None, Login: None, Password: XXXXXXXX, extra: None
[2020-06-18 12:35:15,264] {logging_mixin.py:112} INFO - [2020-06-18 12:35:15,264] {http_hook.py:136} INFO - Sending 'POST' to url: https://hooks.slack.com/services/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
[2020-06-18 12:35:15,273] {logging_mixin.py:112} WARNING - /usr/lib/python2.7/site-packages/urllib3/connectionpool.py:847: InsecureRequestWarning: Unverified HTTPS request is being made. Adding certificate verification is strongly advised. See: https://urllib3.readthedocs.io/en/latest/advanced-usage.html#ssl-warnings
  InsecureRequestWarning)
[2020-06-18 12:35:15,288] {logging_mixin.py:112} INFO - [2020-06-18 12:35:15,288] {http_hook.py:150} ERROR - HTTP error: Bad Request
[2020-06-18 12:35:15,289] {logging_mixin.py:112} INFO - [2020-06-18 12:35:15,289] {http_hook.py:151} ERROR - no_text
[2020-06-18 12:35:15,292] {taskinstance.py:1145} ERROR - 400:Bad Request
Traceback (most recent call last):
  File "/usr/lib/python2.7/site-packages/airflow/models/taskinstance.py", line 983, in _run_raw_task
    result = task_copy.execute(context=context)
  File "/usr/lib/python2.7/site-packages/airflow/contrib/operators/slack_webhook_operator.py", line 113, in execute
    self.hook.execute()
  File "/usr/lib/python2.7/site-packages/airflow/contrib/hooks/slack_webhook_hook.py", line 152, in execute
    extra_options={'proxies': proxies})
  File "/usr/lib/python2.7/site-packages/airflow/hooks/http_hook.py", line 137, in run
    return self.run_and_check(session, prepped_request, extra_options)
  File "/usr/lib/python2.7/site-packages/airflow/hooks/http_hook.py", line 181, in run_and_check
    self.check_response(response)
  File "/usr/lib/python2.7/site-packages/airflow/hooks/http_hook.py", line 152, in check_response
    raise AirflowException(str(response.status_code) + ":" + response.reason)
AirflowException: 400:Bad Request
[2020-06-18 12:35:15,293] {taskinstance.py:1202} INFO - Marking task as FAILED.dag_id=slack_example, task_id=slack_msg, execution_date=20180811T001600, start_date=20200618T123515, end_date=20200618T123515
[2020-06-18 12:35:25,089] {logging_mixin.py:112} INFO - [2020-06-18 12:35:25,088] {local_task_job.py:103} INFO - Task exited with return code 1
