[2020-06-17 14:18:10,099] {scheduler_job.py:154} INFO - Started process (PID=8101) to work on /home/ec2-user/airflow/dags/xcom.py
[2020-06-17 14:18:10,104] {scheduler_job.py:1562} INFO - Processing file /home/ec2-user/airflow/dags/xcom.py for tasks to queue
[2020-06-17 14:18:10,105] {logging_mixin.py:112} INFO - [2020-06-17 14:18:10,104] {dagbag.py:396} INFO - Filling up the DagBag from /home/ec2-user/airflow/dags/xcom.py
[2020-06-17 14:18:10,127] {scheduler_job.py:1574} INFO - DAG(s) ['write_to_xcom', 'read_from_xcom'] retrieved from /home/ec2-user/airflow/dags/xcom.py
[2020-06-17 14:18:10,134] {logging_mixin.py:112} INFO - [2020-06-17 14:18:10,133] {dag.py:1501} INFO - Creating ORM DAG for write_to_xcom
[2020-06-17 14:18:10,144] {logging_mixin.py:112} INFO - [2020-06-17 14:18:10,143] {dag.py:1501} INFO - Creating ORM DAG for read_from_xcom
[2020-06-17 14:18:10,153] {scheduler_job.py:162} INFO - Processing /home/ec2-user/airflow/dags/xcom.py took 0.054 seconds
[2020-06-17 14:19:10,167] {scheduler_job.py:154} INFO - Started process (PID=8197) to work on /home/ec2-user/airflow/dags/xcom.py
[2020-06-17 14:19:10,192] {scheduler_job.py:1562} INFO - Processing file /home/ec2-user/airflow/dags/xcom.py for tasks to queue
[2020-06-17 14:19:10,192] {logging_mixin.py:112} INFO - [2020-06-17 14:19:10,192] {dagbag.py:396} INFO - Filling up the DagBag from /home/ec2-user/airflow/dags/xcom.py
[2020-06-17 14:19:10,215] {scheduler_job.py:1574} INFO - DAG(s) ['write_to_xcom', 'read_from_xcom'] retrieved from /home/ec2-user/airflow/dags/xcom.py
[2020-06-17 14:19:10,241] {scheduler_job.py:162} INFO - Processing /home/ec2-user/airflow/dags/xcom.py took 0.074 seconds
[2020-06-17 14:20:10,237] {scheduler_job.py:154} INFO - Started process (PID=8301) to work on /home/ec2-user/airflow/dags/xcom.py
[2020-06-17 14:20:10,268] {scheduler_job.py:1562} INFO - Processing file /home/ec2-user/airflow/dags/xcom.py for tasks to queue
[2020-06-17 14:20:10,269] {logging_mixin.py:112} INFO - [2020-06-17 14:20:10,269] {dagbag.py:396} INFO - Filling up the DagBag from /home/ec2-user/airflow/dags/xcom.py
[2020-06-17 14:20:10,291] {scheduler_job.py:1574} INFO - DAG(s) ['write_to_xcom', 'read_from_xcom'] retrieved from /home/ec2-user/airflow/dags/xcom.py
[2020-06-17 14:20:10,316] {scheduler_job.py:162} INFO - Processing /home/ec2-user/airflow/dags/xcom.py took 0.080 seconds
[2020-06-17 14:20:13,373] {scheduler_job.py:154} INFO - Started process (PID=8306) to work on /home/ec2-user/airflow/dags/xcom.py
[2020-06-17 14:20:13,377] {scheduler_job.py:1562} INFO - Processing file /home/ec2-user/airflow/dags/xcom.py for tasks to queue
[2020-06-17 14:20:13,377] {logging_mixin.py:112} INFO - [2020-06-17 14:20:13,377] {dagbag.py:396} INFO - Filling up the DagBag from /home/ec2-user/airflow/dags/xcom.py
[2020-06-17 14:20:13,396] {scheduler_job.py:1574} INFO - DAG(s) ['write_to_xcom', 'read_from_xcom'] retrieved from /home/ec2-user/airflow/dags/xcom.py
[2020-06-17 14:20:13,421] {scheduler_job.py:162} INFO - Processing /home/ec2-user/airflow/dags/xcom.py took 0.048 seconds
[2020-06-17 14:21:10,306] {scheduler_job.py:154} INFO - Started process (PID=8395) to work on /home/ec2-user/airflow/dags/xcom.py
[2020-06-17 14:21:10,324] {scheduler_job.py:1562} INFO - Processing file /home/ec2-user/airflow/dags/xcom.py for tasks to queue
[2020-06-17 14:21:10,325] {logging_mixin.py:112} INFO - [2020-06-17 14:21:10,324] {dagbag.py:396} INFO - Filling up the DagBag from /home/ec2-user/airflow/dags/xcom.py
[2020-06-17 14:21:10,346] {scheduler_job.py:1574} INFO - DAG(s) ['write_to_xcom', 'read_from_xcom'] retrieved from /home/ec2-user/airflow/dags/xcom.py
[2020-06-17 14:21:10,371] {scheduler_job.py:162} INFO - Processing /home/ec2-user/airflow/dags/xcom.py took 0.065 seconds
[2020-06-17 14:21:13,441] {scheduler_job.py:154} INFO - Started process (PID=8400) to work on /home/ec2-user/airflow/dags/xcom.py
[2020-06-17 14:21:13,445] {scheduler_job.py:1562} INFO - Processing file /home/ec2-user/airflow/dags/xcom.py for tasks to queue
[2020-06-17 14:21:13,445] {logging_mixin.py:112} INFO - [2020-06-17 14:21:13,445] {dagbag.py:396} INFO - Filling up the DagBag from /home/ec2-user/airflow/dags/xcom.py
[2020-06-17 14:21:13,464] {scheduler_job.py:1574} INFO - DAG(s) ['write_to_xcom', 'read_from_xcom'] retrieved from /home/ec2-user/airflow/dags/xcom.py
[2020-06-17 14:21:13,488] {scheduler_job.py:162} INFO - Processing /home/ec2-user/airflow/dags/xcom.py took 0.047 seconds
[2020-06-17 14:22:10,376] {scheduler_job.py:154} INFO - Started process (PID=8488) to work on /home/ec2-user/airflow/dags/xcom.py
[2020-06-17 14:22:10,388] {scheduler_job.py:1562} INFO - Processing file /home/ec2-user/airflow/dags/xcom.py for tasks to queue
[2020-06-17 14:22:10,389] {logging_mixin.py:112} INFO - [2020-06-17 14:22:10,388] {dagbag.py:396} INFO - Filling up the DagBag from /home/ec2-user/airflow/dags/xcom.py
[2020-06-17 14:22:10,410] {scheduler_job.py:1574} INFO - DAG(s) ['write_to_xcom', 'read_from_xcom'] retrieved from /home/ec2-user/airflow/dags/xcom.py
[2020-06-17 14:22:10,436] {scheduler_job.py:162} INFO - Processing /home/ec2-user/airflow/dags/xcom.py took 0.061 seconds
[2020-06-17 14:22:13,510] {scheduler_job.py:154} INFO - Started process (PID=8493) to work on /home/ec2-user/airflow/dags/xcom.py
[2020-06-17 14:22:13,514] {scheduler_job.py:1562} INFO - Processing file /home/ec2-user/airflow/dags/xcom.py for tasks to queue
[2020-06-17 14:22:13,514] {logging_mixin.py:112} INFO - [2020-06-17 14:22:13,514] {dagbag.py:396} INFO - Filling up the DagBag from /home/ec2-user/airflow/dags/xcom.py
[2020-06-17 14:22:13,533] {scheduler_job.py:1574} INFO - DAG(s) ['write_to_xcom', 'read_from_xcom'] retrieved from /home/ec2-user/airflow/dags/xcom.py
[2020-06-17 14:22:13,558] {scheduler_job.py:162} INFO - Processing /home/ec2-user/airflow/dags/xcom.py took 0.048 seconds
[2020-06-17 14:23:10,442] {scheduler_job.py:154} INFO - Started process (PID=8645) to work on /home/ec2-user/airflow/dags/xcom.py
[2020-06-17 14:23:10,448] {scheduler_job.py:1562} INFO - Processing file /home/ec2-user/airflow/dags/xcom.py for tasks to queue
[2020-06-17 14:23:10,448] {logging_mixin.py:112} INFO - [2020-06-17 14:23:10,448] {dagbag.py:396} INFO - Filling up the DagBag from /home/ec2-user/airflow/dags/xcom.py
[2020-06-17 14:23:10,469] {scheduler_job.py:1574} INFO - DAG(s) ['write_to_xcom', 'read_from_xcom'] retrieved from /home/ec2-user/airflow/dags/xcom.py
[2020-06-17 14:23:10,494] {scheduler_job.py:162} INFO - Processing /home/ec2-user/airflow/dags/xcom.py took 0.052 seconds
[2020-06-17 14:23:13,577] {scheduler_job.py:154} INFO - Started process (PID=8650) to work on /home/ec2-user/airflow/dags/xcom.py
[2020-06-17 14:23:13,581] {scheduler_job.py:1562} INFO - Processing file /home/ec2-user/airflow/dags/xcom.py for tasks to queue
[2020-06-17 14:23:13,582] {logging_mixin.py:112} INFO - [2020-06-17 14:23:13,581] {dagbag.py:396} INFO - Filling up the DagBag from /home/ec2-user/airflow/dags/xcom.py
[2020-06-17 14:23:13,600] {scheduler_job.py:1574} INFO - DAG(s) ['write_to_xcom', 'read_from_xcom'] retrieved from /home/ec2-user/airflow/dags/xcom.py
[2020-06-17 14:23:13,626] {scheduler_job.py:162} INFO - Processing /home/ec2-user/airflow/dags/xcom.py took 0.049 seconds
[2020-06-17 14:24:10,511] {scheduler_job.py:154} INFO - Started process (PID=8740) to work on /home/ec2-user/airflow/dags/xcom.py
[2020-06-17 14:24:10,522] {scheduler_job.py:1562} INFO - Processing file /home/ec2-user/airflow/dags/xcom.py for tasks to queue
[2020-06-17 14:24:10,522] {logging_mixin.py:112} INFO - [2020-06-17 14:24:10,522] {dagbag.py:396} INFO - Filling up the DagBag from /home/ec2-user/airflow/dags/xcom.py
[2020-06-17 14:24:10,542] {scheduler_job.py:1574} INFO - DAG(s) ['write_to_xcom', 'read_from_xcom'] retrieved from /home/ec2-user/airflow/dags/xcom.py
[2020-06-17 14:24:10,569] {scheduler_job.py:162} INFO - Processing /home/ec2-user/airflow/dags/xcom.py took 0.057 seconds
[2020-06-17 14:24:13,645] {scheduler_job.py:154} INFO - Started process (PID=8745) to work on /home/ec2-user/airflow/dags/xcom.py
[2020-06-17 14:24:13,649] {scheduler_job.py:1562} INFO - Processing file /home/ec2-user/airflow/dags/xcom.py for tasks to queue
[2020-06-17 14:24:13,649] {logging_mixin.py:112} INFO - [2020-06-17 14:24:13,649] {dagbag.py:396} INFO - Filling up the DagBag from /home/ec2-user/airflow/dags/xcom.py
[2020-06-17 14:24:13,668] {scheduler_job.py:1574} INFO - DAG(s) ['write_to_xcom', 'read_from_xcom'] retrieved from /home/ec2-user/airflow/dags/xcom.py
[2020-06-17 14:24:13,693] {scheduler_job.py:162} INFO - Processing /home/ec2-user/airflow/dags/xcom.py took 0.048 seconds
[2020-06-17 14:45:13,767] {scheduler_job.py:154} INFO - Started process (PID=3654) to work on /home/ec2-user/airflow/dags/xcom.py
[2020-06-17 14:45:13,772] {scheduler_job.py:1562} INFO - Processing file /home/ec2-user/airflow/dags/xcom.py for tasks to queue
[2020-06-17 14:45:13,773] {logging_mixin.py:112} INFO - [2020-06-17 14:45:13,772] {dagbag.py:396} INFO - Filling up the DagBag from /home/ec2-user/airflow/dags/xcom.py
[2020-06-17 14:45:13,776] {logging_mixin.py:112} WARNING - /usr/lib/python2.7/site-packages/airflow/utils/helpers.py:442: DeprecationWarning: Importing 'PythonOperator' directly from 'airflow.operators' has been deprecated. Please import from 'airflow.operators.[operator_module]' instead. Support for direct imports will be dropped entirely in Airflow 2.0.
  DeprecationWarning)
[2020-06-17 14:45:13,778] {logging_mixin.py:112} INFO - [2020-06-17 14:45:13,778] {dagbag.py:239} ERROR - Failed to import: /home/ec2-user/airflow/dags/xcom.py
Traceback (most recent call last):
  File "/usr/lib/python2.7/site-packages/airflow/models/dagbag.py", line 236, in process_file
    m = imp.load_source(mod_name, filepath)
  File "/home/ec2-user/airflow/dags/xcom.py", line 40, in <module>
    i
NameError: name 'i' is not defined
[2020-06-17 14:45:13,778] {scheduler_job.py:1576} WARNING - No viable dags retrieved from /home/ec2-user/airflow/dags/xcom.py
[2020-06-17 14:45:13,788] {scheduler_job.py:162} INFO - Processing /home/ec2-user/airflow/dags/xcom.py took 0.020 seconds
[2020-06-17 14:46:13,835] {scheduler_job.py:154} INFO - Started process (PID=3709) to work on /home/ec2-user/airflow/dags/xcom.py
[2020-06-17 14:46:13,839] {scheduler_job.py:1562} INFO - Processing file /home/ec2-user/airflow/dags/xcom.py for tasks to queue
[2020-06-17 14:46:13,839] {logging_mixin.py:112} INFO - [2020-06-17 14:46:13,839] {dagbag.py:396} INFO - Filling up the DagBag from /home/ec2-user/airflow/dags/xcom.py
[2020-06-17 14:46:13,843] {logging_mixin.py:112} WARNING - /usr/lib/python2.7/site-packages/airflow/utils/helpers.py:442: DeprecationWarning: Importing 'PythonOperator' directly from 'airflow.operators' has been deprecated. Please import from 'airflow.operators.[operator_module]' instead. Support for direct imports will be dropped entirely in Airflow 2.0.
  DeprecationWarning)
[2020-06-17 14:46:13,845] {scheduler_job.py:1574} INFO - DAG(s) ['example_xcom'] retrieved from /home/ec2-user/airflow/dags/xcom.py
[2020-06-17 14:46:13,871] {scheduler_job.py:162} INFO - Processing /home/ec2-user/airflow/dags/xcom.py took 0.036 seconds
[2020-06-17 14:47:13,904] {scheduler_job.py:154} INFO - Started process (PID=3747) to work on /home/ec2-user/airflow/dags/xcom.py
[2020-06-17 14:47:13,908] {scheduler_job.py:1562} INFO - Processing file /home/ec2-user/airflow/dags/xcom.py for tasks to queue
[2020-06-17 14:47:13,909] {logging_mixin.py:112} INFO - [2020-06-17 14:47:13,909] {dagbag.py:396} INFO - Filling up the DagBag from /home/ec2-user/airflow/dags/xcom.py
[2020-06-17 14:47:13,912] {logging_mixin.py:112} WARNING - /usr/lib/python2.7/site-packages/airflow/utils/helpers.py:442: DeprecationWarning: Importing 'PythonOperator' directly from 'airflow.operators' has been deprecated. Please import from 'airflow.operators.[operator_module]' instead. Support for direct imports will be dropped entirely in Airflow 2.0.
  DeprecationWarning)
[2020-06-17 14:47:13,914] {scheduler_job.py:1574} INFO - DAG(s) ['example_xcom'] retrieved from /home/ec2-user/airflow/dags/xcom.py
[2020-06-17 14:47:13,942] {scheduler_job.py:1284} INFO - Processing example_xcom
[2020-06-17 14:47:13,968] {scheduler_job.py:1294} INFO - Created <DagRun example_xcom @ 2020-06-15 00:00:00+00:00: scheduled__2020-06-15T00:00:00+00:00, externally triggered: False>
[2020-06-17 14:47:13,970] {scheduler_job.py:759} INFO - Examining DAG run <DagRun example_xcom @ 2020-06-15 00:00:00+00:00: scheduled__2020-06-15T00:00:00+00:00, externally triggered: False>
[2020-06-17 14:47:13,984] {scheduler_job.py:447} INFO - Skipping SLA check for <DAG: example_xcom> because no tasks in DAG have SLAs
[2020-06-17 14:47:13,987] {scheduler_job.py:1640} INFO - Creating / updating <TaskInstance: example_xcom.push 2020-06-15 00:00:00+00:00 [scheduled]> in ORM
[2020-06-17 14:47:13,991] {scheduler_job.py:1640} INFO - Creating / updating <TaskInstance: example_xcom.push_by_returning 2020-06-15 00:00:00+00:00 [scheduled]> in ORM
[2020-06-17 14:47:13,999] {scheduler_job.py:162} INFO - Processing /home/ec2-user/airflow/dags/xcom.py took 0.094 seconds
[2020-06-17 14:48:45,456] {scheduler_job.py:154} INFO - Started process (PID=3805) to work on /home/ec2-user/airflow/dags/xcom.py
[2020-06-17 14:48:45,459] {scheduler_job.py:1562} INFO - Processing file /home/ec2-user/airflow/dags/xcom.py for tasks to queue
[2020-06-17 14:48:45,460] {logging_mixin.py:112} INFO - [2020-06-17 14:48:45,460] {dagbag.py:396} INFO - Filling up the DagBag from /home/ec2-user/airflow/dags/xcom.py
[2020-06-17 14:48:45,463] {logging_mixin.py:112} WARNING - /usr/lib/python2.7/site-packages/airflow/utils/helpers.py:442: DeprecationWarning: Importing 'PythonOperator' directly from 'airflow.operators' has been deprecated. Please import from 'airflow.operators.[operator_module]' instead. Support for direct imports will be dropped entirely in Airflow 2.0.
  DeprecationWarning)
[2020-06-17 14:48:45,468] {scheduler_job.py:1574} INFO - DAG(s) ['example_xcom'] retrieved from /home/ec2-user/airflow/dags/xcom.py
[2020-06-17 14:48:45,492] {scheduler_job.py:1284} INFO - Processing example_xcom
[2020-06-17 14:48:45,500] {scheduler_job.py:759} INFO - Examining DAG run <DagRun example_xcom @ 2020-06-15 00:00:00+00:00: scheduled__2020-06-15T00:00:00+00:00, externally triggered: False>
[2020-06-17 14:48:45,507] {logging_mixin.py:112} INFO - [2020-06-17 14:48:45,507] {dagrun.py:318} INFO - Marking run <DagRun example_xcom @ 2020-06-15 00:00:00+00:00: scheduled__2020-06-15T00:00:00+00:00, externally triggered: False> successful
[2020-06-17 14:48:45,514] {scheduler_job.py:447} INFO - Skipping SLA check for <DAG: example_xcom> because no tasks in DAG have SLAs
[2020-06-17 14:48:45,516] {scheduler_job.py:162} INFO - Processing /home/ec2-user/airflow/dags/xcom.py took 0.060 seconds
[2020-06-17 14:49:45,519] {scheduler_job.py:154} INFO - Started process (PID=3883) to work on /home/ec2-user/airflow/dags/xcom.py
[2020-06-17 14:49:45,523] {scheduler_job.py:1562} INFO - Processing file /home/ec2-user/airflow/dags/xcom.py for tasks to queue
[2020-06-17 14:49:45,523] {logging_mixin.py:112} INFO - [2020-06-17 14:49:45,523] {dagbag.py:396} INFO - Filling up the DagBag from /home/ec2-user/airflow/dags/xcom.py
[2020-06-17 14:49:45,530] {logging_mixin.py:112} WARNING - /usr/lib/python2.7/site-packages/airflow/utils/helpers.py:442: DeprecationWarning: Importing 'PythonOperator' directly from 'airflow.operators' has been deprecated. Please import from 'airflow.operators.[operator_module]' instead. Support for direct imports will be dropped entirely in Airflow 2.0.
  DeprecationWarning)
[2020-06-17 14:49:45,532] {scheduler_job.py:1574} INFO - DAG(s) ['example_xcom'] retrieved from /home/ec2-user/airflow/dags/xcom.py
[2020-06-17 14:49:45,557] {scheduler_job.py:1284} INFO - Processing example_xcom
[2020-06-17 14:49:45,565] {scheduler_job.py:447} INFO - Skipping SLA check for <DAG: example_xcom> because no tasks in DAG have SLAs
[2020-06-17 14:49:45,567] {scheduler_job.py:162} INFO - Processing /home/ec2-user/airflow/dags/xcom.py took 0.048 seconds
[2020-06-17 14:50:45,587] {scheduler_job.py:154} INFO - Started process (PID=3923) to work on /home/ec2-user/airflow/dags/xcom.py
[2020-06-17 14:50:45,591] {scheduler_job.py:1562} INFO - Processing file /home/ec2-user/airflow/dags/xcom.py for tasks to queue
[2020-06-17 14:50:45,591] {logging_mixin.py:112} INFO - [2020-06-17 14:50:45,591] {dagbag.py:396} INFO - Filling up the DagBag from /home/ec2-user/airflow/dags/xcom.py
[2020-06-17 14:50:45,598] {logging_mixin.py:112} WARNING - /usr/lib/python2.7/site-packages/airflow/utils/helpers.py:442: DeprecationWarning: Importing 'PythonOperator' directly from 'airflow.operators' has been deprecated. Please import from 'airflow.operators.[operator_module]' instead. Support for direct imports will be dropped entirely in Airflow 2.0.
  DeprecationWarning)
[2020-06-17 14:50:45,600] {scheduler_job.py:1574} INFO - DAG(s) ['example_xcom'] retrieved from /home/ec2-user/airflow/dags/xcom.py
[2020-06-17 14:50:45,624] {scheduler_job.py:1284} INFO - Processing example_xcom
[2020-06-17 14:50:45,632] {scheduler_job.py:447} INFO - Skipping SLA check for <DAG: example_xcom> because no tasks in DAG have SLAs
[2020-06-17 14:50:45,635] {scheduler_job.py:162} INFO - Processing /home/ec2-user/airflow/dags/xcom.py took 0.048 seconds
[2020-06-17 14:51:45,654] {scheduler_job.py:154} INFO - Started process (PID=3960) to work on /home/ec2-user/airflow/dags/xcom.py
[2020-06-17 14:51:45,658] {scheduler_job.py:1562} INFO - Processing file /home/ec2-user/airflow/dags/xcom.py for tasks to queue
[2020-06-17 14:51:45,659] {logging_mixin.py:112} INFO - [2020-06-17 14:51:45,659] {dagbag.py:396} INFO - Filling up the DagBag from /home/ec2-user/airflow/dags/xcom.py
[2020-06-17 14:51:45,662] {logging_mixin.py:112} WARNING - /usr/lib/python2.7/site-packages/airflow/utils/helpers.py:442: DeprecationWarning: Importing 'PythonOperator' directly from 'airflow.operators' has been deprecated. Please import from 'airflow.operators.[operator_module]' instead. Support for direct imports will be dropped entirely in Airflow 2.0.
  DeprecationWarning)
[2020-06-17 14:51:45,664] {scheduler_job.py:1574} INFO - DAG(s) ['example_xcom'] retrieved from /home/ec2-user/airflow/dags/xcom.py
[2020-06-17 14:51:45,690] {scheduler_job.py:1284} INFO - Processing example_xcom
[2020-06-17 14:51:45,698] {scheduler_job.py:447} INFO - Skipping SLA check for <DAG: example_xcom> because no tasks in DAG have SLAs
[2020-06-17 14:51:45,701] {scheduler_job.py:162} INFO - Processing /home/ec2-user/airflow/dags/xcom.py took 0.046 seconds
[2020-06-17 14:52:45,723] {scheduler_job.py:154} INFO - Started process (PID=3996) to work on /home/ec2-user/airflow/dags/xcom.py
[2020-06-17 14:52:45,727] {scheduler_job.py:1562} INFO - Processing file /home/ec2-user/airflow/dags/xcom.py for tasks to queue
[2020-06-17 14:52:45,727] {logging_mixin.py:112} INFO - [2020-06-17 14:52:45,727] {dagbag.py:396} INFO - Filling up the DagBag from /home/ec2-user/airflow/dags/xcom.py
[2020-06-17 14:52:45,731] {logging_mixin.py:112} WARNING - /usr/lib/python2.7/site-packages/airflow/utils/helpers.py:442: DeprecationWarning: Importing 'PythonOperator' directly from 'airflow.operators' has been deprecated. Please import from 'airflow.operators.[operator_module]' instead. Support for direct imports will be dropped entirely in Airflow 2.0.
  DeprecationWarning)
[2020-06-17 14:52:45,733] {scheduler_job.py:1574} INFO - DAG(s) ['example_xcom'] retrieved from /home/ec2-user/airflow/dags/xcom.py
[2020-06-17 14:52:45,759] {scheduler_job.py:1284} INFO - Processing example_xcom
[2020-06-17 14:52:45,767] {scheduler_job.py:447} INFO - Skipping SLA check for <DAG: example_xcom> because no tasks in DAG have SLAs
[2020-06-17 14:52:45,769] {scheduler_job.py:162} INFO - Processing /home/ec2-user/airflow/dags/xcom.py took 0.046 seconds
[2020-06-17 14:53:45,791] {scheduler_job.py:154} INFO - Started process (PID=4027) to work on /home/ec2-user/airflow/dags/xcom.py
[2020-06-17 14:53:45,795] {scheduler_job.py:1562} INFO - Processing file /home/ec2-user/airflow/dags/xcom.py for tasks to queue
[2020-06-17 14:53:45,796] {logging_mixin.py:112} INFO - [2020-06-17 14:53:45,796] {dagbag.py:396} INFO - Filling up the DagBag from /home/ec2-user/airflow/dags/xcom.py
[2020-06-17 14:53:45,799] {logging_mixin.py:112} WARNING - /usr/lib/python2.7/site-packages/airflow/utils/helpers.py:442: DeprecationWarning: Importing 'PythonOperator' directly from 'airflow.operators' has been deprecated. Please import from 'airflow.operators.[operator_module]' instead. Support for direct imports will be dropped entirely in Airflow 2.0.
  DeprecationWarning)
[2020-06-17 14:53:45,802] {scheduler_job.py:1574} INFO - DAG(s) ['example_xcom'] retrieved from /home/ec2-user/airflow/dags/xcom.py
[2020-06-17 14:53:45,826] {scheduler_job.py:1284} INFO - Processing example_xcom
[2020-06-17 14:53:45,835] {scheduler_job.py:447} INFO - Skipping SLA check for <DAG: example_xcom> because no tasks in DAG have SLAs
[2020-06-17 14:53:45,837] {scheduler_job.py:162} INFO - Processing /home/ec2-user/airflow/dags/xcom.py took 0.045 seconds
[2020-06-17 14:54:45,861] {scheduler_job.py:154} INFO - Started process (PID=4081) to work on /home/ec2-user/airflow/dags/xcom.py
[2020-06-17 14:54:45,865] {scheduler_job.py:1562} INFO - Processing file /home/ec2-user/airflow/dags/xcom.py for tasks to queue
[2020-06-17 14:54:45,865] {logging_mixin.py:112} INFO - [2020-06-17 14:54:45,865] {dagbag.py:396} INFO - Filling up the DagBag from /home/ec2-user/airflow/dags/xcom.py
[2020-06-17 14:54:45,869] {logging_mixin.py:112} WARNING - /usr/lib/python2.7/site-packages/airflow/utils/helpers.py:442: DeprecationWarning: Importing 'PythonOperator' directly from 'airflow.operators' has been deprecated. Please import from 'airflow.operators.[operator_module]' instead. Support for direct imports will be dropped entirely in Airflow 2.0.
  DeprecationWarning)
[2020-06-17 14:54:45,871] {scheduler_job.py:1574} INFO - DAG(s) ['example_xcom'] retrieved from /home/ec2-user/airflow/dags/xcom.py
[2020-06-17 14:54:45,896] {scheduler_job.py:1284} INFO - Processing example_xcom
[2020-06-17 14:54:45,904] {scheduler_job.py:447} INFO - Skipping SLA check for <DAG: example_xcom> because no tasks in DAG have SLAs
[2020-06-17 14:54:45,906] {scheduler_job.py:162} INFO - Processing /home/ec2-user/airflow/dags/xcom.py took 0.045 seconds
[2020-06-17 14:55:45,930] {scheduler_job.py:154} INFO - Started process (PID=4118) to work on /home/ec2-user/airflow/dags/xcom.py
[2020-06-17 14:55:45,934] {scheduler_job.py:1562} INFO - Processing file /home/ec2-user/airflow/dags/xcom.py for tasks to queue
[2020-06-17 14:55:45,934] {logging_mixin.py:112} INFO - [2020-06-17 14:55:45,934] {dagbag.py:396} INFO - Filling up the DagBag from /home/ec2-user/airflow/dags/xcom.py
[2020-06-17 14:55:45,938] {logging_mixin.py:112} WARNING - /usr/lib/python2.7/site-packages/airflow/utils/helpers.py:442: DeprecationWarning: Importing 'PythonOperator' directly from 'airflow.operators' has been deprecated. Please import from 'airflow.operators.[operator_module]' instead. Support for direct imports will be dropped entirely in Airflow 2.0.
  DeprecationWarning)
[2020-06-17 14:55:45,940] {scheduler_job.py:1574} INFO - DAG(s) ['example_xcom'] retrieved from /home/ec2-user/airflow/dags/xcom.py
[2020-06-17 14:55:45,965] {scheduler_job.py:1284} INFO - Processing example_xcom
[2020-06-17 14:55:45,973] {scheduler_job.py:447} INFO - Skipping SLA check for <DAG: example_xcom> because no tasks in DAG have SLAs
[2020-06-17 14:55:45,975] {scheduler_job.py:162} INFO - Processing /home/ec2-user/airflow/dags/xcom.py took 0.045 seconds
[2020-06-17 14:56:45,998] {scheduler_job.py:154} INFO - Started process (PID=4155) to work on /home/ec2-user/airflow/dags/xcom.py
[2020-06-17 14:56:46,003] {scheduler_job.py:1562} INFO - Processing file /home/ec2-user/airflow/dags/xcom.py for tasks to queue
[2020-06-17 14:56:46,003] {logging_mixin.py:112} INFO - [2020-06-17 14:56:46,003] {dagbag.py:396} INFO - Filling up the DagBag from /home/ec2-user/airflow/dags/xcom.py
[2020-06-17 14:56:46,006] {logging_mixin.py:112} WARNING - /usr/lib/python2.7/site-packages/airflow/utils/helpers.py:442: DeprecationWarning: Importing 'PythonOperator' directly from 'airflow.operators' has been deprecated. Please import from 'airflow.operators.[operator_module]' instead. Support for direct imports will be dropped entirely in Airflow 2.0.
  DeprecationWarning)
[2020-06-17 14:56:46,009] {scheduler_job.py:1574} INFO - DAG(s) ['example_xcom'] retrieved from /home/ec2-user/airflow/dags/xcom.py
[2020-06-17 14:56:46,034] {scheduler_job.py:1284} INFO - Processing example_xcom
[2020-06-17 14:56:46,042] {scheduler_job.py:447} INFO - Skipping SLA check for <DAG: example_xcom> because no tasks in DAG have SLAs
[2020-06-17 14:56:46,044] {scheduler_job.py:162} INFO - Processing /home/ec2-user/airflow/dags/xcom.py took 0.046 seconds
[2020-06-17 14:57:46,067] {scheduler_job.py:154} INFO - Started process (PID=4193) to work on /home/ec2-user/airflow/dags/xcom.py
[2020-06-17 14:57:46,071] {scheduler_job.py:1562} INFO - Processing file /home/ec2-user/airflow/dags/xcom.py for tasks to queue
[2020-06-17 14:57:46,072] {logging_mixin.py:112} INFO - [2020-06-17 14:57:46,071] {dagbag.py:396} INFO - Filling up the DagBag from /home/ec2-user/airflow/dags/xcom.py
[2020-06-17 14:57:46,075] {logging_mixin.py:112} WARNING - /usr/lib/python2.7/site-packages/airflow/utils/helpers.py:442: DeprecationWarning: Importing 'PythonOperator' directly from 'airflow.operators' has been deprecated. Please import from 'airflow.operators.[operator_module]' instead. Support for direct imports will be dropped entirely in Airflow 2.0.
  DeprecationWarning)
[2020-06-17 14:57:46,078] {scheduler_job.py:1574} INFO - DAG(s) ['example_xcom'] retrieved from /home/ec2-user/airflow/dags/xcom.py
[2020-06-17 14:57:46,103] {scheduler_job.py:1284} INFO - Processing example_xcom
[2020-06-17 14:57:46,111] {scheduler_job.py:447} INFO - Skipping SLA check for <DAG: example_xcom> because no tasks in DAG have SLAs
[2020-06-17 14:57:46,113] {scheduler_job.py:162} INFO - Processing /home/ec2-user/airflow/dags/xcom.py took 0.046 seconds
[2020-06-17 14:59:07,545] {scheduler_job.py:154} INFO - Started process (PID=4245) to work on /home/ec2-user/airflow/dags/xcom.py
[2020-06-17 14:59:07,549] {scheduler_job.py:1562} INFO - Processing file /home/ec2-user/airflow/dags/xcom.py for tasks to queue
[2020-06-17 14:59:07,549] {logging_mixin.py:112} INFO - [2020-06-17 14:59:07,549] {dagbag.py:396} INFO - Filling up the DagBag from /home/ec2-user/airflow/dags/xcom.py
[2020-06-17 14:59:07,552] {logging_mixin.py:112} WARNING - /usr/lib/python2.7/site-packages/airflow/utils/helpers.py:442: DeprecationWarning: Importing 'PythonOperator' directly from 'airflow.operators' has been deprecated. Please import from 'airflow.operators.[operator_module]' instead. Support for direct imports will be dropped entirely in Airflow 2.0.
  DeprecationWarning)
[2020-06-17 14:59:07,555] {scheduler_job.py:1574} INFO - DAG(s) ['example_xcom'] retrieved from /home/ec2-user/airflow/dags/xcom.py
[2020-06-17 14:59:07,580] {scheduler_job.py:1284} INFO - Processing example_xcom
[2020-06-17 14:59:07,588] {scheduler_job.py:759} INFO - Examining DAG run <DagRun example_xcom @ 2020-06-17 14:58:04.144234+00:00: manual__2020-06-17T14:58:04.144234+00:00, externally triggered: True>
[2020-06-17 14:59:07,606] {scheduler_job.py:447} INFO - Skipping SLA check for <DAG: example_xcom> because no tasks in DAG have SLAs
[2020-06-17 14:59:07,610] {scheduler_job.py:1640} INFO - Creating / updating <TaskInstance: example_xcom.puller 2020-06-17 14:58:04.144234+00:00 [scheduled]> in ORM
[2020-06-17 14:59:07,617] {scheduler_job.py:162} INFO - Processing /home/ec2-user/airflow/dags/xcom.py took 0.073 seconds
[2020-06-17 15:00:17,811] {scheduler_job.py:154} INFO - Started process (PID=4294) to work on /home/ec2-user/airflow/dags/xcom.py
[2020-06-17 15:00:17,815] {scheduler_job.py:1562} INFO - Processing file /home/ec2-user/airflow/dags/xcom.py for tasks to queue
[2020-06-17 15:00:17,815] {logging_mixin.py:112} INFO - [2020-06-17 15:00:17,815] {dagbag.py:396} INFO - Filling up the DagBag from /home/ec2-user/airflow/dags/xcom.py
[2020-06-17 15:00:17,819] {logging_mixin.py:112} WARNING - /usr/lib/python2.7/site-packages/airflow/utils/helpers.py:442: DeprecationWarning: Importing 'PythonOperator' directly from 'airflow.operators' has been deprecated. Please import from 'airflow.operators.[operator_module]' instead. Support for direct imports will be dropped entirely in Airflow 2.0.
  DeprecationWarning)
[2020-06-17 15:00:17,821] {scheduler_job.py:1574} INFO - DAG(s) ['example_xcom'] retrieved from /home/ec2-user/airflow/dags/xcom.py
[2020-06-17 15:00:17,847] {scheduler_job.py:1284} INFO - Processing example_xcom
[2020-06-17 15:00:17,855] {scheduler_job.py:447} INFO - Skipping SLA check for <DAG: example_xcom> because no tasks in DAG have SLAs
[2020-06-17 15:00:17,857] {scheduler_job.py:162} INFO - Processing /home/ec2-user/airflow/dags/xcom.py took 0.047 seconds
[2020-06-17 15:01:17,880] {scheduler_job.py:154} INFO - Started process (PID=4344) to work on /home/ec2-user/airflow/dags/xcom.py
[2020-06-17 15:01:17,884] {scheduler_job.py:1562} INFO - Processing file /home/ec2-user/airflow/dags/xcom.py for tasks to queue
[2020-06-17 15:01:17,885] {logging_mixin.py:112} INFO - [2020-06-17 15:01:17,885] {dagbag.py:396} INFO - Filling up the DagBag from /home/ec2-user/airflow/dags/xcom.py
[2020-06-17 15:01:17,889] {logging_mixin.py:112} WARNING - /usr/lib/python2.7/site-packages/airflow/utils/helpers.py:442: DeprecationWarning: Importing 'PythonOperator' directly from 'airflow.operators' has been deprecated. Please import from 'airflow.operators.[operator_module]' instead. Support for direct imports will be dropped entirely in Airflow 2.0.
  DeprecationWarning)
[2020-06-17 15:01:17,891] {scheduler_job.py:1574} INFO - DAG(s) ['example_xcom'] retrieved from /home/ec2-user/airflow/dags/xcom.py
[2020-06-17 15:01:17,916] {scheduler_job.py:1284} INFO - Processing example_xcom
[2020-06-17 15:01:17,924] {scheduler_job.py:447} INFO - Skipping SLA check for <DAG: example_xcom> because no tasks in DAG have SLAs
[2020-06-17 15:01:17,926] {scheduler_job.py:162} INFO - Processing /home/ec2-user/airflow/dags/xcom.py took 0.046 seconds
[2020-06-17 15:02:17,949] {scheduler_job.py:154} INFO - Started process (PID=4381) to work on /home/ec2-user/airflow/dags/xcom.py
[2020-06-17 15:02:17,954] {scheduler_job.py:1562} INFO - Processing file /home/ec2-user/airflow/dags/xcom.py for tasks to queue
[2020-06-17 15:02:17,954] {logging_mixin.py:112} INFO - [2020-06-17 15:02:17,954] {dagbag.py:396} INFO - Filling up the DagBag from /home/ec2-user/airflow/dags/xcom.py
[2020-06-17 15:02:17,957] {logging_mixin.py:112} WARNING - /usr/lib/python2.7/site-packages/airflow/utils/helpers.py:442: DeprecationWarning: Importing 'PythonOperator' directly from 'airflow.operators' has been deprecated. Please import from 'airflow.operators.[operator_module]' instead. Support for direct imports will be dropped entirely in Airflow 2.0.
  DeprecationWarning)
[2020-06-17 15:02:17,959] {scheduler_job.py:1574} INFO - DAG(s) ['example_xcom'] retrieved from /home/ec2-user/airflow/dags/xcom.py
[2020-06-17 15:02:17,985] {scheduler_job.py:1284} INFO - Processing example_xcom
[2020-06-17 15:02:17,993] {scheduler_job.py:447} INFO - Skipping SLA check for <DAG: example_xcom> because no tasks in DAG have SLAs
[2020-06-17 15:02:17,995] {scheduler_job.py:162} INFO - Processing /home/ec2-user/airflow/dags/xcom.py took 0.046 seconds
[2020-06-17 15:03:18,017] {scheduler_job.py:154} INFO - Started process (PID=4416) to work on /home/ec2-user/airflow/dags/xcom.py
[2020-06-17 15:03:18,021] {scheduler_job.py:1562} INFO - Processing file /home/ec2-user/airflow/dags/xcom.py for tasks to queue
[2020-06-17 15:03:18,021] {logging_mixin.py:112} INFO - [2020-06-17 15:03:18,021] {dagbag.py:396} INFO - Filling up the DagBag from /home/ec2-user/airflow/dags/xcom.py
[2020-06-17 15:03:18,024] {logging_mixin.py:112} WARNING - /usr/lib/python2.7/site-packages/airflow/utils/helpers.py:442: DeprecationWarning: Importing 'PythonOperator' directly from 'airflow.operators' has been deprecated. Please import from 'airflow.operators.[operator_module]' instead. Support for direct imports will be dropped entirely in Airflow 2.0.
  DeprecationWarning)
[2020-06-17 15:03:18,027] {scheduler_job.py:1574} INFO - DAG(s) ['example_xcom'] retrieved from /home/ec2-user/airflow/dags/xcom.py
[2020-06-17 15:03:18,051] {scheduler_job.py:1284} INFO - Processing example_xcom
[2020-06-17 15:03:18,059] {scheduler_job.py:447} INFO - Skipping SLA check for <DAG: example_xcom> because no tasks in DAG have SLAs
[2020-06-17 15:03:18,062] {scheduler_job.py:162} INFO - Processing /home/ec2-user/airflow/dags/xcom.py took 0.045 seconds
[2020-06-17 15:04:18,085] {scheduler_job.py:154} INFO - Started process (PID=4453) to work on /home/ec2-user/airflow/dags/xcom.py
[2020-06-17 15:04:18,089] {scheduler_job.py:1562} INFO - Processing file /home/ec2-user/airflow/dags/xcom.py for tasks to queue
[2020-06-17 15:04:18,090] {logging_mixin.py:112} INFO - [2020-06-17 15:04:18,090] {dagbag.py:396} INFO - Filling up the DagBag from /home/ec2-user/airflow/dags/xcom.py
[2020-06-17 15:04:18,093] {logging_mixin.py:112} WARNING - /usr/lib/python2.7/site-packages/airflow/utils/helpers.py:442: DeprecationWarning: Importing 'PythonOperator' directly from 'airflow.operators' has been deprecated. Please import from 'airflow.operators.[operator_module]' instead. Support for direct imports will be dropped entirely in Airflow 2.0.
  DeprecationWarning)
[2020-06-17 15:04:18,096] {scheduler_job.py:1574} INFO - DAG(s) ['example_xcom'] retrieved from /home/ec2-user/airflow/dags/xcom.py
[2020-06-17 15:04:18,121] {scheduler_job.py:1284} INFO - Processing example_xcom
[2020-06-17 15:04:18,129] {scheduler_job.py:447} INFO - Skipping SLA check for <DAG: example_xcom> because no tasks in DAG have SLAs
[2020-06-17 15:04:18,131] {scheduler_job.py:162} INFO - Processing /home/ec2-user/airflow/dags/xcom.py took 0.046 seconds
[2020-06-17 15:05:18,155] {scheduler_job.py:154} INFO - Started process (PID=4490) to work on /home/ec2-user/airflow/dags/xcom.py
[2020-06-17 15:05:18,159] {scheduler_job.py:1562} INFO - Processing file /home/ec2-user/airflow/dags/xcom.py for tasks to queue
[2020-06-17 15:05:18,159] {logging_mixin.py:112} INFO - [2020-06-17 15:05:18,159] {dagbag.py:396} INFO - Filling up the DagBag from /home/ec2-user/airflow/dags/xcom.py
[2020-06-17 15:05:18,162] {logging_mixin.py:112} WARNING - /usr/lib/python2.7/site-packages/airflow/utils/helpers.py:442: DeprecationWarning: Importing 'PythonOperator' directly from 'airflow.operators' has been deprecated. Please import from 'airflow.operators.[operator_module]' instead. Support for direct imports will be dropped entirely in Airflow 2.0.
  DeprecationWarning)
[2020-06-17 15:05:18,165] {scheduler_job.py:1574} INFO - DAG(s) ['example_xcom'] retrieved from /home/ec2-user/airflow/dags/xcom.py
[2020-06-17 15:05:18,193] {scheduler_job.py:1284} INFO - Processing example_xcom
[2020-06-17 15:05:18,202] {scheduler_job.py:447} INFO - Skipping SLA check for <DAG: example_xcom> because no tasks in DAG have SLAs
[2020-06-17 15:05:18,204] {scheduler_job.py:162} INFO - Processing /home/ec2-user/airflow/dags/xcom.py took 0.049 seconds
[2020-06-17 15:06:18,222] {scheduler_job.py:154} INFO - Started process (PID=4527) to work on /home/ec2-user/airflow/dags/xcom.py
[2020-06-17 15:06:18,226] {scheduler_job.py:1562} INFO - Processing file /home/ec2-user/airflow/dags/xcom.py for tasks to queue
[2020-06-17 15:06:18,226] {logging_mixin.py:112} INFO - [2020-06-17 15:06:18,226] {dagbag.py:396} INFO - Filling up the DagBag from /home/ec2-user/airflow/dags/xcom.py
[2020-06-17 15:06:18,230] {logging_mixin.py:112} WARNING - /usr/lib/python2.7/site-packages/airflow/utils/helpers.py:442: DeprecationWarning: Importing 'PythonOperator' directly from 'airflow.operators' has been deprecated. Please import from 'airflow.operators.[operator_module]' instead. Support for direct imports will be dropped entirely in Airflow 2.0.
  DeprecationWarning)
[2020-06-17 15:06:18,232] {scheduler_job.py:1574} INFO - DAG(s) ['example_xcom'] retrieved from /home/ec2-user/airflow/dags/xcom.py
[2020-06-17 15:06:18,258] {scheduler_job.py:1284} INFO - Processing example_xcom
[2020-06-17 15:06:18,267] {scheduler_job.py:447} INFO - Skipping SLA check for <DAG: example_xcom> because no tasks in DAG have SLAs
[2020-06-17 15:06:18,269] {scheduler_job.py:162} INFO - Processing /home/ec2-user/airflow/dags/xcom.py took 0.048 seconds
[2020-06-17 15:07:18,291] {scheduler_job.py:154} INFO - Started process (PID=4564) to work on /home/ec2-user/airflow/dags/xcom.py
[2020-06-17 15:07:18,294] {scheduler_job.py:1562} INFO - Processing file /home/ec2-user/airflow/dags/xcom.py for tasks to queue
[2020-06-17 15:07:18,295] {logging_mixin.py:112} INFO - [2020-06-17 15:07:18,295] {dagbag.py:396} INFO - Filling up the DagBag from /home/ec2-user/airflow/dags/xcom.py
[2020-06-17 15:07:18,299] {logging_mixin.py:112} WARNING - /usr/lib/python2.7/site-packages/airflow/utils/helpers.py:442: DeprecationWarning: Importing 'PythonOperator' directly from 'airflow.operators' has been deprecated. Please import from 'airflow.operators.[operator_module]' instead. Support for direct imports will be dropped entirely in Airflow 2.0.
  DeprecationWarning)
[2020-06-17 15:07:18,301] {scheduler_job.py:1574} INFO - DAG(s) ['example_xcom'] retrieved from /home/ec2-user/airflow/dags/xcom.py
[2020-06-17 15:07:18,326] {scheduler_job.py:1284} INFO - Processing example_xcom
[2020-06-17 15:07:18,334] {scheduler_job.py:447} INFO - Skipping SLA check for <DAG: example_xcom> because no tasks in DAG have SLAs
[2020-06-17 15:07:18,336] {scheduler_job.py:162} INFO - Processing /home/ec2-user/airflow/dags/xcom.py took 0.046 seconds
[2020-06-17 15:08:18,359] {scheduler_job.py:154} INFO - Started process (PID=4602) to work on /home/ec2-user/airflow/dags/xcom.py
[2020-06-17 15:08:18,363] {scheduler_job.py:1562} INFO - Processing file /home/ec2-user/airflow/dags/xcom.py for tasks to queue
[2020-06-17 15:08:18,364] {logging_mixin.py:112} INFO - [2020-06-17 15:08:18,364] {dagbag.py:396} INFO - Filling up the DagBag from /home/ec2-user/airflow/dags/xcom.py
[2020-06-17 15:08:18,367] {logging_mixin.py:112} WARNING - /usr/lib/python2.7/site-packages/airflow/utils/helpers.py:442: DeprecationWarning: Importing 'PythonOperator' directly from 'airflow.operators' has been deprecated. Please import from 'airflow.operators.[operator_module]' instead. Support for direct imports will be dropped entirely in Airflow 2.0.
  DeprecationWarning)
[2020-06-17 15:08:18,369] {scheduler_job.py:1574} INFO - DAG(s) ['example_xcom'] retrieved from /home/ec2-user/airflow/dags/xcom.py
[2020-06-17 15:08:18,395] {scheduler_job.py:1284} INFO - Processing example_xcom
[2020-06-17 15:08:18,403] {scheduler_job.py:447} INFO - Skipping SLA check for <DAG: example_xcom> because no tasks in DAG have SLAs
[2020-06-17 15:08:18,405] {scheduler_job.py:162} INFO - Processing /home/ec2-user/airflow/dags/xcom.py took 0.046 seconds
[2020-06-17 15:09:18,427] {scheduler_job.py:154} INFO - Started process (PID=4639) to work on /home/ec2-user/airflow/dags/xcom.py
[2020-06-17 15:09:18,431] {scheduler_job.py:1562} INFO - Processing file /home/ec2-user/airflow/dags/xcom.py for tasks to queue
[2020-06-17 15:09:18,431] {logging_mixin.py:112} INFO - [2020-06-17 15:09:18,431] {dagbag.py:396} INFO - Filling up the DagBag from /home/ec2-user/airflow/dags/xcom.py
[2020-06-17 15:09:18,434] {logging_mixin.py:112} WARNING - /usr/lib/python2.7/site-packages/airflow/utils/helpers.py:442: DeprecationWarning: Importing 'PythonOperator' directly from 'airflow.operators' has been deprecated. Please import from 'airflow.operators.[operator_module]' instead. Support for direct imports will be dropped entirely in Airflow 2.0.
  DeprecationWarning)
[2020-06-17 15:09:18,437] {scheduler_job.py:1574} INFO - DAG(s) ['example_xcom'] retrieved from /home/ec2-user/airflow/dags/xcom.py
[2020-06-17 15:09:18,463] {scheduler_job.py:1284} INFO - Processing example_xcom
[2020-06-17 15:09:18,471] {scheduler_job.py:447} INFO - Skipping SLA check for <DAG: example_xcom> because no tasks in DAG have SLAs
[2020-06-17 15:09:18,473] {scheduler_job.py:162} INFO - Processing /home/ec2-user/airflow/dags/xcom.py took 0.046 seconds
[2020-06-17 15:10:18,495] {scheduler_job.py:154} INFO - Started process (PID=4682) to work on /home/ec2-user/airflow/dags/xcom.py
[2020-06-17 15:10:18,498] {scheduler_job.py:1562} INFO - Processing file /home/ec2-user/airflow/dags/xcom.py for tasks to queue
[2020-06-17 15:10:18,499] {logging_mixin.py:112} INFO - [2020-06-17 15:10:18,499] {dagbag.py:396} INFO - Filling up the DagBag from /home/ec2-user/airflow/dags/xcom.py
[2020-06-17 15:10:18,502] {logging_mixin.py:112} WARNING - /usr/lib/python2.7/site-packages/airflow/utils/helpers.py:442: DeprecationWarning: Importing 'PythonOperator' directly from 'airflow.operators' has been deprecated. Please import from 'airflow.operators.[operator_module]' instead. Support for direct imports will be dropped entirely in Airflow 2.0.
  DeprecationWarning)
[2020-06-17 15:10:18,505] {scheduler_job.py:1574} INFO - DAG(s) ['example_xcom'] retrieved from /home/ec2-user/airflow/dags/xcom.py
[2020-06-17 15:10:18,530] {scheduler_job.py:1284} INFO - Processing example_xcom
[2020-06-17 15:10:18,538] {scheduler_job.py:447} INFO - Skipping SLA check for <DAG: example_xcom> because no tasks in DAG have SLAs
[2020-06-17 15:10:18,540] {scheduler_job.py:162} INFO - Processing /home/ec2-user/airflow/dags/xcom.py took 0.045 seconds
[2020-06-17 15:11:18,565] {scheduler_job.py:154} INFO - Started process (PID=4719) to work on /home/ec2-user/airflow/dags/xcom.py
[2020-06-17 15:11:18,569] {scheduler_job.py:1562} INFO - Processing file /home/ec2-user/airflow/dags/xcom.py for tasks to queue
[2020-06-17 15:11:18,569] {logging_mixin.py:112} INFO - [2020-06-17 15:11:18,569] {dagbag.py:396} INFO - Filling up the DagBag from /home/ec2-user/airflow/dags/xcom.py
[2020-06-17 15:11:18,572] {logging_mixin.py:112} WARNING - /usr/lib/python2.7/site-packages/airflow/utils/helpers.py:442: DeprecationWarning: Importing 'PythonOperator' directly from 'airflow.operators' has been deprecated. Please import from 'airflow.operators.[operator_module]' instead. Support for direct imports will be dropped entirely in Airflow 2.0.
  DeprecationWarning)
[2020-06-17 15:11:18,575] {scheduler_job.py:1574} INFO - DAG(s) ['example_xcom'] retrieved from /home/ec2-user/airflow/dags/xcom.py
[2020-06-17 15:11:18,600] {scheduler_job.py:1284} INFO - Processing example_xcom
[2020-06-17 15:11:18,609] {scheduler_job.py:447} INFO - Skipping SLA check for <DAG: example_xcom> because no tasks in DAG have SLAs
[2020-06-17 15:11:18,611] {scheduler_job.py:162} INFO - Processing /home/ec2-user/airflow/dags/xcom.py took 0.046 seconds
[2020-06-17 15:12:18,632] {scheduler_job.py:154} INFO - Started process (PID=4756) to work on /home/ec2-user/airflow/dags/xcom.py
[2020-06-17 15:12:18,636] {scheduler_job.py:1562} INFO - Processing file /home/ec2-user/airflow/dags/xcom.py for tasks to queue
[2020-06-17 15:12:18,637] {logging_mixin.py:112} INFO - [2020-06-17 15:12:18,636] {dagbag.py:396} INFO - Filling up the DagBag from /home/ec2-user/airflow/dags/xcom.py
[2020-06-17 15:12:18,640] {logging_mixin.py:112} WARNING - /usr/lib/python2.7/site-packages/airflow/utils/helpers.py:442: DeprecationWarning: Importing 'PythonOperator' directly from 'airflow.operators' has been deprecated. Please import from 'airflow.operators.[operator_module]' instead. Support for direct imports will be dropped entirely in Airflow 2.0.
  DeprecationWarning)
[2020-06-17 15:12:18,643] {scheduler_job.py:1574} INFO - DAG(s) ['example_xcom'] retrieved from /home/ec2-user/airflow/dags/xcom.py
[2020-06-17 15:12:18,667] {scheduler_job.py:1284} INFO - Processing example_xcom
[2020-06-17 15:12:18,676] {scheduler_job.py:447} INFO - Skipping SLA check for <DAG: example_xcom> because no tasks in DAG have SLAs
[2020-06-17 15:12:18,678] {scheduler_job.py:162} INFO - Processing /home/ec2-user/airflow/dags/xcom.py took 0.046 seconds
[2020-06-17 15:13:18,701] {scheduler_job.py:154} INFO - Started process (PID=4800) to work on /home/ec2-user/airflow/dags/xcom.py
[2020-06-17 15:13:18,705] {scheduler_job.py:1562} INFO - Processing file /home/ec2-user/airflow/dags/xcom.py for tasks to queue
[2020-06-17 15:13:18,705] {logging_mixin.py:112} INFO - [2020-06-17 15:13:18,705] {dagbag.py:396} INFO - Filling up the DagBag from /home/ec2-user/airflow/dags/xcom.py
[2020-06-17 15:13:18,709] {logging_mixin.py:112} WARNING - /usr/lib/python2.7/site-packages/airflow/utils/helpers.py:442: DeprecationWarning: Importing 'PythonOperator' directly from 'airflow.operators' has been deprecated. Please import from 'airflow.operators.[operator_module]' instead. Support for direct imports will be dropped entirely in Airflow 2.0.
  DeprecationWarning)
[2020-06-17 15:13:18,711] {scheduler_job.py:1574} INFO - DAG(s) ['example_xcom'] retrieved from /home/ec2-user/airflow/dags/xcom.py
[2020-06-17 15:13:18,736] {scheduler_job.py:1284} INFO - Processing example_xcom
[2020-06-17 15:13:18,744] {scheduler_job.py:447} INFO - Skipping SLA check for <DAG: example_xcom> because no tasks in DAG have SLAs
[2020-06-17 15:13:18,747] {scheduler_job.py:162} INFO - Processing /home/ec2-user/airflow/dags/xcom.py took 0.046 seconds
[2020-06-17 15:14:18,770] {scheduler_job.py:154} INFO - Started process (PID=4837) to work on /home/ec2-user/airflow/dags/xcom.py
[2020-06-17 15:14:18,774] {scheduler_job.py:1562} INFO - Processing file /home/ec2-user/airflow/dags/xcom.py for tasks to queue
[2020-06-17 15:14:18,775] {logging_mixin.py:112} INFO - [2020-06-17 15:14:18,775] {dagbag.py:396} INFO - Filling up the DagBag from /home/ec2-user/airflow/dags/xcom.py
[2020-06-17 15:14:18,778] {logging_mixin.py:112} WARNING - /usr/lib/python2.7/site-packages/airflow/utils/helpers.py:442: DeprecationWarning: Importing 'PythonOperator' directly from 'airflow.operators' has been deprecated. Please import from 'airflow.operators.[operator_module]' instead. Support for direct imports will be dropped entirely in Airflow 2.0.
  DeprecationWarning)
[2020-06-17 15:14:18,780] {scheduler_job.py:1574} INFO - DAG(s) ['example_xcom'] retrieved from /home/ec2-user/airflow/dags/xcom.py
[2020-06-17 15:14:18,805] {scheduler_job.py:1284} INFO - Processing example_xcom
[2020-06-17 15:14:18,813] {scheduler_job.py:447} INFO - Skipping SLA check for <DAG: example_xcom> because no tasks in DAG have SLAs
[2020-06-17 15:14:18,815] {scheduler_job.py:162} INFO - Processing /home/ec2-user/airflow/dags/xcom.py took 0.045 seconds
