[2020-06-17 06:19:54,711] {taskinstance.py:669} INFO - Dependencies all met for <TaskInstance: tutorial.templated 2020-06-15T00:00:00+00:00 [queued]>
[2020-06-17 06:19:54,723] {taskinstance.py:669} INFO - Dependencies all met for <TaskInstance: tutorial.templated 2020-06-15T00:00:00+00:00 [queued]>
[2020-06-17 06:19:54,723] {taskinstance.py:879} INFO - 
--------------------------------------------------------------------------------
[2020-06-17 06:19:54,723] {taskinstance.py:880} INFO - Starting attempt 1 of 2
[2020-06-17 06:19:54,723] {taskinstance.py:881} INFO - 
--------------------------------------------------------------------------------
[2020-06-17 06:19:54,732] {taskinstance.py:900} INFO - Executing <Task(BashOperator): templated> on 2020-06-15T00:00:00+00:00
[2020-06-17 06:19:54,733] {standard_task_runner.py:53} INFO - Started process 5393 to run task
[2020-06-17 06:19:54,788] {logging_mixin.py:112} INFO - Running %s on host %s <TaskInstance: tutorial.templated 2020-06-15T00:00:00+00:00 [running]> ip-172-31-76-14.ec2.internal
[2020-06-17 06:19:54,803] {bash_operator.py:82} INFO - Tmp dir root location: 
 /tmp
[2020-06-17 06:19:54,805] {bash_operator.py:105} INFO - Temporary script location: /tmp/airflowtmp4pPmKa/templatedLseNuS
[2020-06-17 06:19:54,805] {bash_operator.py:115} INFO - Running command: 

    echo "2020-06-15"
    echo "2020-06-22"
    echo "Parameter I passed in"

    echo "2020-06-15"
    echo "2020-06-22"
    echo "Parameter I passed in"

    echo "2020-06-15"
    echo "2020-06-22"
    echo "Parameter I passed in"

    echo "2020-06-15"
    echo "2020-06-22"
    echo "Parameter I passed in"

    echo "2020-06-15"
    echo "2020-06-22"
    echo "Parameter I passed in"

[2020-06-17 06:19:54,808] {bash_operator.py:122} INFO - Output:
[2020-06-17 06:19:54,809] {bash_operator.py:126} INFO - 2020-06-15
[2020-06-17 06:19:54,809] {bash_operator.py:126} INFO - 2020-06-22
[2020-06-17 06:19:54,809] {bash_operator.py:126} INFO - Parameter I passed in
[2020-06-17 06:19:54,810] {bash_operator.py:126} INFO - 2020-06-15
[2020-06-17 06:19:54,810] {bash_operator.py:126} INFO - 2020-06-22
[2020-06-17 06:19:54,810] {bash_operator.py:126} INFO - Parameter I passed in
[2020-06-17 06:19:54,810] {bash_operator.py:126} INFO - 2020-06-15
[2020-06-17 06:19:54,810] {bash_operator.py:126} INFO - 2020-06-22
[2020-06-17 06:19:54,810] {bash_operator.py:126} INFO - Parameter I passed in
[2020-06-17 06:19:54,810] {bash_operator.py:126} INFO - 2020-06-15
[2020-06-17 06:19:54,810] {bash_operator.py:126} INFO - 2020-06-22
[2020-06-17 06:19:54,811] {bash_operator.py:126} INFO - Parameter I passed in
[2020-06-17 06:19:54,811] {bash_operator.py:126} INFO - 2020-06-15
[2020-06-17 06:19:54,811] {bash_operator.py:126} INFO - 2020-06-22
[2020-06-17 06:19:54,811] {bash_operator.py:126} INFO - Parameter I passed in
[2020-06-17 06:19:54,811] {bash_operator.py:130} INFO - Command exited with return code 0
[2020-06-17 06:19:54,817] {taskinstance.py:1065} INFO - Marking task as SUCCESS.dag_id=tutorial, task_id=templated, execution_date=20200615T000000, start_date=20200617T061954, end_date=20200617T061954
[2020-06-17 06:20:04,706] {logging_mixin.py:112} INFO - [2020-06-17 06:20:04,706] {local_task_job.py:103} INFO - Task exited with return code 0
