[2020-06-17 06:19:10,328] {taskinstance.py:669} INFO - Dependencies all met for <TaskInstance: tutorial.templated 2020-06-17T06:00:17.490052+00:00 [queued]>
[2020-06-17 06:19:10,341] {taskinstance.py:669} INFO - Dependencies all met for <TaskInstance: tutorial.templated 2020-06-17T06:00:17.490052+00:00 [queued]>
[2020-06-17 06:19:10,341] {taskinstance.py:879} INFO - 
--------------------------------------------------------------------------------
[2020-06-17 06:19:10,342] {taskinstance.py:880} INFO - Starting attempt 1 of 2
[2020-06-17 06:19:10,342] {taskinstance.py:881} INFO - 
--------------------------------------------------------------------------------
[2020-06-17 06:19:10,351] {taskinstance.py:900} INFO - Executing <Task(BashOperator): templated> on 2020-06-17T06:00:17.490052+00:00
[2020-06-17 06:19:10,353] {standard_task_runner.py:53} INFO - Started process 5363 to run task
[2020-06-17 06:19:10,410] {logging_mixin.py:112} INFO - Running %s on host %s <TaskInstance: tutorial.templated 2020-06-17T06:00:17.490052+00:00 [running]> ip-172-31-76-14.ec2.internal
[2020-06-17 06:19:10,425] {bash_operator.py:82} INFO - Tmp dir root location: 
 /tmp
[2020-06-17 06:19:10,427] {bash_operator.py:105} INFO - Temporary script location: /tmp/airflowtmpWclEhE/templatedialS6S
[2020-06-17 06:19:10,427] {bash_operator.py:115} INFO - Running command: 

    echo "2020-06-17"
    echo "2020-06-24"
    echo "Parameter I passed in"

    echo "2020-06-17"
    echo "2020-06-24"
    echo "Parameter I passed in"

    echo "2020-06-17"
    echo "2020-06-24"
    echo "Parameter I passed in"

    echo "2020-06-17"
    echo "2020-06-24"
    echo "Parameter I passed in"

    echo "2020-06-17"
    echo "2020-06-24"
    echo "Parameter I passed in"

[2020-06-17 06:19:10,431] {bash_operator.py:122} INFO - Output:
[2020-06-17 06:19:10,432] {bash_operator.py:126} INFO - 2020-06-17
[2020-06-17 06:19:10,432] {bash_operator.py:126} INFO - 2020-06-24
[2020-06-17 06:19:10,432] {bash_operator.py:126} INFO - Parameter I passed in
[2020-06-17 06:19:10,433] {bash_operator.py:126} INFO - 2020-06-17
[2020-06-17 06:19:10,433] {bash_operator.py:126} INFO - 2020-06-24
[2020-06-17 06:19:10,433] {bash_operator.py:126} INFO - Parameter I passed in
[2020-06-17 06:19:10,433] {bash_operator.py:126} INFO - 2020-06-17
[2020-06-17 06:19:10,433] {bash_operator.py:126} INFO - 2020-06-24
[2020-06-17 06:19:10,433] {bash_operator.py:126} INFO - Parameter I passed in
[2020-06-17 06:19:10,433] {bash_operator.py:126} INFO - 2020-06-17
[2020-06-17 06:19:10,433] {bash_operator.py:126} INFO - 2020-06-24
[2020-06-17 06:19:10,434] {bash_operator.py:126} INFO - Parameter I passed in
[2020-06-17 06:19:10,434] {bash_operator.py:126} INFO - 2020-06-17
[2020-06-17 06:19:10,434] {bash_operator.py:126} INFO - 2020-06-24
[2020-06-17 06:19:10,434] {bash_operator.py:126} INFO - Parameter I passed in
[2020-06-17 06:19:10,434] {bash_operator.py:130} INFO - Command exited with return code 0
[2020-06-17 06:19:10,441] {taskinstance.py:1065} INFO - Marking task as SUCCESS.dag_id=tutorial, task_id=templated, execution_date=20200617T060017, start_date=20200617T061910, end_date=20200617T061910
[2020-06-17 06:19:20,320] {logging_mixin.py:112} INFO - [2020-06-17 06:19:20,319] {local_task_job.py:103} INFO - Task exited with return code 0
