[2020-06-17 06:19:32,505] {taskinstance.py:669} INFO - Dependencies all met for <TaskInstance: tutorial.templated 2020-06-17T06:01:22.475295+00:00 [queued]>
[2020-06-17 06:19:32,517] {taskinstance.py:669} INFO - Dependencies all met for <TaskInstance: tutorial.templated 2020-06-17T06:01:22.475295+00:00 [queued]>
[2020-06-17 06:19:32,517] {taskinstance.py:879} INFO - 
--------------------------------------------------------------------------------
[2020-06-17 06:19:32,517] {taskinstance.py:880} INFO - Starting attempt 1 of 2
[2020-06-17 06:19:32,517] {taskinstance.py:881} INFO - 
--------------------------------------------------------------------------------
[2020-06-17 06:19:32,525] {taskinstance.py:900} INFO - Executing <Task(BashOperator): templated> on 2020-06-17T06:01:22.475295+00:00
[2020-06-17 06:19:32,527] {standard_task_runner.py:53} INFO - Started process 5378 to run task
[2020-06-17 06:19:32,585] {logging_mixin.py:112} INFO - Running %s on host %s <TaskInstance: tutorial.templated 2020-06-17T06:01:22.475295+00:00 [running]> ip-172-31-76-14.ec2.internal
[2020-06-17 06:19:32,600] {bash_operator.py:82} INFO - Tmp dir root location: 
 /tmp
[2020-06-17 06:19:32,601] {bash_operator.py:105} INFO - Temporary script location: /tmp/airflowtmpWFcQMb/templatedFbHmB_
[2020-06-17 06:19:32,602] {bash_operator.py:115} INFO - Running command: 

    echo "2020-06-17"
    echo "2020-06-24"
    echo "Parameter I passed in"

    echo "2020-06-17"
    echo "2020-06-24"
    echo "Parameter I passed in"

    echo "2020-06-17"
    echo "2020-06-24"
    echo "Parameter I passed in"

    echo "2020-06-17"
    echo "2020-06-24"
    echo "Parameter I passed in"

    echo "2020-06-17"
    echo "2020-06-24"
    echo "Parameter I passed in"

[2020-06-17 06:19:32,605] {bash_operator.py:122} INFO - Output:
[2020-06-17 06:19:32,606] {bash_operator.py:126} INFO - 2020-06-17
[2020-06-17 06:19:32,606] {bash_operator.py:126} INFO - 2020-06-24
[2020-06-17 06:19:32,607] {bash_operator.py:126} INFO - Parameter I passed in
[2020-06-17 06:19:32,607] {bash_operator.py:126} INFO - 2020-06-17
[2020-06-17 06:19:32,607] {bash_operator.py:126} INFO - 2020-06-24
[2020-06-17 06:19:32,607] {bash_operator.py:126} INFO - Parameter I passed in
[2020-06-17 06:19:32,607] {bash_operator.py:126} INFO - 2020-06-17
[2020-06-17 06:19:32,607] {bash_operator.py:126} INFO - 2020-06-24
[2020-06-17 06:19:32,607] {bash_operator.py:126} INFO - Parameter I passed in
[2020-06-17 06:19:32,607] {bash_operator.py:126} INFO - 2020-06-17
[2020-06-17 06:19:32,608] {bash_operator.py:126} INFO - 2020-06-24
[2020-06-17 06:19:32,608] {bash_operator.py:126} INFO - Parameter I passed in
[2020-06-17 06:19:32,608] {bash_operator.py:126} INFO - 2020-06-17
[2020-06-17 06:19:32,608] {bash_operator.py:126} INFO - 2020-06-24
[2020-06-17 06:19:32,608] {bash_operator.py:126} INFO - Parameter I passed in
[2020-06-17 06:19:32,608] {bash_operator.py:130} INFO - Command exited with return code 0
[2020-06-17 06:19:32,614] {taskinstance.py:1065} INFO - Marking task as SUCCESS.dag_id=tutorial, task_id=templated, execution_date=20200617T060122, start_date=20200617T061932, end_date=20200617T061932
[2020-06-17 06:19:42,500] {logging_mixin.py:112} INFO - [2020-06-17 06:19:42,500] {local_task_job.py:103} INFO - Task exited with return code 0
