[2020-06-24 05:49:51,440] {scheduler_job.py:154} INFO - Started process (PID=5148) to work on /home/ec2-user/airflow/dags/ding.py
[2020-06-24 05:49:51,444] {scheduler_job.py:1562} INFO - Processing file /home/ec2-user/airflow/dags/ding.py for tasks to queue
[2020-06-24 05:49:51,444] {logging_mixin.py:112} INFO - [2020-06-24 05:49:51,444] {dagbag.py:396} INFO - Filling up the DagBag from /home/ec2-user/airflow/dags/ding.py
[2020-06-24 05:49:51,464] {scheduler_job.py:1574} INFO - DAG(s) ['dingding_example'] retrieved from /home/ec2-user/airflow/dags/ding.py
[2020-06-24 05:49:51,483] {scheduler_job.py:162} INFO - Processing /home/ec2-user/airflow/dags/ding.py took 0.044 seconds
[2020-06-24 05:51:27,925] {scheduler_job.py:154} INFO - Started process (PID=5220) to work on /home/ec2-user/airflow/dags/ding.py
[2020-06-24 05:51:27,928] {scheduler_job.py:1562} INFO - Processing file /home/ec2-user/airflow/dags/ding.py for tasks to queue
[2020-06-24 05:51:27,929] {logging_mixin.py:112} INFO - [2020-06-24 05:51:27,929] {dagbag.py:396} INFO - Filling up the DagBag from /home/ec2-user/airflow/dags/ding.py
[2020-06-24 05:51:27,949] {scheduler_job.py:1574} INFO - DAG(s) ['dingding_example'] retrieved from /home/ec2-user/airflow/dags/ding.py
[2020-06-24 05:51:27,967] {scheduler_job.py:162} INFO - Processing /home/ec2-user/airflow/dags/ding.py took 0.043 seconds
[2020-06-24 05:53:04,385] {scheduler_job.py:154} INFO - Started process (PID=5283) to work on /home/ec2-user/airflow/dags/ding.py
[2020-06-24 05:53:04,389] {scheduler_job.py:1562} INFO - Processing file /home/ec2-user/airflow/dags/ding.py for tasks to queue
[2020-06-24 05:53:04,390] {logging_mixin.py:112} INFO - [2020-06-24 05:53:04,390] {dagbag.py:396} INFO - Filling up the DagBag from /home/ec2-user/airflow/dags/ding.py
[2020-06-24 05:53:04,410] {scheduler_job.py:1574} INFO - DAG(s) ['dingding_example'] retrieved from /home/ec2-user/airflow/dags/ding.py
[2020-06-24 05:53:04,429] {scheduler_job.py:162} INFO - Processing /home/ec2-user/airflow/dags/ding.py took 0.044 seconds
[2020-06-24 05:54:40,869] {scheduler_job.py:154} INFO - Started process (PID=5344) to work on /home/ec2-user/airflow/dags/ding.py
[2020-06-24 05:54:40,873] {scheduler_job.py:1562} INFO - Processing file /home/ec2-user/airflow/dags/ding.py for tasks to queue
[2020-06-24 05:54:40,873] {logging_mixin.py:112} INFO - [2020-06-24 05:54:40,873] {dagbag.py:396} INFO - Filling up the DagBag from /home/ec2-user/airflow/dags/ding.py
[2020-06-24 05:54:40,890] {scheduler_job.py:1574} INFO - DAG(s) ['dingding_example'] retrieved from /home/ec2-user/airflow/dags/ding.py
[2020-06-24 05:54:40,908] {scheduler_job.py:162} INFO - Processing /home/ec2-user/airflow/dags/ding.py took 0.039 seconds
[2020-06-24 05:56:17,356] {scheduler_job.py:154} INFO - Started process (PID=5496) to work on /home/ec2-user/airflow/dags/ding.py
[2020-06-24 05:56:17,360] {scheduler_job.py:1562} INFO - Processing file /home/ec2-user/airflow/dags/ding.py for tasks to queue
[2020-06-24 05:56:17,361] {logging_mixin.py:112} INFO - [2020-06-24 05:56:17,361] {dagbag.py:396} INFO - Filling up the DagBag from /home/ec2-user/airflow/dags/ding.py
[2020-06-24 05:56:17,378] {scheduler_job.py:1574} INFO - DAG(s) ['dingding_example'] retrieved from /home/ec2-user/airflow/dags/ding.py
[2020-06-24 05:56:17,397] {scheduler_job.py:162} INFO - Processing /home/ec2-user/airflow/dags/ding.py took 0.040 seconds
[2020-06-24 05:57:53,830] {scheduler_job.py:154} INFO - Started process (PID=5568) to work on /home/ec2-user/airflow/dags/ding.py
[2020-06-24 05:57:53,834] {scheduler_job.py:1562} INFO - Processing file /home/ec2-user/airflow/dags/ding.py for tasks to queue
[2020-06-24 05:57:53,834] {logging_mixin.py:112} INFO - [2020-06-24 05:57:53,834] {dagbag.py:396} INFO - Filling up the DagBag from /home/ec2-user/airflow/dags/ding.py
[2020-06-24 05:57:53,852] {scheduler_job.py:1574} INFO - DAG(s) ['dingding_example'] retrieved from /home/ec2-user/airflow/dags/ding.py
[2020-06-24 05:57:53,871] {scheduler_job.py:162} INFO - Processing /home/ec2-user/airflow/dags/ding.py took 0.041 seconds
[2020-06-24 05:59:51,639] {scheduler_job.py:154} INFO - Started process (PID=5702) to work on /home/ec2-user/airflow/dags/ding.py
[2020-06-24 05:59:51,643] {scheduler_job.py:1562} INFO - Processing file /home/ec2-user/airflow/dags/ding.py for tasks to queue
[2020-06-24 05:59:51,643] {logging_mixin.py:112} INFO - [2020-06-24 05:59:51,643] {dagbag.py:396} INFO - Filling up the DagBag from /home/ec2-user/airflow/dags/ding.py
[2020-06-24 05:59:51,661] {scheduler_job.py:1574} INFO - DAG(s) ['dingding_example'] retrieved from /home/ec2-user/airflow/dags/ding.py
[2020-06-24 05:59:51,680] {scheduler_job.py:162} INFO - Processing /home/ec2-user/airflow/dags/ding.py took 0.041 seconds
[2020-06-24 06:01:38,323] {scheduler_job.py:154} INFO - Started process (PID=5802) to work on /home/ec2-user/airflow/dags/ding.py
[2020-06-24 06:01:38,327] {scheduler_job.py:1562} INFO - Processing file /home/ec2-user/airflow/dags/ding.py for tasks to queue
[2020-06-24 06:01:38,327] {logging_mixin.py:112} INFO - [2020-06-24 06:01:38,327] {dagbag.py:396} INFO - Filling up the DagBag from /home/ec2-user/airflow/dags/ding.py
[2020-06-24 06:01:38,345] {scheduler_job.py:1574} INFO - DAG(s) ['dingding_example'] retrieved from /home/ec2-user/airflow/dags/ding.py
[2020-06-24 06:01:38,365] {scheduler_job.py:162} INFO - Processing /home/ec2-user/airflow/dags/ding.py took 0.042 seconds
[2020-06-24 06:03:25,107] {scheduler_job.py:154} INFO - Started process (PID=5884) to work on /home/ec2-user/airflow/dags/ding.py
[2020-06-24 06:03:25,111] {scheduler_job.py:1562} INFO - Processing file /home/ec2-user/airflow/dags/ding.py for tasks to queue
[2020-06-24 06:03:25,111] {logging_mixin.py:112} INFO - [2020-06-24 06:03:25,111] {dagbag.py:396} INFO - Filling up the DagBag from /home/ec2-user/airflow/dags/ding.py
[2020-06-24 06:03:25,129] {scheduler_job.py:1574} INFO - DAG(s) ['dingding_example'] retrieved from /home/ec2-user/airflow/dags/ding.py
[2020-06-24 06:03:25,148] {scheduler_job.py:162} INFO - Processing /home/ec2-user/airflow/dags/ding.py took 0.041 seconds
[2020-06-24 06:05:11,779] {scheduler_job.py:154} INFO - Started process (PID=5963) to work on /home/ec2-user/airflow/dags/ding.py
[2020-06-24 06:05:11,784] {scheduler_job.py:1562} INFO - Processing file /home/ec2-user/airflow/dags/ding.py for tasks to queue
[2020-06-24 06:05:11,785] {logging_mixin.py:112} INFO - [2020-06-24 06:05:11,784] {dagbag.py:396} INFO - Filling up the DagBag from /home/ec2-user/airflow/dags/ding.py
[2020-06-24 06:05:11,802] {scheduler_job.py:1574} INFO - DAG(s) ['dingding_example'] retrieved from /home/ec2-user/airflow/dags/ding.py
[2020-06-24 06:05:11,821] {scheduler_job.py:162} INFO - Processing /home/ec2-user/airflow/dags/ding.py took 0.042 seconds
[2020-06-24 06:06:58,509] {scheduler_job.py:154} INFO - Started process (PID=6045) to work on /home/ec2-user/airflow/dags/ding.py
[2020-06-24 06:06:58,513] {scheduler_job.py:1562} INFO - Processing file /home/ec2-user/airflow/dags/ding.py for tasks to queue
[2020-06-24 06:06:58,514] {logging_mixin.py:112} INFO - [2020-06-24 06:06:58,514] {dagbag.py:396} INFO - Filling up the DagBag from /home/ec2-user/airflow/dags/ding.py
[2020-06-24 06:06:58,532] {scheduler_job.py:1574} INFO - DAG(s) ['dingding_example'] retrieved from /home/ec2-user/airflow/dags/ding.py
[2020-06-24 06:06:58,552] {scheduler_job.py:162} INFO - Processing /home/ec2-user/airflow/dags/ding.py took 0.043 seconds
[2020-06-24 06:08:45,194] {scheduler_job.py:154} INFO - Started process (PID=6127) to work on /home/ec2-user/airflow/dags/ding.py
[2020-06-24 06:08:45,197] {scheduler_job.py:1562} INFO - Processing file /home/ec2-user/airflow/dags/ding.py for tasks to queue
[2020-06-24 06:08:45,198] {logging_mixin.py:112} INFO - [2020-06-24 06:08:45,198] {dagbag.py:396} INFO - Filling up the DagBag from /home/ec2-user/airflow/dags/ding.py
[2020-06-24 06:08:45,215] {scheduler_job.py:1574} INFO - DAG(s) ['dingding_example'] retrieved from /home/ec2-user/airflow/dags/ding.py
[2020-06-24 06:08:45,234] {scheduler_job.py:162} INFO - Processing /home/ec2-user/airflow/dags/ding.py took 0.041 seconds
[2020-06-24 06:10:31,878] {scheduler_job.py:154} INFO - Started process (PID=6212) to work on /home/ec2-user/airflow/dags/ding.py
[2020-06-24 06:10:31,882] {scheduler_job.py:1562} INFO - Processing file /home/ec2-user/airflow/dags/ding.py for tasks to queue
[2020-06-24 06:10:31,882] {logging_mixin.py:112} INFO - [2020-06-24 06:10:31,882] {dagbag.py:396} INFO - Filling up the DagBag from /home/ec2-user/airflow/dags/ding.py
[2020-06-24 06:10:31,900] {scheduler_job.py:1574} INFO - DAG(s) ['dingding_example'] retrieved from /home/ec2-user/airflow/dags/ding.py
[2020-06-24 06:10:31,919] {scheduler_job.py:162} INFO - Processing /home/ec2-user/airflow/dags/ding.py took 0.041 seconds
[2020-06-24 06:12:18,561] {scheduler_job.py:154} INFO - Started process (PID=6296) to work on /home/ec2-user/airflow/dags/ding.py
[2020-06-24 06:12:18,565] {scheduler_job.py:1562} INFO - Processing file /home/ec2-user/airflow/dags/ding.py for tasks to queue
[2020-06-24 06:12:18,565] {logging_mixin.py:112} INFO - [2020-06-24 06:12:18,565] {dagbag.py:396} INFO - Filling up the DagBag from /home/ec2-user/airflow/dags/ding.py
[2020-06-24 06:12:18,583] {scheduler_job.py:1574} INFO - DAG(s) ['dingding_example'] retrieved from /home/ec2-user/airflow/dags/ding.py
[2020-06-24 06:12:18,602] {scheduler_job.py:162} INFO - Processing /home/ec2-user/airflow/dags/ding.py took 0.041 seconds
[2020-06-24 06:14:05,866] {scheduler_job.py:154} INFO - Started process (PID=6376) to work on /home/ec2-user/airflow/dags/ding.py
[2020-06-24 06:14:05,870] {scheduler_job.py:1562} INFO - Processing file /home/ec2-user/airflow/dags/ding.py for tasks to queue
[2020-06-24 06:14:05,870] {logging_mixin.py:112} INFO - [2020-06-24 06:14:05,870] {dagbag.py:396} INFO - Filling up the DagBag from /home/ec2-user/airflow/dags/ding.py
[2020-06-24 06:14:05,888] {scheduler_job.py:1574} INFO - DAG(s) ['dingding_example'] retrieved from /home/ec2-user/airflow/dags/ding.py
[2020-06-24 06:14:05,907] {scheduler_job.py:162} INFO - Processing /home/ec2-user/airflow/dags/ding.py took 0.041 seconds
[2020-06-24 06:15:52,594] {scheduler_job.py:154} INFO - Started process (PID=6456) to work on /home/ec2-user/airflow/dags/ding.py
[2020-06-24 06:15:52,607] {scheduler_job.py:1562} INFO - Processing file /home/ec2-user/airflow/dags/ding.py for tasks to queue
[2020-06-24 06:15:52,607] {logging_mixin.py:112} INFO - [2020-06-24 06:15:52,607] {dagbag.py:396} INFO - Filling up the DagBag from /home/ec2-user/airflow/dags/ding.py
[2020-06-24 06:15:52,625] {scheduler_job.py:1574} INFO - DAG(s) ['dingding_example'] retrieved from /home/ec2-user/airflow/dags/ding.py
[2020-06-24 06:15:52,644] {scheduler_job.py:162} INFO - Processing /home/ec2-user/airflow/dags/ding.py took 0.050 seconds
[2020-06-24 06:17:39,295] {scheduler_job.py:154} INFO - Started process (PID=6539) to work on /home/ec2-user/airflow/dags/ding.py
[2020-06-24 06:17:39,301] {scheduler_job.py:1562} INFO - Processing file /home/ec2-user/airflow/dags/ding.py for tasks to queue
[2020-06-24 06:17:39,302] {logging_mixin.py:112} INFO - [2020-06-24 06:17:39,302] {dagbag.py:396} INFO - Filling up the DagBag from /home/ec2-user/airflow/dags/ding.py
[2020-06-24 06:17:39,319] {scheduler_job.py:1574} INFO - DAG(s) ['dingding_example'] retrieved from /home/ec2-user/airflow/dags/ding.py
[2020-06-24 06:17:39,338] {scheduler_job.py:162} INFO - Processing /home/ec2-user/airflow/dags/ding.py took 0.043 seconds
[2020-06-24 06:19:25,999] {scheduler_job.py:154} INFO - Started process (PID=6619) to work on /home/ec2-user/airflow/dags/ding.py
[2020-06-24 06:19:26,003] {scheduler_job.py:1562} INFO - Processing file /home/ec2-user/airflow/dags/ding.py for tasks to queue
[2020-06-24 06:19:26,003] {logging_mixin.py:112} INFO - [2020-06-24 06:19:26,003] {dagbag.py:396} INFO - Filling up the DagBag from /home/ec2-user/airflow/dags/ding.py
[2020-06-24 06:19:26,021] {scheduler_job.py:1574} INFO - DAG(s) ['dingding_example'] retrieved from /home/ec2-user/airflow/dags/ding.py
[2020-06-24 06:19:26,040] {scheduler_job.py:162} INFO - Processing /home/ec2-user/airflow/dags/ding.py took 0.041 seconds
[2020-06-24 06:21:12,698] {scheduler_job.py:154} INFO - Started process (PID=6707) to work on /home/ec2-user/airflow/dags/ding.py
[2020-06-24 06:21:12,701] {scheduler_job.py:1562} INFO - Processing file /home/ec2-user/airflow/dags/ding.py for tasks to queue
[2020-06-24 06:21:12,702] {logging_mixin.py:112} INFO - [2020-06-24 06:21:12,702] {dagbag.py:396} INFO - Filling up the DagBag from /home/ec2-user/airflow/dags/ding.py
[2020-06-24 06:21:12,720] {scheduler_job.py:1574} INFO - DAG(s) ['dingding_example'] retrieved from /home/ec2-user/airflow/dags/ding.py
[2020-06-24 06:21:12,739] {scheduler_job.py:162} INFO - Processing /home/ec2-user/airflow/dags/ding.py took 0.041 seconds
