[2020-06-24 05:49:45,433] {scheduler_job.py:154} INFO - Started process (PID=5145) to work on /home/ec2-user/airflow/dags/slackcre.py
[2020-06-24 05:49:45,437] {scheduler_job.py:1562} INFO - Processing file /home/ec2-user/airflow/dags/slackcre.py for tasks to queue
[2020-06-24 05:49:45,438] {logging_mixin.py:112} INFO - [2020-06-24 05:49:45,437] {dagbag.py:396} INFO - Filling up the DagBag from /home/ec2-user/airflow/dags/slackcre.py
[2020-06-24 05:49:45,441] {logging_mixin.py:112} INFO - [2020-06-24 05:49:45,440] {dagbag.py:239} ERROR - Failed to import: /home/ec2-user/airflow/dags/slackcre.py
Traceback (most recent call last):
  File "/usr/lib/python2.7/site-packages/airflow/models/dagbag.py", line 236, in process_file
    m = imp.load_source(mod_name, filepath)
  File "/home/ec2-user/airflow/dags/slackcre.py", line 4, in <module>
    from slackcreate import create
ImportError: No module named slackcreate
[2020-06-24 05:49:45,441] {scheduler_job.py:1576} WARNING - No viable dags retrieved from /home/ec2-user/airflow/dags/slackcre.py
[2020-06-24 05:49:45,452] {scheduler_job.py:162} INFO - Processing /home/ec2-user/airflow/dags/slackcre.py took 0.019 seconds
[2020-06-24 05:51:21,918] {scheduler_job.py:154} INFO - Started process (PID=5217) to work on /home/ec2-user/airflow/dags/slackcre.py
[2020-06-24 05:51:21,921] {scheduler_job.py:1562} INFO - Processing file /home/ec2-user/airflow/dags/slackcre.py for tasks to queue
[2020-06-24 05:51:21,922] {logging_mixin.py:112} INFO - [2020-06-24 05:51:21,922] {dagbag.py:396} INFO - Filling up the DagBag from /home/ec2-user/airflow/dags/slackcre.py
[2020-06-24 05:51:21,925] {logging_mixin.py:112} INFO - [2020-06-24 05:51:21,924] {dagbag.py:239} ERROR - Failed to import: /home/ec2-user/airflow/dags/slackcre.py
Traceback (most recent call last):
  File "/usr/lib/python2.7/site-packages/airflow/models/dagbag.py", line 236, in process_file
    m = imp.load_source(mod_name, filepath)
  File "/home/ec2-user/airflow/dags/slackcre.py", line 4, in <module>
    from slackcreate import create
ImportError: No module named slackcreate
[2020-06-24 05:51:21,925] {scheduler_job.py:1576} WARNING - No viable dags retrieved from /home/ec2-user/airflow/dags/slackcre.py
[2020-06-24 05:51:21,939] {scheduler_job.py:162} INFO - Processing /home/ec2-user/airflow/dags/slackcre.py took 0.021 seconds
[2020-06-24 05:52:58,379] {scheduler_job.py:154} INFO - Started process (PID=5280) to work on /home/ec2-user/airflow/dags/slackcre.py
[2020-06-24 05:52:58,383] {scheduler_job.py:1562} INFO - Processing file /home/ec2-user/airflow/dags/slackcre.py for tasks to queue
[2020-06-24 05:52:58,383] {logging_mixin.py:112} INFO - [2020-06-24 05:52:58,383] {dagbag.py:396} INFO - Filling up the DagBag from /home/ec2-user/airflow/dags/slackcre.py
[2020-06-24 05:52:58,385] {logging_mixin.py:112} INFO - [2020-06-24 05:52:58,385] {dagbag.py:239} ERROR - Failed to import: /home/ec2-user/airflow/dags/slackcre.py
Traceback (most recent call last):
  File "/usr/lib/python2.7/site-packages/airflow/models/dagbag.py", line 236, in process_file
    m = imp.load_source(mod_name, filepath)
  File "/home/ec2-user/airflow/dags/slackcre.py", line 11
    
    ^
SyntaxError: invalid syntax
[2020-06-24 05:52:58,385] {scheduler_job.py:1576} WARNING - No viable dags retrieved from /home/ec2-user/airflow/dags/slackcre.py
[2020-06-24 05:52:58,399] {scheduler_job.py:162} INFO - Processing /home/ec2-user/airflow/dags/slackcre.py took 0.020 seconds
[2020-06-24 05:54:34,862] {scheduler_job.py:154} INFO - Started process (PID=5341) to work on /home/ec2-user/airflow/dags/slackcre.py
[2020-06-24 05:54:34,866] {scheduler_job.py:1562} INFO - Processing file /home/ec2-user/airflow/dags/slackcre.py for tasks to queue
[2020-06-24 05:54:34,866] {logging_mixin.py:112} INFO - [2020-06-24 05:54:34,866] {dagbag.py:396} INFO - Filling up the DagBag from /home/ec2-user/airflow/dags/slackcre.py
[2020-06-24 05:54:34,868] {logging_mixin.py:112} INFO - [2020-06-24 05:54:34,868] {dagbag.py:239} ERROR - Failed to import: /home/ec2-user/airflow/dags/slackcre.py
Traceback (most recent call last):
  File "/usr/lib/python2.7/site-packages/airflow/models/dagbag.py", line 236, in process_file
    m = imp.load_source(mod_name, filepath)
  File "/home/ec2-user/airflow/dags/slackcre.py", line 11
    
    ^
SyntaxError: invalid syntax
[2020-06-24 05:54:34,869] {scheduler_job.py:1576} WARNING - No viable dags retrieved from /home/ec2-user/airflow/dags/slackcre.py
[2020-06-24 05:54:34,880] {scheduler_job.py:162} INFO - Processing /home/ec2-user/airflow/dags/slackcre.py took 0.018 seconds
[2020-06-24 05:56:11,350] {scheduler_job.py:154} INFO - Started process (PID=5492) to work on /home/ec2-user/airflow/dags/slackcre.py
[2020-06-24 05:56:11,353] {scheduler_job.py:1562} INFO - Processing file /home/ec2-user/airflow/dags/slackcre.py for tasks to queue
[2020-06-24 05:56:11,354] {logging_mixin.py:112} INFO - [2020-06-24 05:56:11,354] {dagbag.py:396} INFO - Filling up the DagBag from /home/ec2-user/airflow/dags/slackcre.py
[2020-06-24 05:56:11,358] {scheduler_job.py:1574} INFO - DAG(s) ['slacks_channel'] retrieved from /home/ec2-user/airflow/dags/slackcre.py
[2020-06-24 05:56:11,367] {logging_mixin.py:112} INFO - [2020-06-24 05:56:11,366] {dag.py:1501} INFO - Creating ORM DAG for slacks_channel
[2020-06-24 05:56:11,381] {scheduler_job.py:162} INFO - Processing /home/ec2-user/airflow/dags/slackcre.py took 0.031 seconds
[2020-06-24 05:57:47,823] {scheduler_job.py:154} INFO - Started process (PID=5565) to work on /home/ec2-user/airflow/dags/slackcre.py
[2020-06-24 05:57:47,827] {scheduler_job.py:1562} INFO - Processing file /home/ec2-user/airflow/dags/slackcre.py for tasks to queue
[2020-06-24 05:57:47,827] {logging_mixin.py:112} INFO - [2020-06-24 05:57:47,827] {dagbag.py:396} INFO - Filling up the DagBag from /home/ec2-user/airflow/dags/slackcre.py
[2020-06-24 05:57:47,832] {scheduler_job.py:1574} INFO - DAG(s) ['slacks_channel'] retrieved from /home/ec2-user/airflow/dags/slackcre.py
[2020-06-24 05:57:47,852] {scheduler_job.py:162} INFO - Processing /home/ec2-user/airflow/dags/slackcre.py took 0.030 seconds
[2020-06-24 05:59:24,294] {scheduler_job.py:154} INFO - Started process (PID=5678) to work on /home/ec2-user/airflow/dags/slackcre.py
[2020-06-24 05:59:24,298] {scheduler_job.py:1562} INFO - Processing file /home/ec2-user/airflow/dags/slackcre.py for tasks to queue
[2020-06-24 05:59:24,299] {logging_mixin.py:112} INFO - [2020-06-24 05:59:24,299] {dagbag.py:396} INFO - Filling up the DagBag from /home/ec2-user/airflow/dags/slackcre.py
[2020-06-24 05:59:24,303] {scheduler_job.py:1574} INFO - DAG(s) ['slacks_channel'] retrieved from /home/ec2-user/airflow/dags/slackcre.py
[2020-06-24 05:59:24,327] {scheduler_job.py:1284} INFO - Processing slacks_channel
[2020-06-24 05:59:24,353] {scheduler_job.py:1294} INFO - Created <DagRun slacks_channel @ 2019-01-01T00:00:00+00:00: scheduled__2019-01-01T00:00:00+00:00, externally triggered: False>
[2020-06-24 05:59:24,355] {scheduler_job.py:759} INFO - Examining DAG run <DagRun slacks_channel @ 2019-01-01 00:00:00+00:00: scheduled__2019-01-01T00:00:00+00:00, externally triggered: False>
[2020-06-24 05:59:24,362] {scheduler_job.py:759} INFO - Examining DAG run <DagRun slacks_channel @ 2020-06-24 05:58:47.370651+00:00: manual__2020-06-24T05:58:47.370651+00:00, externally triggered: True>
[2020-06-24 05:59:24,374] {scheduler_job.py:447} INFO - Skipping SLA check for <DAG: slacks_channel> because no tasks in DAG have SLAs
[2020-06-24 05:59:24,377] {scheduler_job.py:1640} INFO - Creating / updating <TaskInstance: slacks_channel.testslackchennel 2019-01-01 00:00:00+00:00 [scheduled]> in ORM
[2020-06-24 05:59:24,381] {scheduler_job.py:1640} INFO - Creating / updating <TaskInstance: slacks_channel.testslackchennel 2020-06-24 05:58:47.370651+00:00 [scheduled]> in ORM
[2020-06-24 05:59:24,390] {scheduler_job.py:162} INFO - Processing /home/ec2-user/airflow/dags/slackcre.py took 0.096 seconds
[2020-06-24 06:01:22,118] {scheduler_job.py:154} INFO - Started process (PID=5790) to work on /home/ec2-user/airflow/dags/slackcre.py
[2020-06-24 06:01:22,122] {scheduler_job.py:1562} INFO - Processing file /home/ec2-user/airflow/dags/slackcre.py for tasks to queue
[2020-06-24 06:01:22,122] {logging_mixin.py:112} INFO - [2020-06-24 06:01:22,122] {dagbag.py:396} INFO - Filling up the DagBag from /home/ec2-user/airflow/dags/slackcre.py
[2020-06-24 06:01:22,127] {scheduler_job.py:1574} INFO - DAG(s) ['slacks_channel'] retrieved from /home/ec2-user/airflow/dags/slackcre.py
[2020-06-24 06:01:22,152] {scheduler_job.py:1284} INFO - Processing slacks_channel
[2020-06-24 06:01:22,179] {scheduler_job.py:1294} INFO - Created <DagRun slacks_channel @ 2019-01-02 00:00:00+00:00: scheduled__2019-01-02T00:00:00+00:00, externally triggered: False>
[2020-06-24 06:01:22,182] {scheduler_job.py:759} INFO - Examining DAG run <DagRun slacks_channel @ 2019-01-01 00:00:00+00:00: scheduled__2019-01-01T00:00:00+00:00, externally triggered: False>
[2020-06-24 06:01:22,187] {logging_mixin.py:112} INFO - [2020-06-24 06:01:22,187] {dagrun.py:309} INFO - Marking run <DagRun slacks_channel @ 2019-01-01 00:00:00+00:00: scheduled__2019-01-01T00:00:00+00:00, externally triggered: False> failed
[2020-06-24 06:01:22,192] {scheduler_job.py:759} INFO - Examining DAG run <DagRun slacks_channel @ 2019-01-02 00:00:00+00:00: scheduled__2019-01-02T00:00:00+00:00, externally triggered: False>
[2020-06-24 06:01:22,198] {scheduler_job.py:759} INFO - Examining DAG run <DagRun slacks_channel @ 2020-06-24 05:58:47.370651+00:00: manual__2020-06-24T05:58:47.370651+00:00, externally triggered: True>
[2020-06-24 06:01:22,205] {logging_mixin.py:112} INFO - [2020-06-24 06:01:22,205] {dagrun.py:309} INFO - Marking run <DagRun slacks_channel @ 2020-06-24 05:58:47.370651+00:00: manual__2020-06-24T05:58:47.370651+00:00, externally triggered: True> failed
[2020-06-24 06:01:22,212] {scheduler_job.py:447} INFO - Skipping SLA check for <DAG: slacks_channel> because no tasks in DAG have SLAs
[2020-06-24 06:01:22,216] {scheduler_job.py:1640} INFO - Creating / updating <TaskInstance: slacks_channel.testslackchennel 2019-01-02 00:00:00+00:00 [scheduled]> in ORM
[2020-06-24 06:01:22,225] {scheduler_job.py:162} INFO - Processing /home/ec2-user/airflow/dags/slackcre.py took 0.107 seconds
[2020-06-24 06:03:08,888] {scheduler_job.py:154} INFO - Started process (PID=5869) to work on /home/ec2-user/airflow/dags/slackcre.py
[2020-06-24 06:03:08,892] {scheduler_job.py:1562} INFO - Processing file /home/ec2-user/airflow/dags/slackcre.py for tasks to queue
[2020-06-24 06:03:08,893] {logging_mixin.py:112} INFO - [2020-06-24 06:03:08,892] {dagbag.py:396} INFO - Filling up the DagBag from /home/ec2-user/airflow/dags/slackcre.py
[2020-06-24 06:03:08,897] {scheduler_job.py:1574} INFO - DAG(s) ['slacks_channel'] retrieved from /home/ec2-user/airflow/dags/slackcre.py
[2020-06-24 06:03:08,923] {scheduler_job.py:1284} INFO - Processing slacks_channel
[2020-06-24 06:03:08,952] {scheduler_job.py:1294} INFO - Created <DagRun slacks_channel @ 2019-01-03 00:00:00+00:00: scheduled__2019-01-03T00:00:00+00:00, externally triggered: False>
[2020-06-24 06:03:08,954] {scheduler_job.py:759} INFO - Examining DAG run <DagRun slacks_channel @ 2019-01-02 00:00:00+00:00: scheduled__2019-01-02T00:00:00+00:00, externally triggered: False>
[2020-06-24 06:03:08,960] {logging_mixin.py:112} INFO - [2020-06-24 06:03:08,960] {dagrun.py:309} INFO - Marking run <DagRun slacks_channel @ 2019-01-02 00:00:00+00:00: scheduled__2019-01-02T00:00:00+00:00, externally triggered: False> failed
[2020-06-24 06:03:08,965] {scheduler_job.py:759} INFO - Examining DAG run <DagRun slacks_channel @ 2019-01-03 00:00:00+00:00: scheduled__2019-01-03T00:00:00+00:00, externally triggered: False>
[2020-06-24 06:03:08,974] {scheduler_job.py:447} INFO - Skipping SLA check for <DAG: slacks_channel> because no tasks in DAG have SLAs
[2020-06-24 06:03:08,978] {scheduler_job.py:1640} INFO - Creating / updating <TaskInstance: slacks_channel.testslackchennel 2019-01-03 00:00:00+00:00 [scheduled]> in ORM
[2020-06-24 06:03:08,986] {scheduler_job.py:162} INFO - Processing /home/ec2-user/airflow/dags/slackcre.py took 0.098 seconds
[2020-06-24 06:04:55,557] {scheduler_job.py:154} INFO - Started process (PID=5951) to work on /home/ec2-user/airflow/dags/slackcre.py
[2020-06-24 06:04:55,562] {scheduler_job.py:1562} INFO - Processing file /home/ec2-user/airflow/dags/slackcre.py for tasks to queue
[2020-06-24 06:04:55,562] {logging_mixin.py:112} INFO - [2020-06-24 06:04:55,562] {dagbag.py:396} INFO - Filling up the DagBag from /home/ec2-user/airflow/dags/slackcre.py
[2020-06-24 06:04:55,566] {scheduler_job.py:1574} INFO - DAG(s) ['slacks_channel'] retrieved from /home/ec2-user/airflow/dags/slackcre.py
[2020-06-24 06:04:55,591] {scheduler_job.py:1284} INFO - Processing slacks_channel
[2020-06-24 06:04:55,617] {scheduler_job.py:1294} INFO - Created <DagRun slacks_channel @ 2019-01-04 00:00:00+00:00: scheduled__2019-01-04T00:00:00+00:00, externally triggered: False>
[2020-06-24 06:04:55,619] {scheduler_job.py:759} INFO - Examining DAG run <DagRun slacks_channel @ 2019-01-03 00:00:00+00:00: scheduled__2019-01-03T00:00:00+00:00, externally triggered: False>
[2020-06-24 06:04:55,625] {logging_mixin.py:112} INFO - [2020-06-24 06:04:55,625] {dagrun.py:309} INFO - Marking run <DagRun slacks_channel @ 2019-01-03 00:00:00+00:00: scheduled__2019-01-03T00:00:00+00:00, externally triggered: False> failed
[2020-06-24 06:04:55,630] {scheduler_job.py:759} INFO - Examining DAG run <DagRun slacks_channel @ 2019-01-04 00:00:00+00:00: scheduled__2019-01-04T00:00:00+00:00, externally triggered: False>
[2020-06-24 06:04:55,639] {scheduler_job.py:447} INFO - Skipping SLA check for <DAG: slacks_channel> because no tasks in DAG have SLAs
[2020-06-24 06:04:55,643] {scheduler_job.py:1640} INFO - Creating / updating <TaskInstance: slacks_channel.testslackchennel 2019-01-04 00:00:00+00:00 [scheduled]> in ORM
[2020-06-24 06:04:55,652] {scheduler_job.py:162} INFO - Processing /home/ec2-user/airflow/dags/slackcre.py took 0.094 seconds
[2020-06-24 06:06:42,259] {scheduler_job.py:154} INFO - Started process (PID=6033) to work on /home/ec2-user/airflow/dags/slackcre.py
[2020-06-24 06:06:42,263] {scheduler_job.py:1562} INFO - Processing file /home/ec2-user/airflow/dags/slackcre.py for tasks to queue
[2020-06-24 06:06:42,264] {logging_mixin.py:112} INFO - [2020-06-24 06:06:42,264] {dagbag.py:396} INFO - Filling up the DagBag from /home/ec2-user/airflow/dags/slackcre.py
[2020-06-24 06:06:42,268] {scheduler_job.py:1574} INFO - DAG(s) ['slacks_channel'] retrieved from /home/ec2-user/airflow/dags/slackcre.py
[2020-06-24 06:06:42,296] {scheduler_job.py:1284} INFO - Processing slacks_channel
[2020-06-24 06:06:42,334] {scheduler_job.py:1294} INFO - Created <DagRun slacks_channel @ 2019-01-05 00:00:00+00:00: scheduled__2019-01-05T00:00:00+00:00, externally triggered: False>
[2020-06-24 06:06:42,336] {scheduler_job.py:759} INFO - Examining DAG run <DagRun slacks_channel @ 2019-01-04 00:00:00+00:00: scheduled__2019-01-04T00:00:00+00:00, externally triggered: False>
[2020-06-24 06:06:42,342] {logging_mixin.py:112} INFO - [2020-06-24 06:06:42,342] {dagrun.py:309} INFO - Marking run <DagRun slacks_channel @ 2019-01-04 00:00:00+00:00: scheduled__2019-01-04T00:00:00+00:00, externally triggered: False> failed
[2020-06-24 06:06:42,351] {scheduler_job.py:759} INFO - Examining DAG run <DagRun slacks_channel @ 2019-01-05 00:00:00+00:00: scheduled__2019-01-05T00:00:00+00:00, externally triggered: False>
[2020-06-24 06:06:42,361] {scheduler_job.py:447} INFO - Skipping SLA check for <DAG: slacks_channel> because no tasks in DAG have SLAs
[2020-06-24 06:06:42,365] {scheduler_job.py:1640} INFO - Creating / updating <TaskInstance: slacks_channel.testslackchennel 2019-01-05 00:00:00+00:00 [scheduled]> in ORM
[2020-06-24 06:06:42,378] {scheduler_job.py:162} INFO - Processing /home/ec2-user/airflow/dags/slackcre.py took 0.119 seconds
[2020-06-24 06:08:28,984] {scheduler_job.py:154} INFO - Started process (PID=6112) to work on /home/ec2-user/airflow/dags/slackcre.py
[2020-06-24 06:08:28,989] {scheduler_job.py:1562} INFO - Processing file /home/ec2-user/airflow/dags/slackcre.py for tasks to queue
[2020-06-24 06:08:28,990] {logging_mixin.py:112} INFO - [2020-06-24 06:08:28,990] {dagbag.py:396} INFO - Filling up the DagBag from /home/ec2-user/airflow/dags/slackcre.py
[2020-06-24 06:08:28,994] {scheduler_job.py:1574} INFO - DAG(s) ['slacks_channel'] retrieved from /home/ec2-user/airflow/dags/slackcre.py
[2020-06-24 06:08:29,018] {scheduler_job.py:1284} INFO - Processing slacks_channel
[2020-06-24 06:08:29,043] {scheduler_job.py:1294} INFO - Created <DagRun slacks_channel @ 2019-01-06 00:00:00+00:00: scheduled__2019-01-06T00:00:00+00:00, externally triggered: False>
[2020-06-24 06:08:29,046] {scheduler_job.py:759} INFO - Examining DAG run <DagRun slacks_channel @ 2019-01-05 00:00:00+00:00: scheduled__2019-01-05T00:00:00+00:00, externally triggered: False>
[2020-06-24 06:08:29,052] {logging_mixin.py:112} INFO - [2020-06-24 06:08:29,051] {dagrun.py:309} INFO - Marking run <DagRun slacks_channel @ 2019-01-05 00:00:00+00:00: scheduled__2019-01-05T00:00:00+00:00, externally triggered: False> failed
[2020-06-24 06:08:29,056] {scheduler_job.py:759} INFO - Examining DAG run <DagRun slacks_channel @ 2019-01-06 00:00:00+00:00: scheduled__2019-01-06T00:00:00+00:00, externally triggered: False>
[2020-06-24 06:08:29,065] {scheduler_job.py:447} INFO - Skipping SLA check for <DAG: slacks_channel> because no tasks in DAG have SLAs
[2020-06-24 06:08:29,069] {scheduler_job.py:1640} INFO - Creating / updating <TaskInstance: slacks_channel.testslackchennel 2019-01-06 00:00:00+00:00 [scheduled]> in ORM
[2020-06-24 06:08:29,079] {scheduler_job.py:162} INFO - Processing /home/ec2-user/airflow/dags/slackcre.py took 0.094 seconds
[2020-06-24 06:10:15,671] {scheduler_job.py:154} INFO - Started process (PID=6200) to work on /home/ec2-user/airflow/dags/slackcre.py
[2020-06-24 06:10:15,675] {scheduler_job.py:1562} INFO - Processing file /home/ec2-user/airflow/dags/slackcre.py for tasks to queue
[2020-06-24 06:10:15,675] {logging_mixin.py:112} INFO - [2020-06-24 06:10:15,675] {dagbag.py:396} INFO - Filling up the DagBag from /home/ec2-user/airflow/dags/slackcre.py
[2020-06-24 06:10:15,680] {scheduler_job.py:1574} INFO - DAG(s) ['slacks_channel'] retrieved from /home/ec2-user/airflow/dags/slackcre.py
[2020-06-24 06:10:15,707] {scheduler_job.py:1284} INFO - Processing slacks_channel
[2020-06-24 06:10:15,732] {scheduler_job.py:1294} INFO - Created <DagRun slacks_channel @ 2019-01-07 00:00:00+00:00: scheduled__2019-01-07T00:00:00+00:00, externally triggered: False>
[2020-06-24 06:10:15,734] {scheduler_job.py:759} INFO - Examining DAG run <DagRun slacks_channel @ 2019-01-06 00:00:00+00:00: scheduled__2019-01-06T00:00:00+00:00, externally triggered: False>
[2020-06-24 06:10:15,740] {logging_mixin.py:112} INFO - [2020-06-24 06:10:15,740] {dagrun.py:309} INFO - Marking run <DagRun slacks_channel @ 2019-01-06 00:00:00+00:00: scheduled__2019-01-06T00:00:00+00:00, externally triggered: False> failed
[2020-06-24 06:10:15,745] {scheduler_job.py:759} INFO - Examining DAG run <DagRun slacks_channel @ 2019-01-07 00:00:00+00:00: scheduled__2019-01-07T00:00:00+00:00, externally triggered: False>
[2020-06-24 06:10:15,754] {scheduler_job.py:447} INFO - Skipping SLA check for <DAG: slacks_channel> because no tasks in DAG have SLAs
[2020-06-24 06:10:15,758] {scheduler_job.py:1640} INFO - Creating / updating <TaskInstance: slacks_channel.testslackchennel 2019-01-07 00:00:00+00:00 [scheduled]> in ORM
[2020-06-24 06:10:15,767] {scheduler_job.py:162} INFO - Processing /home/ec2-user/airflow/dags/slackcre.py took 0.095 seconds
[2020-06-24 06:12:02,345] {scheduler_job.py:154} INFO - Started process (PID=6281) to work on /home/ec2-user/airflow/dags/slackcre.py
[2020-06-24 06:12:02,349] {scheduler_job.py:1562} INFO - Processing file /home/ec2-user/airflow/dags/slackcre.py for tasks to queue
[2020-06-24 06:12:02,349] {logging_mixin.py:112} INFO - [2020-06-24 06:12:02,349] {dagbag.py:396} INFO - Filling up the DagBag from /home/ec2-user/airflow/dags/slackcre.py
[2020-06-24 06:12:02,354] {scheduler_job.py:1574} INFO - DAG(s) ['slacks_channel'] retrieved from /home/ec2-user/airflow/dags/slackcre.py
[2020-06-24 06:12:02,378] {scheduler_job.py:1284} INFO - Processing slacks_channel
[2020-06-24 06:12:02,405] {scheduler_job.py:1294} INFO - Created <DagRun slacks_channel @ 2019-01-08 00:00:00+00:00: scheduled__2019-01-08T00:00:00+00:00, externally triggered: False>
[2020-06-24 06:12:02,408] {scheduler_job.py:759} INFO - Examining DAG run <DagRun slacks_channel @ 2019-01-07 00:00:00+00:00: scheduled__2019-01-07T00:00:00+00:00, externally triggered: False>
[2020-06-24 06:12:02,413] {logging_mixin.py:112} INFO - [2020-06-24 06:12:02,413] {dagrun.py:309} INFO - Marking run <DagRun slacks_channel @ 2019-01-07 00:00:00+00:00: scheduled__2019-01-07T00:00:00+00:00, externally triggered: False> failed
[2020-06-24 06:12:02,419] {scheduler_job.py:759} INFO - Examining DAG run <DagRun slacks_channel @ 2019-01-08 00:00:00+00:00: scheduled__2019-01-08T00:00:00+00:00, externally triggered: False>
[2020-06-24 06:12:02,428] {scheduler_job.py:447} INFO - Skipping SLA check for <DAG: slacks_channel> because no tasks in DAG have SLAs
[2020-06-24 06:12:02,432] {scheduler_job.py:1640} INFO - Creating / updating <TaskInstance: slacks_channel.testslackchennel 2019-01-08 00:00:00+00:00 [scheduled]> in ORM
[2020-06-24 06:12:02,443] {scheduler_job.py:162} INFO - Processing /home/ec2-user/airflow/dags/slackcre.py took 0.098 seconds
[2020-06-24 06:13:49,045] {scheduler_job.py:154} INFO - Started process (PID=6361) to work on /home/ec2-user/airflow/dags/slackcre.py
[2020-06-24 06:13:49,049] {scheduler_job.py:1562} INFO - Processing file /home/ec2-user/airflow/dags/slackcre.py for tasks to queue
[2020-06-24 06:13:49,049] {logging_mixin.py:112} INFO - [2020-06-24 06:13:49,049] {dagbag.py:396} INFO - Filling up the DagBag from /home/ec2-user/airflow/dags/slackcre.py
[2020-06-24 06:13:49,053] {scheduler_job.py:1574} INFO - DAG(s) ['slacks_channel'] retrieved from /home/ec2-user/airflow/dags/slackcre.py
[2020-06-24 06:13:49,078] {scheduler_job.py:1284} INFO - Processing slacks_channel
[2020-06-24 06:13:49,106] {scheduler_job.py:1294} INFO - Created <DagRun slacks_channel @ 2019-01-09 00:00:00+00:00: scheduled__2019-01-09T00:00:00+00:00, externally triggered: False>
[2020-06-24 06:13:49,108] {scheduler_job.py:759} INFO - Examining DAG run <DagRun slacks_channel @ 2019-01-08 00:00:00+00:00: scheduled__2019-01-08T00:00:00+00:00, externally triggered: False>
[2020-06-24 06:13:49,114] {logging_mixin.py:112} INFO - [2020-06-24 06:13:49,114] {dagrun.py:309} INFO - Marking run <DagRun slacks_channel @ 2019-01-08 00:00:00+00:00: scheduled__2019-01-08T00:00:00+00:00, externally triggered: False> failed
[2020-06-24 06:13:49,119] {scheduler_job.py:759} INFO - Examining DAG run <DagRun slacks_channel @ 2019-01-09 00:00:00+00:00: scheduled__2019-01-09T00:00:00+00:00, externally triggered: False>
[2020-06-24 06:13:49,129] {scheduler_job.py:447} INFO - Skipping SLA check for <DAG: slacks_channel> because no tasks in DAG have SLAs
[2020-06-24 06:13:49,133] {scheduler_job.py:1640} INFO - Creating / updating <TaskInstance: slacks_channel.testslackchennel 2019-01-09 00:00:00+00:00 [scheduled]> in ORM
[2020-06-24 06:13:49,143] {scheduler_job.py:162} INFO - Processing /home/ec2-user/airflow/dags/slackcre.py took 0.098 seconds
[2020-06-24 06:15:36,362] {scheduler_job.py:154} INFO - Started process (PID=6444) to work on /home/ec2-user/airflow/dags/slackcre.py
[2020-06-24 06:15:36,366] {scheduler_job.py:1562} INFO - Processing file /home/ec2-user/airflow/dags/slackcre.py for tasks to queue
[2020-06-24 06:15:36,366] {logging_mixin.py:112} INFO - [2020-06-24 06:15:36,366] {dagbag.py:396} INFO - Filling up the DagBag from /home/ec2-user/airflow/dags/slackcre.py
[2020-06-24 06:15:36,371] {scheduler_job.py:1574} INFO - DAG(s) ['slacks_channel'] retrieved from /home/ec2-user/airflow/dags/slackcre.py
[2020-06-24 06:15:36,397] {scheduler_job.py:1284} INFO - Processing slacks_channel
[2020-06-24 06:15:36,424] {scheduler_job.py:1294} INFO - Created <DagRun slacks_channel @ 2019-01-10 00:00:00+00:00: scheduled__2019-01-10T00:00:00+00:00, externally triggered: False>
[2020-06-24 06:15:36,426] {scheduler_job.py:759} INFO - Examining DAG run <DagRun slacks_channel @ 2019-01-09 00:00:00+00:00: scheduled__2019-01-09T00:00:00+00:00, externally triggered: False>
[2020-06-24 06:15:36,432] {logging_mixin.py:112} INFO - [2020-06-24 06:15:36,432] {dagrun.py:309} INFO - Marking run <DagRun slacks_channel @ 2019-01-09 00:00:00+00:00: scheduled__2019-01-09T00:00:00+00:00, externally triggered: False> failed
[2020-06-24 06:15:36,437] {scheduler_job.py:759} INFO - Examining DAG run <DagRun slacks_channel @ 2019-01-10 00:00:00+00:00: scheduled__2019-01-10T00:00:00+00:00, externally triggered: False>
[2020-06-24 06:15:36,446] {scheduler_job.py:447} INFO - Skipping SLA check for <DAG: slacks_channel> because no tasks in DAG have SLAs
[2020-06-24 06:15:36,450] {scheduler_job.py:1640} INFO - Creating / updating <TaskInstance: slacks_channel.testslackchennel 2019-01-10 00:00:00+00:00 [scheduled]> in ORM
[2020-06-24 06:15:36,459] {scheduler_job.py:162} INFO - Processing /home/ec2-user/airflow/dags/slackcre.py took 0.097 seconds
[2020-06-24 06:17:23,075] {scheduler_job.py:154} INFO - Started process (PID=6524) to work on /home/ec2-user/airflow/dags/slackcre.py
[2020-06-24 06:17:23,079] {scheduler_job.py:1562} INFO - Processing file /home/ec2-user/airflow/dags/slackcre.py for tasks to queue
[2020-06-24 06:17:23,080] {logging_mixin.py:112} INFO - [2020-06-24 06:17:23,080] {dagbag.py:396} INFO - Filling up the DagBag from /home/ec2-user/airflow/dags/slackcre.py
[2020-06-24 06:17:23,084] {scheduler_job.py:1574} INFO - DAG(s) ['slacks_channel'] retrieved from /home/ec2-user/airflow/dags/slackcre.py
[2020-06-24 06:17:23,108] {scheduler_job.py:1284} INFO - Processing slacks_channel
[2020-06-24 06:17:23,135] {scheduler_job.py:1294} INFO - Created <DagRun slacks_channel @ 2019-01-11 00:00:00+00:00: scheduled__2019-01-11T00:00:00+00:00, externally triggered: False>
[2020-06-24 06:17:23,137] {scheduler_job.py:759} INFO - Examining DAG run <DagRun slacks_channel @ 2019-01-10 00:00:00+00:00: scheduled__2019-01-10T00:00:00+00:00, externally triggered: False>
[2020-06-24 06:17:23,143] {logging_mixin.py:112} INFO - [2020-06-24 06:17:23,143] {dagrun.py:309} INFO - Marking run <DagRun slacks_channel @ 2019-01-10 00:00:00+00:00: scheduled__2019-01-10T00:00:00+00:00, externally triggered: False> failed
[2020-06-24 06:17:23,149] {scheduler_job.py:759} INFO - Examining DAG run <DagRun slacks_channel @ 2019-01-11 00:00:00+00:00: scheduled__2019-01-11T00:00:00+00:00, externally triggered: False>
[2020-06-24 06:17:23,158] {scheduler_job.py:447} INFO - Skipping SLA check for <DAG: slacks_channel> because no tasks in DAG have SLAs
[2020-06-24 06:17:23,162] {scheduler_job.py:1640} INFO - Creating / updating <TaskInstance: slacks_channel.testslackchennel 2019-01-11 00:00:00+00:00 [scheduled]> in ORM
[2020-06-24 06:17:23,171] {scheduler_job.py:162} INFO - Processing /home/ec2-user/airflow/dags/slackcre.py took 0.097 seconds
[2020-06-24 06:19:09,761] {scheduler_job.py:154} INFO - Started process (PID=6606) to work on /home/ec2-user/airflow/dags/slackcre.py
[2020-06-24 06:19:09,765] {scheduler_job.py:1562} INFO - Processing file /home/ec2-user/airflow/dags/slackcre.py for tasks to queue
[2020-06-24 06:19:09,765] {logging_mixin.py:112} INFO - [2020-06-24 06:19:09,765] {dagbag.py:396} INFO - Filling up the DagBag from /home/ec2-user/airflow/dags/slackcre.py
[2020-06-24 06:19:09,769] {scheduler_job.py:1574} INFO - DAG(s) ['slacks_channel'] retrieved from /home/ec2-user/airflow/dags/slackcre.py
[2020-06-24 06:19:09,793] {scheduler_job.py:1284} INFO - Processing slacks_channel
[2020-06-24 06:19:09,819] {scheduler_job.py:1294} INFO - Created <DagRun slacks_channel @ 2019-01-12 00:00:00+00:00: scheduled__2019-01-12T00:00:00+00:00, externally triggered: False>
[2020-06-24 06:19:09,822] {scheduler_job.py:759} INFO - Examining DAG run <DagRun slacks_channel @ 2019-01-11 00:00:00+00:00: scheduled__2019-01-11T00:00:00+00:00, externally triggered: False>
[2020-06-24 06:19:09,829] {logging_mixin.py:112} INFO - [2020-06-24 06:19:09,829] {dagrun.py:309} INFO - Marking run <DagRun slacks_channel @ 2019-01-11 00:00:00+00:00: scheduled__2019-01-11T00:00:00+00:00, externally triggered: False> failed
[2020-06-24 06:19:09,839] {scheduler_job.py:759} INFO - Examining DAG run <DagRun slacks_channel @ 2019-01-12 00:00:00+00:00: scheduled__2019-01-12T00:00:00+00:00, externally triggered: False>
[2020-06-24 06:19:09,853] {scheduler_job.py:447} INFO - Skipping SLA check for <DAG: slacks_channel> because no tasks in DAG have SLAs
[2020-06-24 06:19:09,858] {scheduler_job.py:1640} INFO - Creating / updating <TaskInstance: slacks_channel.testslackchennel 2019-01-12 00:00:00+00:00 [scheduled]> in ORM
[2020-06-24 06:19:09,867] {scheduler_job.py:162} INFO - Processing /home/ec2-user/airflow/dags/slackcre.py took 0.106 seconds
[2020-06-24 06:20:56,475] {scheduler_job.py:154} INFO - Started process (PID=6692) to work on /home/ec2-user/airflow/dags/slackcre.py
[2020-06-24 06:20:56,496] {scheduler_job.py:1562} INFO - Processing file /home/ec2-user/airflow/dags/slackcre.py for tasks to queue
[2020-06-24 06:20:56,497] {logging_mixin.py:112} INFO - [2020-06-24 06:20:56,497] {dagbag.py:396} INFO - Filling up the DagBag from /home/ec2-user/airflow/dags/slackcre.py
[2020-06-24 06:20:56,502] {scheduler_job.py:1574} INFO - DAG(s) ['slacks_channel'] retrieved from /home/ec2-user/airflow/dags/slackcre.py
[2020-06-24 06:20:56,525] {scheduler_job.py:1284} INFO - Processing slacks_channel
[2020-06-24 06:20:56,550] {scheduler_job.py:1294} INFO - Created <DagRun slacks_channel @ 2019-01-13 00:00:00+00:00: scheduled__2019-01-13T00:00:00+00:00, externally triggered: False>
[2020-06-24 06:20:56,552] {scheduler_job.py:759} INFO - Examining DAG run <DagRun slacks_channel @ 2019-01-12 00:00:00+00:00: scheduled__2019-01-12T00:00:00+00:00, externally triggered: False>
[2020-06-24 06:20:56,558] {logging_mixin.py:112} INFO - [2020-06-24 06:20:56,558] {dagrun.py:309} INFO - Marking run <DagRun slacks_channel @ 2019-01-12 00:00:00+00:00: scheduled__2019-01-12T00:00:00+00:00, externally triggered: False> failed
[2020-06-24 06:20:56,563] {scheduler_job.py:759} INFO - Examining DAG run <DagRun slacks_channel @ 2019-01-13 00:00:00+00:00: scheduled__2019-01-13T00:00:00+00:00, externally triggered: False>
[2020-06-24 06:20:56,572] {scheduler_job.py:447} INFO - Skipping SLA check for <DAG: slacks_channel> because no tasks in DAG have SLAs
[2020-06-24 06:20:56,576] {scheduler_job.py:1640} INFO - Creating / updating <TaskInstance: slacks_channel.testslackchennel 2019-01-13 00:00:00+00:00 [scheduled]> in ORM
[2020-06-24 06:20:56,585] {scheduler_job.py:162} INFO - Processing /home/ec2-user/airflow/dags/slackcre.py took 0.110 seconds
