[2020-06-24 05:48:25,194] {scheduler_job.py:154} INFO - Started process (PID=5003) to work on /home/ec2-user/airflow/dags/variable.py
[2020-06-24 05:48:25,198] {scheduler_job.py:1562} INFO - Processing file /home/ec2-user/airflow/dags/variable.py for tasks to queue
[2020-06-24 05:48:25,198] {logging_mixin.py:112} INFO - [2020-06-24 05:48:25,198] {dagbag.py:396} INFO - Filling up the DagBag from /home/ec2-user/airflow/dags/variable.py
[2020-06-24 05:48:25,366] {scheduler_job.py:1574} INFO - DAG(s) ['example_variables'] retrieved from /home/ec2-user/airflow/dags/variable.py
[2020-06-24 05:48:25,380] {scheduler_job.py:162} INFO - Processing /home/ec2-user/airflow/dags/variable.py took 0.186 seconds
[2020-06-24 05:50:13,466] {scheduler_job.py:154} INFO - Started process (PID=5170) to work on /home/ec2-user/airflow/dags/variable.py
[2020-06-24 05:50:13,471] {scheduler_job.py:1562} INFO - Processing file /home/ec2-user/airflow/dags/variable.py for tasks to queue
[2020-06-24 05:50:13,471] {logging_mixin.py:112} INFO - [2020-06-24 05:50:13,471] {dagbag.py:396} INFO - Filling up the DagBag from /home/ec2-user/airflow/dags/variable.py
[2020-06-24 05:50:13,525] {scheduler_job.py:1574} INFO - DAG(s) ['example_variables'] retrieved from /home/ec2-user/airflow/dags/variable.py
[2020-06-24 05:50:13,541] {scheduler_job.py:162} INFO - Processing /home/ec2-user/airflow/dags/variable.py took 0.076 seconds
[2020-06-24 05:51:49,950] {scheduler_job.py:154} INFO - Started process (PID=5232) to work on /home/ec2-user/airflow/dags/variable.py
[2020-06-24 05:51:49,953] {scheduler_job.py:1562} INFO - Processing file /home/ec2-user/airflow/dags/variable.py for tasks to queue
[2020-06-24 05:51:49,954] {logging_mixin.py:112} INFO - [2020-06-24 05:51:49,954] {dagbag.py:396} INFO - Filling up the DagBag from /home/ec2-user/airflow/dags/variable.py
[2020-06-24 05:51:50,009] {scheduler_job.py:1574} INFO - DAG(s) ['example_variables'] retrieved from /home/ec2-user/airflow/dags/variable.py
[2020-06-24 05:51:50,024] {scheduler_job.py:162} INFO - Processing /home/ec2-user/airflow/dags/variable.py took 0.074 seconds
[2020-06-24 05:53:26,422] {scheduler_job.py:154} INFO - Started process (PID=5295) to work on /home/ec2-user/airflow/dags/variable.py
[2020-06-24 05:53:26,445] {scheduler_job.py:1562} INFO - Processing file /home/ec2-user/airflow/dags/variable.py for tasks to queue
[2020-06-24 05:53:26,445] {logging_mixin.py:112} INFO - [2020-06-24 05:53:26,445] {dagbag.py:396} INFO - Filling up the DagBag from /home/ec2-user/airflow/dags/variable.py
[2020-06-24 05:53:26,494] {scheduler_job.py:1574} INFO - DAG(s) ['example_variables'] retrieved from /home/ec2-user/airflow/dags/variable.py
[2020-06-24 05:53:26,509] {scheduler_job.py:162} INFO - Processing /home/ec2-user/airflow/dags/variable.py took 0.086 seconds
[2020-06-24 05:55:02,893] {scheduler_job.py:154} INFO - Started process (PID=5379) to work on /home/ec2-user/airflow/dags/variable.py
[2020-06-24 05:55:02,897] {scheduler_job.py:1562} INFO - Processing file /home/ec2-user/airflow/dags/variable.py for tasks to queue
[2020-06-24 05:55:02,898] {logging_mixin.py:112} INFO - [2020-06-24 05:55:02,898] {dagbag.py:396} INFO - Filling up the DagBag from /home/ec2-user/airflow/dags/variable.py
[2020-06-24 05:55:02,948] {scheduler_job.py:1574} INFO - DAG(s) ['example_variables'] retrieved from /home/ec2-user/airflow/dags/variable.py
[2020-06-24 05:55:02,971] {scheduler_job.py:162} INFO - Processing /home/ec2-user/airflow/dags/variable.py took 0.078 seconds
[2020-06-24 05:56:39,383] {scheduler_job.py:154} INFO - Started process (PID=5511) to work on /home/ec2-user/airflow/dags/variable.py
[2020-06-24 05:56:39,387] {scheduler_job.py:1562} INFO - Processing file /home/ec2-user/airflow/dags/variable.py for tasks to queue
[2020-06-24 05:56:39,387] {logging_mixin.py:112} INFO - [2020-06-24 05:56:39,387] {dagbag.py:396} INFO - Filling up the DagBag from /home/ec2-user/airflow/dags/variable.py
[2020-06-24 05:56:39,437] {scheduler_job.py:1574} INFO - DAG(s) ['example_variables'] retrieved from /home/ec2-user/airflow/dags/variable.py
[2020-06-24 05:56:39,452] {scheduler_job.py:162} INFO - Processing /home/ec2-user/airflow/dags/variable.py took 0.069 seconds
[2020-06-24 05:58:15,855] {scheduler_job.py:154} INFO - Started process (PID=5585) to work on /home/ec2-user/airflow/dags/variable.py
[2020-06-24 05:58:15,859] {scheduler_job.py:1562} INFO - Processing file /home/ec2-user/airflow/dags/variable.py for tasks to queue
[2020-06-24 05:58:15,860] {logging_mixin.py:112} INFO - [2020-06-24 05:58:15,859] {dagbag.py:396} INFO - Filling up the DagBag from /home/ec2-user/airflow/dags/variable.py
[2020-06-24 05:58:15,910] {scheduler_job.py:1574} INFO - DAG(s) ['example_variables'] retrieved from /home/ec2-user/airflow/dags/variable.py
[2020-06-24 05:58:15,926] {scheduler_job.py:162} INFO - Processing /home/ec2-user/airflow/dags/variable.py took 0.071 seconds
[2020-06-24 06:00:13,665] {scheduler_job.py:154} INFO - Started process (PID=5723) to work on /home/ec2-user/airflow/dags/variable.py
[2020-06-24 06:00:13,671] {scheduler_job.py:1562} INFO - Processing file /home/ec2-user/airflow/dags/variable.py for tasks to queue
[2020-06-24 06:00:13,671] {logging_mixin.py:112} INFO - [2020-06-24 06:00:13,671] {dagbag.py:396} INFO - Filling up the DagBag from /home/ec2-user/airflow/dags/variable.py
[2020-06-24 06:00:13,721] {scheduler_job.py:1574} INFO - DAG(s) ['example_variables'] retrieved from /home/ec2-user/airflow/dags/variable.py
[2020-06-24 06:00:13,736] {scheduler_job.py:162} INFO - Processing /home/ec2-user/airflow/dags/variable.py took 0.072 seconds
[2020-06-24 06:02:00,348] {scheduler_job.py:154} INFO - Started process (PID=5817) to work on /home/ec2-user/airflow/dags/variable.py
[2020-06-24 06:02:00,352] {scheduler_job.py:1562} INFO - Processing file /home/ec2-user/airflow/dags/variable.py for tasks to queue
[2020-06-24 06:02:00,353] {logging_mixin.py:112} INFO - [2020-06-24 06:02:00,353] {dagbag.py:396} INFO - Filling up the DagBag from /home/ec2-user/airflow/dags/variable.py
[2020-06-24 06:02:00,402] {scheduler_job.py:1574} INFO - DAG(s) ['example_variables'] retrieved from /home/ec2-user/airflow/dags/variable.py
[2020-06-24 06:02:00,418] {scheduler_job.py:162} INFO - Processing /home/ec2-user/airflow/dags/variable.py took 0.070 seconds
[2020-06-24 06:03:47,133] {scheduler_job.py:154} INFO - Started process (PID=5896) to work on /home/ec2-user/airflow/dags/variable.py
[2020-06-24 06:03:47,137] {scheduler_job.py:1562} INFO - Processing file /home/ec2-user/airflow/dags/variable.py for tasks to queue
[2020-06-24 06:03:47,137] {logging_mixin.py:112} INFO - [2020-06-24 06:03:47,137] {dagbag.py:396} INFO - Filling up the DagBag from /home/ec2-user/airflow/dags/variable.py
[2020-06-24 06:03:47,188] {scheduler_job.py:1574} INFO - DAG(s) ['example_variables'] retrieved from /home/ec2-user/airflow/dags/variable.py
[2020-06-24 06:03:47,207] {scheduler_job.py:162} INFO - Processing /home/ec2-user/airflow/dags/variable.py took 0.074 seconds
[2020-06-24 06:05:33,805] {scheduler_job.py:154} INFO - Started process (PID=5978) to work on /home/ec2-user/airflow/dags/variable.py
[2020-06-24 06:05:33,809] {scheduler_job.py:1562} INFO - Processing file /home/ec2-user/airflow/dags/variable.py for tasks to queue
[2020-06-24 06:05:33,810] {logging_mixin.py:112} INFO - [2020-06-24 06:05:33,809] {dagbag.py:396} INFO - Filling up the DagBag from /home/ec2-user/airflow/dags/variable.py
[2020-06-24 06:05:33,859] {scheduler_job.py:1574} INFO - DAG(s) ['example_variables'] retrieved from /home/ec2-user/airflow/dags/variable.py
[2020-06-24 06:05:33,874] {scheduler_job.py:162} INFO - Processing /home/ec2-user/airflow/dags/variable.py took 0.069 seconds
[2020-06-24 06:07:20,534] {scheduler_job.py:154} INFO - Started process (PID=6060) to work on /home/ec2-user/airflow/dags/variable.py
[2020-06-24 06:07:20,538] {scheduler_job.py:1562} INFO - Processing file /home/ec2-user/airflow/dags/variable.py for tasks to queue
[2020-06-24 06:07:20,538] {logging_mixin.py:112} INFO - [2020-06-24 06:07:20,538] {dagbag.py:396} INFO - Filling up the DagBag from /home/ec2-user/airflow/dags/variable.py
[2020-06-24 06:07:20,588] {scheduler_job.py:1574} INFO - DAG(s) ['example_variables'] retrieved from /home/ec2-user/airflow/dags/variable.py
[2020-06-24 06:07:20,603] {scheduler_job.py:162} INFO - Processing /home/ec2-user/airflow/dags/variable.py took 0.069 seconds
[2020-06-24 06:09:07,220] {scheduler_job.py:154} INFO - Started process (PID=6142) to work on /home/ec2-user/airflow/dags/variable.py
[2020-06-24 06:09:07,224] {scheduler_job.py:1562} INFO - Processing file /home/ec2-user/airflow/dags/variable.py for tasks to queue
[2020-06-24 06:09:07,224] {logging_mixin.py:112} INFO - [2020-06-24 06:09:07,224] {dagbag.py:396} INFO - Filling up the DagBag from /home/ec2-user/airflow/dags/variable.py
[2020-06-24 06:09:07,274] {scheduler_job.py:1574} INFO - DAG(s) ['example_variables'] retrieved from /home/ec2-user/airflow/dags/variable.py
[2020-06-24 06:09:07,290] {scheduler_job.py:162} INFO - Processing /home/ec2-user/airflow/dags/variable.py took 0.070 seconds
[2020-06-24 06:10:53,902] {scheduler_job.py:154} INFO - Started process (PID=6228) to work on /home/ec2-user/airflow/dags/variable.py
[2020-06-24 06:10:53,906] {scheduler_job.py:1562} INFO - Processing file /home/ec2-user/airflow/dags/variable.py for tasks to queue
[2020-06-24 06:10:53,906] {logging_mixin.py:112} INFO - [2020-06-24 06:10:53,906] {dagbag.py:396} INFO - Filling up the DagBag from /home/ec2-user/airflow/dags/variable.py
[2020-06-24 06:10:53,956] {scheduler_job.py:1574} INFO - DAG(s) ['example_variables'] retrieved from /home/ec2-user/airflow/dags/variable.py
[2020-06-24 06:10:53,971] {scheduler_job.py:162} INFO - Processing /home/ec2-user/airflow/dags/variable.py took 0.070 seconds
[2020-06-24 06:12:40,586] {scheduler_job.py:154} INFO - Started process (PID=6309) to work on /home/ec2-user/airflow/dags/variable.py
[2020-06-24 06:12:40,590] {scheduler_job.py:1562} INFO - Processing file /home/ec2-user/airflow/dags/variable.py for tasks to queue
[2020-06-24 06:12:40,590] {logging_mixin.py:112} INFO - [2020-06-24 06:12:40,590] {dagbag.py:396} INFO - Filling up the DagBag from /home/ec2-user/airflow/dags/variable.py
[2020-06-24 06:12:40,639] {scheduler_job.py:1574} INFO - DAG(s) ['example_variables'] retrieved from /home/ec2-user/airflow/dags/variable.py
[2020-06-24 06:12:40,654] {scheduler_job.py:162} INFO - Processing /home/ec2-user/airflow/dags/variable.py took 0.068 seconds
[2020-06-24 06:14:27,892] {scheduler_job.py:154} INFO - Started process (PID=6392) to work on /home/ec2-user/airflow/dags/variable.py
[2020-06-24 06:14:27,896] {scheduler_job.py:1562} INFO - Processing file /home/ec2-user/airflow/dags/variable.py for tasks to queue
[2020-06-24 06:14:27,896] {logging_mixin.py:112} INFO - [2020-06-24 06:14:27,896] {dagbag.py:396} INFO - Filling up the DagBag from /home/ec2-user/airflow/dags/variable.py
[2020-06-24 06:14:27,947] {scheduler_job.py:1574} INFO - DAG(s) ['example_variables'] retrieved from /home/ec2-user/airflow/dags/variable.py
[2020-06-24 06:14:27,962] {scheduler_job.py:162} INFO - Processing /home/ec2-user/airflow/dags/variable.py took 0.070 seconds
[2020-06-24 06:16:14,620] {scheduler_job.py:154} INFO - Started process (PID=6471) to work on /home/ec2-user/airflow/dags/variable.py
[2020-06-24 06:16:14,624] {scheduler_job.py:1562} INFO - Processing file /home/ec2-user/airflow/dags/variable.py for tasks to queue
[2020-06-24 06:16:14,624] {logging_mixin.py:112} INFO - [2020-06-24 06:16:14,624] {dagbag.py:396} INFO - Filling up the DagBag from /home/ec2-user/airflow/dags/variable.py
[2020-06-24 06:16:14,674] {scheduler_job.py:1574} INFO - DAG(s) ['example_variables'] retrieved from /home/ec2-user/airflow/dags/variable.py
[2020-06-24 06:16:14,690] {scheduler_job.py:162} INFO - Processing /home/ec2-user/airflow/dags/variable.py took 0.070 seconds
[2020-06-24 06:18:01,321] {scheduler_job.py:154} INFO - Started process (PID=6551) to work on /home/ec2-user/airflow/dags/variable.py
[2020-06-24 06:18:01,325] {scheduler_job.py:1562} INFO - Processing file /home/ec2-user/airflow/dags/variable.py for tasks to queue
[2020-06-24 06:18:01,325] {logging_mixin.py:112} INFO - [2020-06-24 06:18:01,325] {dagbag.py:396} INFO - Filling up the DagBag from /home/ec2-user/airflow/dags/variable.py
[2020-06-24 06:18:01,375] {scheduler_job.py:1574} INFO - DAG(s) ['example_variables'] retrieved from /home/ec2-user/airflow/dags/variable.py
[2020-06-24 06:18:01,391] {scheduler_job.py:162} INFO - Processing /home/ec2-user/airflow/dags/variable.py took 0.071 seconds
[2020-06-24 06:19:48,025] {scheduler_job.py:154} INFO - Started process (PID=6634) to work on /home/ec2-user/airflow/dags/variable.py
[2020-06-24 06:19:48,029] {scheduler_job.py:1562} INFO - Processing file /home/ec2-user/airflow/dags/variable.py for tasks to queue
[2020-06-24 06:19:48,029] {logging_mixin.py:112} INFO - [2020-06-24 06:19:48,029] {dagbag.py:396} INFO - Filling up the DagBag from /home/ec2-user/airflow/dags/variable.py
[2020-06-24 06:19:48,079] {scheduler_job.py:1574} INFO - DAG(s) ['example_variables'] retrieved from /home/ec2-user/airflow/dags/variable.py
[2020-06-24 06:19:48,097] {scheduler_job.py:162} INFO - Processing /home/ec2-user/airflow/dags/variable.py took 0.072 seconds
[2020-06-24 06:21:34,724] {scheduler_job.py:154} INFO - Started process (PID=6719) to work on /home/ec2-user/airflow/dags/variable.py
[2020-06-24 06:21:34,728] {scheduler_job.py:1562} INFO - Processing file /home/ec2-user/airflow/dags/variable.py for tasks to queue
[2020-06-24 06:21:34,728] {logging_mixin.py:112} INFO - [2020-06-24 06:21:34,728] {dagbag.py:396} INFO - Filling up the DagBag from /home/ec2-user/airflow/dags/variable.py
[2020-06-24 06:21:34,778] {scheduler_job.py:1574} INFO - DAG(s) ['example_variables'] retrieved from /home/ec2-user/airflow/dags/variable.py
[2020-06-24 06:21:34,794] {scheduler_job.py:162} INFO - Processing /home/ec2-user/airflow/dags/variable.py took 0.070 seconds
