[2020-06-18 12:17:55,992] {scheduler_job.py:154} INFO - Started process (PID=5386) to work on /home/ec2-user/airflow/dags/slackalert.py
[2020-06-18 12:17:55,998] {scheduler_job.py:1562} INFO - Processing file /home/ec2-user/airflow/dags/slackalert.py for tasks to queue
[2020-06-18 12:17:56,002] {logging_mixin.py:112} INFO - [2020-06-18 12:17:56,002] {dagbag.py:396} INFO - Filling up the DagBag from /home/ec2-user/airflow/dags/slackalert.py
[2020-06-18 12:17:56,038] {scheduler_job.py:1574} INFO - DAG(s) ['slackalert'] retrieved from /home/ec2-user/airflow/dags/slackalert.py
[2020-06-18 12:17:56,054] {logging_mixin.py:112} INFO - [2020-06-18 12:17:56,053] {dag.py:1501} INFO - Creating ORM DAG for slackalert
[2020-06-18 12:17:56,069] {scheduler_job.py:162} INFO - Processing /home/ec2-user/airflow/dags/slackalert.py took 0.077 seconds
[2020-06-18 12:19:23,560] {scheduler_job.py:154} INFO - Started process (PID=5442) to work on /home/ec2-user/airflow/dags/slackalert.py
[2020-06-18 12:19:23,567] {scheduler_job.py:1562} INFO - Processing file /home/ec2-user/airflow/dags/slackalert.py for tasks to queue
[2020-06-18 12:19:23,568] {logging_mixin.py:112} INFO - [2020-06-18 12:19:23,567] {dagbag.py:396} INFO - Filling up the DagBag from /home/ec2-user/airflow/dags/slackalert.py
[2020-06-18 12:19:23,605] {scheduler_job.py:1574} INFO - DAG(s) ['slackalert'] retrieved from /home/ec2-user/airflow/dags/slackalert.py
[2020-06-18 12:19:23,645] {scheduler_job.py:1284} INFO - Processing slackalert
[2020-06-18 12:19:23,686] {scheduler_job.py:1294} INFO - Created <DagRun slackalert @ 2020-06-18 10:19:23.659583+00:00: scheduled__2020-06-18T10:19:23.659583+00:00, externally triggered: False>
[2020-06-18 12:19:23,689] {scheduler_job.py:759} INFO - Examining DAG run <DagRun slackalert @ 2020-06-18 10:19:23.659583+00:00: scheduled__2020-06-18T10:19:23.659583+00:00, externally triggered: False>
[2020-06-18 12:19:23,703] {scheduler_job.py:759} INFO - Examining DAG run <DagRun slackalert @ 2020-06-18 12:18:42.915976+00:00: manual__2020-06-18T12:18:42.915976+00:00, externally triggered: True>
[2020-06-18 12:19:23,728] {scheduler_job.py:447} INFO - Skipping SLA check for <DAG: slackalert> because no tasks in DAG have SLAs
[2020-06-18 12:19:23,736] {scheduler_job.py:1640} INFO - Creating / updating <TaskInstance: slackalert.coin_flip 2020-06-18 10:19:23.659583+00:00 [scheduled]> in ORM
[2020-06-18 12:19:23,743] {scheduler_job.py:1640} INFO - Creating / updating <TaskInstance: slackalert.coin_flip 2020-06-18 12:18:42.915976+00:00 [scheduled]> in ORM
[2020-06-18 12:19:23,754] {scheduler_job.py:162} INFO - Processing /home/ec2-user/airflow/dags/slackalert.py took 0.194 seconds
[2020-06-18 12:21:01,768] {scheduler_job.py:154} INFO - Started process (PID=5515) to work on /home/ec2-user/airflow/dags/slackalert.py
[2020-06-18 12:21:01,777] {scheduler_job.py:1562} INFO - Processing file /home/ec2-user/airflow/dags/slackalert.py for tasks to queue
[2020-06-18 12:21:01,777] {logging_mixin.py:112} INFO - [2020-06-18 12:21:01,777] {dagbag.py:396} INFO - Filling up the DagBag from /home/ec2-user/airflow/dags/slackalert.py
[2020-06-18 12:21:01,818] {scheduler_job.py:1574} INFO - DAG(s) ['slackalert'] retrieved from /home/ec2-user/airflow/dags/slackalert.py
[2020-06-18 12:21:01,864] {scheduler_job.py:1284} INFO - Processing slackalert
[2020-06-18 12:21:01,912] {scheduler_job.py:1294} INFO - Created <DagRun slackalert @ 2020-06-18 11:19:23.659583+00:00: scheduled__2020-06-18T11:19:23.659583+00:00, externally triggered: False>
[2020-06-18 12:21:01,923] {scheduler_job.py:759} INFO - Examining DAG run <DagRun slackalert @ 2020-06-18 10:19:23.659583+00:00: scheduled__2020-06-18T10:19:23.659583+00:00, externally triggered: False>
[2020-06-18 12:21:01,937] {logging_mixin.py:112} INFO - [2020-06-18 12:21:01,937] {dagrun.py:309} INFO - Marking run <DagRun slackalert @ 2020-06-18 10:19:23.659583+00:00: scheduled__2020-06-18T10:19:23.659583+00:00, externally triggered: False> failed
[2020-06-18 12:21:01,949] {scheduler_job.py:759} INFO - Examining DAG run <DagRun slackalert @ 2020-06-18 11:19:23.659583+00:00: scheduled__2020-06-18T11:19:23.659583+00:00, externally triggered: False>
[2020-06-18 12:21:01,969] {scheduler_job.py:759} INFO - Examining DAG run <DagRun slackalert @ 2020-06-18 12:18:42.915976+00:00: manual__2020-06-18T12:18:42.915976+00:00, externally triggered: True>
[2020-06-18 12:21:01,992] {logging_mixin.py:112} INFO - [2020-06-18 12:21:01,991] {dagrun.py:318} INFO - Marking run <DagRun slackalert @ 2020-06-18 12:18:42.915976+00:00: manual__2020-06-18T12:18:42.915976+00:00, externally triggered: True> successful
[2020-06-18 12:21:02,011] {scheduler_job.py:447} INFO - Skipping SLA check for <DAG: slackalert> because no tasks in DAG have SLAs
[2020-06-18 12:21:02,027] {scheduler_job.py:1640} INFO - Creating / updating <TaskInstance: slackalert.coin_flip 2020-06-18 11:19:23.659583+00:00 [scheduled]> in ORM
[2020-06-18 12:21:02,048] {scheduler_job.py:162} INFO - Processing /home/ec2-user/airflow/dags/slackalert.py took 0.280 seconds
[2020-06-18 12:22:29,260] {scheduler_job.py:154} INFO - Started process (PID=5574) to work on /home/ec2-user/airflow/dags/slackalert.py
[2020-06-18 12:22:29,270] {scheduler_job.py:1562} INFO - Processing file /home/ec2-user/airflow/dags/slackalert.py for tasks to queue
[2020-06-18 12:22:29,271] {logging_mixin.py:112} INFO - [2020-06-18 12:22:29,270] {dagbag.py:396} INFO - Filling up the DagBag from /home/ec2-user/airflow/dags/slackalert.py
[2020-06-18 12:22:29,309] {scheduler_job.py:1574} INFO - DAG(s) ['slackalert'] retrieved from /home/ec2-user/airflow/dags/slackalert.py
[2020-06-18 12:22:29,351] {scheduler_job.py:1284} INFO - Processing slackalert
[2020-06-18 12:22:29,368] {scheduler_job.py:759} INFO - Examining DAG run <DagRun slackalert @ 2020-06-18 11:19:23.659583+00:00: scheduled__2020-06-18T11:19:23.659583+00:00, externally triggered: False>
[2020-06-18 12:22:29,384] {logging_mixin.py:112} INFO - [2020-06-18 12:22:29,384] {dagrun.py:309} INFO - Marking run <DagRun slackalert @ 2020-06-18 11:19:23.659583+00:00: scheduled__2020-06-18T11:19:23.659583+00:00, externally triggered: False> failed
[2020-06-18 12:22:29,394] {scheduler_job.py:447} INFO - Skipping SLA check for <DAG: slackalert> because no tasks in DAG have SLAs
[2020-06-18 12:22:29,396] {scheduler_job.py:162} INFO - Processing /home/ec2-user/airflow/dags/slackalert.py took 0.136 seconds
[2020-06-18 12:23:45,646] {scheduler_job.py:154} INFO - Started process (PID=5626) to work on /home/ec2-user/airflow/dags/slackalert.py
[2020-06-18 12:23:45,650] {scheduler_job.py:1562} INFO - Processing file /home/ec2-user/airflow/dags/slackalert.py for tasks to queue
[2020-06-18 12:23:45,650] {logging_mixin.py:112} INFO - [2020-06-18 12:23:45,650] {dagbag.py:396} INFO - Filling up the DagBag from /home/ec2-user/airflow/dags/slackalert.py
[2020-06-18 12:23:45,691] {scheduler_job.py:1574} INFO - DAG(s) ['slackalert'] retrieved from /home/ec2-user/airflow/dags/slackalert.py
[2020-06-18 12:23:45,733] {scheduler_job.py:1284} INFO - Processing slackalert
[2020-06-18 12:23:45,755] {scheduler_job.py:447} INFO - Skipping SLA check for <DAG: slackalert> because no tasks in DAG have SLAs
[2020-06-18 12:23:45,758] {scheduler_job.py:162} INFO - Processing /home/ec2-user/airflow/dags/slackalert.py took 0.112 seconds
[2020-06-18 12:25:02,028] {scheduler_job.py:154} INFO - Started process (PID=5675) to work on /home/ec2-user/airflow/dags/slackalert.py
[2020-06-18 12:25:02,036] {scheduler_job.py:1562} INFO - Processing file /home/ec2-user/airflow/dags/slackalert.py for tasks to queue
[2020-06-18 12:25:02,037] {logging_mixin.py:112} INFO - [2020-06-18 12:25:02,037] {dagbag.py:396} INFO - Filling up the DagBag from /home/ec2-user/airflow/dags/slackalert.py
[2020-06-18 12:25:02,067] {scheduler_job.py:1574} INFO - DAG(s) ['slackalert'] retrieved from /home/ec2-user/airflow/dags/slackalert.py
[2020-06-18 12:25:02,110] {scheduler_job.py:1284} INFO - Processing slackalert
[2020-06-18 12:25:02,131] {scheduler_job.py:447} INFO - Skipping SLA check for <DAG: slackalert> because no tasks in DAG have SLAs
[2020-06-18 12:25:02,134] {scheduler_job.py:162} INFO - Processing /home/ec2-user/airflow/dags/slackalert.py took 0.106 seconds
[2020-06-18 12:26:18,468] {scheduler_job.py:154} INFO - Started process (PID=5769) to work on /home/ec2-user/airflow/dags/slackalert.py
[2020-06-18 12:26:18,476] {scheduler_job.py:1562} INFO - Processing file /home/ec2-user/airflow/dags/slackalert.py for tasks to queue
[2020-06-18 12:26:18,477] {logging_mixin.py:112} INFO - [2020-06-18 12:26:18,477] {dagbag.py:396} INFO - Filling up the DagBag from /home/ec2-user/airflow/dags/slackalert.py
[2020-06-18 12:26:18,513] {scheduler_job.py:1574} INFO - DAG(s) ['slackalert'] retrieved from /home/ec2-user/airflow/dags/slackalert.py
[2020-06-18 12:26:18,553] {scheduler_job.py:1284} INFO - Processing slackalert
[2020-06-18 12:26:18,575] {scheduler_job.py:447} INFO - Skipping SLA check for <DAG: slackalert> because no tasks in DAG have SLAs
[2020-06-18 12:26:18,583] {scheduler_job.py:162} INFO - Processing /home/ec2-user/airflow/dags/slackalert.py took 0.115 seconds
[2020-06-18 12:27:34,836] {scheduler_job.py:154} INFO - Started process (PID=5818) to work on /home/ec2-user/airflow/dags/slackalert.py
[2020-06-18 12:27:34,844] {scheduler_job.py:1562} INFO - Processing file /home/ec2-user/airflow/dags/slackalert.py for tasks to queue
[2020-06-18 12:27:34,845] {logging_mixin.py:112} INFO - [2020-06-18 12:27:34,845] {dagbag.py:396} INFO - Filling up the DagBag from /home/ec2-user/airflow/dags/slackalert.py
[2020-06-18 12:27:34,883] {scheduler_job.py:1574} INFO - DAG(s) ['slackalert'] retrieved from /home/ec2-user/airflow/dags/slackalert.py
[2020-06-18 12:27:34,925] {scheduler_job.py:1284} INFO - Processing slackalert
[2020-06-18 12:27:34,947] {scheduler_job.py:447} INFO - Skipping SLA check for <DAG: slackalert> because no tasks in DAG have SLAs
[2020-06-18 12:27:34,949] {scheduler_job.py:162} INFO - Processing /home/ec2-user/airflow/dags/slackalert.py took 0.113 seconds
[2020-06-18 12:28:51,226] {scheduler_job.py:154} INFO - Started process (PID=5867) to work on /home/ec2-user/airflow/dags/slackalert.py
[2020-06-18 12:28:51,230] {scheduler_job.py:1562} INFO - Processing file /home/ec2-user/airflow/dags/slackalert.py for tasks to queue
[2020-06-18 12:28:51,233] {logging_mixin.py:112} INFO - [2020-06-18 12:28:51,233] {dagbag.py:396} INFO - Filling up the DagBag from /home/ec2-user/airflow/dags/slackalert.py
[2020-06-18 12:28:51,265] {scheduler_job.py:1574} INFO - DAG(s) ['slackalert'] retrieved from /home/ec2-user/airflow/dags/slackalert.py
[2020-06-18 12:28:51,306] {scheduler_job.py:1284} INFO - Processing slackalert
[2020-06-18 12:28:51,328] {scheduler_job.py:447} INFO - Skipping SLA check for <DAG: slackalert> because no tasks in DAG have SLAs
[2020-06-18 12:28:51,334] {scheduler_job.py:162} INFO - Processing /home/ec2-user/airflow/dags/slackalert.py took 0.109 seconds
[2020-06-18 12:30:07,596] {scheduler_job.py:154} INFO - Started process (PID=5926) to work on /home/ec2-user/airflow/dags/slackalert.py
[2020-06-18 12:30:07,604] {scheduler_job.py:1562} INFO - Processing file /home/ec2-user/airflow/dags/slackalert.py for tasks to queue
[2020-06-18 12:30:07,605] {logging_mixin.py:112} INFO - [2020-06-18 12:30:07,605] {dagbag.py:396} INFO - Filling up the DagBag from /home/ec2-user/airflow/dags/slackalert.py
[2020-06-18 12:30:07,638] {scheduler_job.py:1574} INFO - DAG(s) ['slackalert'] retrieved from /home/ec2-user/airflow/dags/slackalert.py
[2020-06-18 12:30:07,683] {scheduler_job.py:1284} INFO - Processing slackalert
[2020-06-18 12:30:07,701] {scheduler_job.py:447} INFO - Skipping SLA check for <DAG: slackalert> because no tasks in DAG have SLAs
[2020-06-18 12:30:07,707] {scheduler_job.py:162} INFO - Processing /home/ec2-user/airflow/dags/slackalert.py took 0.111 seconds
[2020-06-18 12:31:23,972] {scheduler_job.py:154} INFO - Started process (PID=5975) to work on /home/ec2-user/airflow/dags/slackalert.py
[2020-06-18 12:31:23,982] {scheduler_job.py:1562} INFO - Processing file /home/ec2-user/airflow/dags/slackalert.py for tasks to queue
[2020-06-18 12:31:23,983] {logging_mixin.py:112} INFO - [2020-06-18 12:31:23,982] {dagbag.py:396} INFO - Filling up the DagBag from /home/ec2-user/airflow/dags/slackalert.py
[2020-06-18 12:31:24,010] {scheduler_job.py:1574} INFO - DAG(s) ['slackalert'] retrieved from /home/ec2-user/airflow/dags/slackalert.py
[2020-06-18 12:31:24,058] {scheduler_job.py:1284} INFO - Processing slackalert
[2020-06-18 12:31:24,078] {scheduler_job.py:447} INFO - Skipping SLA check for <DAG: slackalert> because no tasks in DAG have SLAs
[2020-06-18 12:31:24,081] {scheduler_job.py:162} INFO - Processing /home/ec2-user/airflow/dags/slackalert.py took 0.109 seconds
[2020-06-18 12:32:40,432] {scheduler_job.py:154} INFO - Started process (PID=6028) to work on /home/ec2-user/airflow/dags/slackalert.py
[2020-06-18 12:32:40,440] {scheduler_job.py:1562} INFO - Processing file /home/ec2-user/airflow/dags/slackalert.py for tasks to queue
[2020-06-18 12:32:40,441] {logging_mixin.py:112} INFO - [2020-06-18 12:32:40,441] {dagbag.py:396} INFO - Filling up the DagBag from /home/ec2-user/airflow/dags/slackalert.py
[2020-06-18 12:32:40,470] {scheduler_job.py:1574} INFO - DAG(s) ['slackalert'] retrieved from /home/ec2-user/airflow/dags/slackalert.py
[2020-06-18 12:32:40,518] {scheduler_job.py:1284} INFO - Processing slackalert
[2020-06-18 12:32:40,539] {scheduler_job.py:447} INFO - Skipping SLA check for <DAG: slackalert> because no tasks in DAG have SLAs
[2020-06-18 12:32:40,541] {scheduler_job.py:162} INFO - Processing /home/ec2-user/airflow/dags/slackalert.py took 0.109 seconds
[2020-06-18 12:33:56,816] {scheduler_job.py:154} INFO - Started process (PID=6077) to work on /home/ec2-user/airflow/dags/slackalert.py
[2020-06-18 12:33:56,824] {scheduler_job.py:1562} INFO - Processing file /home/ec2-user/airflow/dags/slackalert.py for tasks to queue
[2020-06-18 12:33:56,825] {logging_mixin.py:112} INFO - [2020-06-18 12:33:56,825] {dagbag.py:396} INFO - Filling up the DagBag from /home/ec2-user/airflow/dags/slackalert.py
[2020-06-18 12:33:56,854] {scheduler_job.py:1574} INFO - DAG(s) ['slackalert'] retrieved from /home/ec2-user/airflow/dags/slackalert.py
[2020-06-18 12:33:56,903] {scheduler_job.py:1284} INFO - Processing slackalert
[2020-06-18 12:33:56,921] {scheduler_job.py:447} INFO - Skipping SLA check for <DAG: slackalert> because no tasks in DAG have SLAs
[2020-06-18 12:33:56,928] {scheduler_job.py:162} INFO - Processing /home/ec2-user/airflow/dags/slackalert.py took 0.111 seconds
[2020-06-18 12:35:13,196] {scheduler_job.py:154} INFO - Started process (PID=6126) to work on /home/ec2-user/airflow/dags/slackalert.py
[2020-06-18 12:35:13,204] {scheduler_job.py:1562} INFO - Processing file /home/ec2-user/airflow/dags/slackalert.py for tasks to queue
[2020-06-18 12:35:13,205] {logging_mixin.py:112} INFO - [2020-06-18 12:35:13,204] {dagbag.py:396} INFO - Filling up the DagBag from /home/ec2-user/airflow/dags/slackalert.py
[2020-06-18 12:35:13,242] {scheduler_job.py:1574} INFO - DAG(s) ['slackalert'] retrieved from /home/ec2-user/airflow/dags/slackalert.py
[2020-06-18 12:35:13,282] {scheduler_job.py:1284} INFO - Processing slackalert
[2020-06-18 12:35:13,306] {scheduler_job.py:447} INFO - Skipping SLA check for <DAG: slackalert> because no tasks in DAG have SLAs
[2020-06-18 12:35:13,309] {scheduler_job.py:162} INFO - Processing /home/ec2-user/airflow/dags/slackalert.py took 0.112 seconds
[2020-06-18 12:36:30,297] {scheduler_job.py:154} INFO - Started process (PID=6179) to work on /home/ec2-user/airflow/dags/slackalert.py
[2020-06-18 12:36:30,305] {scheduler_job.py:1562} INFO - Processing file /home/ec2-user/airflow/dags/slackalert.py for tasks to queue
[2020-06-18 12:36:30,306] {logging_mixin.py:112} INFO - [2020-06-18 12:36:30,305] {dagbag.py:396} INFO - Filling up the DagBag from /home/ec2-user/airflow/dags/slackalert.py
[2020-06-18 12:36:30,341] {scheduler_job.py:1574} INFO - DAG(s) ['slackalert'] retrieved from /home/ec2-user/airflow/dags/slackalert.py
[2020-06-18 12:36:30,382] {scheduler_job.py:1284} INFO - Processing slackalert
[2020-06-18 12:36:30,407] {scheduler_job.py:447} INFO - Skipping SLA check for <DAG: slackalert> because no tasks in DAG have SLAs
[2020-06-18 12:36:30,409] {scheduler_job.py:162} INFO - Processing /home/ec2-user/airflow/dags/slackalert.py took 0.112 seconds
[2020-06-18 12:37:46,648] {scheduler_job.py:154} INFO - Started process (PID=6228) to work on /home/ec2-user/airflow/dags/slackalert.py
[2020-06-18 12:37:46,656] {scheduler_job.py:1562} INFO - Processing file /home/ec2-user/airflow/dags/slackalert.py for tasks to queue
[2020-06-18 12:37:46,657] {logging_mixin.py:112} INFO - [2020-06-18 12:37:46,657] {dagbag.py:396} INFO - Filling up the DagBag from /home/ec2-user/airflow/dags/slackalert.py
[2020-06-18 12:37:46,693] {scheduler_job.py:1574} INFO - DAG(s) ['slackalert'] retrieved from /home/ec2-user/airflow/dags/slackalert.py
[2020-06-18 12:37:46,733] {scheduler_job.py:1284} INFO - Processing slackalert
[2020-06-18 12:37:46,755] {scheduler_job.py:447} INFO - Skipping SLA check for <DAG: slackalert> because no tasks in DAG have SLAs
[2020-06-18 12:37:46,757] {scheduler_job.py:162} INFO - Processing /home/ec2-user/airflow/dags/slackalert.py took 0.109 seconds
[2020-06-18 12:39:03,037] {scheduler_job.py:154} INFO - Started process (PID=6280) to work on /home/ec2-user/airflow/dags/slackalert.py
[2020-06-18 12:39:03,044] {scheduler_job.py:1562} INFO - Processing file /home/ec2-user/airflow/dags/slackalert.py for tasks to queue
[2020-06-18 12:39:03,044] {logging_mixin.py:112} INFO - [2020-06-18 12:39:03,044] {dagbag.py:396} INFO - Filling up the DagBag from /home/ec2-user/airflow/dags/slackalert.py
[2020-06-18 12:39:03,078] {scheduler_job.py:1574} INFO - DAG(s) ['slackalert'] retrieved from /home/ec2-user/airflow/dags/slackalert.py
[2020-06-18 12:39:03,122] {scheduler_job.py:1284} INFO - Processing slackalert
[2020-06-18 12:39:03,142] {scheduler_job.py:447} INFO - Skipping SLA check for <DAG: slackalert> because no tasks in DAG have SLAs
[2020-06-18 12:39:03,149] {scheduler_job.py:162} INFO - Processing /home/ec2-user/airflow/dags/slackalert.py took 0.111 seconds
[2020-06-18 12:40:19,397] {scheduler_job.py:154} INFO - Started process (PID=6335) to work on /home/ec2-user/airflow/dags/slackalert.py
[2020-06-18 12:40:19,406] {scheduler_job.py:1562} INFO - Processing file /home/ec2-user/airflow/dags/slackalert.py for tasks to queue
[2020-06-18 12:40:19,406] {logging_mixin.py:112} INFO - [2020-06-18 12:40:19,406] {dagbag.py:396} INFO - Filling up the DagBag from /home/ec2-user/airflow/dags/slackalert.py
[2020-06-18 12:40:19,442] {scheduler_job.py:1574} INFO - DAG(s) ['slackalert'] retrieved from /home/ec2-user/airflow/dags/slackalert.py
[2020-06-18 12:40:19,486] {scheduler_job.py:1284} INFO - Processing slackalert
[2020-06-18 12:40:19,505] {scheduler_job.py:447} INFO - Skipping SLA check for <DAG: slackalert> because no tasks in DAG have SLAs
[2020-06-18 12:40:19,511] {scheduler_job.py:162} INFO - Processing /home/ec2-user/airflow/dags/slackalert.py took 0.114 seconds
[2020-06-18 12:41:35,796] {scheduler_job.py:154} INFO - Started process (PID=6388) to work on /home/ec2-user/airflow/dags/slackalert.py
[2020-06-18 12:41:35,804] {scheduler_job.py:1562} INFO - Processing file /home/ec2-user/airflow/dags/slackalert.py for tasks to queue
[2020-06-18 12:41:35,805] {logging_mixin.py:112} INFO - [2020-06-18 12:41:35,805] {dagbag.py:396} INFO - Filling up the DagBag from /home/ec2-user/airflow/dags/slackalert.py
[2020-06-18 12:41:35,841] {scheduler_job.py:1574} INFO - DAG(s) ['slackalert'] retrieved from /home/ec2-user/airflow/dags/slackalert.py
[2020-06-18 12:41:35,882] {scheduler_job.py:1284} INFO - Processing slackalert
[2020-06-18 12:41:35,904] {scheduler_job.py:447} INFO - Skipping SLA check for <DAG: slackalert> because no tasks in DAG have SLAs
[2020-06-18 12:41:35,906] {scheduler_job.py:162} INFO - Processing /home/ec2-user/airflow/dags/slackalert.py took 0.110 seconds
[2020-06-18 12:42:52,186] {scheduler_job.py:154} INFO - Started process (PID=6437) to work on /home/ec2-user/airflow/dags/slackalert.py
[2020-06-18 12:42:52,190] {scheduler_job.py:1562} INFO - Processing file /home/ec2-user/airflow/dags/slackalert.py for tasks to queue
[2020-06-18 12:42:52,193] {logging_mixin.py:112} INFO - [2020-06-18 12:42:52,193] {dagbag.py:396} INFO - Filling up the DagBag from /home/ec2-user/airflow/dags/slackalert.py
[2020-06-18 12:42:52,225] {scheduler_job.py:1574} INFO - DAG(s) ['slackalert'] retrieved from /home/ec2-user/airflow/dags/slackalert.py
[2020-06-18 12:42:52,264] {scheduler_job.py:1284} INFO - Processing slackalert
[2020-06-18 12:42:52,285] {scheduler_job.py:447} INFO - Skipping SLA check for <DAG: slackalert> because no tasks in DAG have SLAs
[2020-06-18 12:42:52,291] {scheduler_job.py:162} INFO - Processing /home/ec2-user/airflow/dags/slackalert.py took 0.105 seconds
[2020-06-18 12:44:08,556] {scheduler_job.py:154} INFO - Started process (PID=6489) to work on /home/ec2-user/airflow/dags/slackalert.py
[2020-06-18 12:44:08,563] {scheduler_job.py:1562} INFO - Processing file /home/ec2-user/airflow/dags/slackalert.py for tasks to queue
[2020-06-18 12:44:08,564] {logging_mixin.py:112} INFO - [2020-06-18 12:44:08,563] {dagbag.py:396} INFO - Filling up the DagBag from /home/ec2-user/airflow/dags/slackalert.py
[2020-06-18 12:44:08,599] {scheduler_job.py:1574} INFO - DAG(s) ['slackalert'] retrieved from /home/ec2-user/airflow/dags/slackalert.py
[2020-06-18 12:44:08,643] {scheduler_job.py:1284} INFO - Processing slackalert
[2020-06-18 12:44:08,663] {scheduler_job.py:447} INFO - Skipping SLA check for <DAG: slackalert> because no tasks in DAG have SLAs
[2020-06-18 12:44:08,665] {scheduler_job.py:162} INFO - Processing /home/ec2-user/airflow/dags/slackalert.py took 0.109 seconds
[2020-06-18 12:45:24,961] {scheduler_job.py:154} INFO - Started process (PID=6533) to work on /home/ec2-user/airflow/dags/slackalert.py
[2020-06-18 12:45:24,968] {scheduler_job.py:1562} INFO - Processing file /home/ec2-user/airflow/dags/slackalert.py for tasks to queue
[2020-06-18 12:45:24,969] {logging_mixin.py:112} INFO - [2020-06-18 12:45:24,969] {dagbag.py:396} INFO - Filling up the DagBag from /home/ec2-user/airflow/dags/slackalert.py
[2020-06-18 12:45:25,007] {scheduler_job.py:1574} INFO - DAG(s) ['slackalert'] retrieved from /home/ec2-user/airflow/dags/slackalert.py
[2020-06-18 12:45:25,051] {scheduler_job.py:1284} INFO - Processing slackalert
[2020-06-18 12:45:25,070] {scheduler_job.py:447} INFO - Skipping SLA check for <DAG: slackalert> because no tasks in DAG have SLAs
[2020-06-18 12:45:25,076] {scheduler_job.py:162} INFO - Processing /home/ec2-user/airflow/dags/slackalert.py took 0.115 seconds
[2020-06-18 12:46:41,331] {scheduler_job.py:154} INFO - Started process (PID=6601) to work on /home/ec2-user/airflow/dags/slackalert.py
[2020-06-18 12:46:41,337] {scheduler_job.py:1562} INFO - Processing file /home/ec2-user/airflow/dags/slackalert.py for tasks to queue
[2020-06-18 12:46:41,337] {logging_mixin.py:112} INFO - [2020-06-18 12:46:41,337] {dagbag.py:396} INFO - Filling up the DagBag from /home/ec2-user/airflow/dags/slackalert.py
[2020-06-18 12:46:41,372] {scheduler_job.py:1574} INFO - DAG(s) ['slackalert'] retrieved from /home/ec2-user/airflow/dags/slackalert.py
[2020-06-18 12:46:41,416] {scheduler_job.py:1284} INFO - Processing slackalert
[2020-06-18 12:46:41,436] {scheduler_job.py:447} INFO - Skipping SLA check for <DAG: slackalert> because no tasks in DAG have SLAs
[2020-06-18 12:46:41,443] {scheduler_job.py:162} INFO - Processing /home/ec2-user/airflow/dags/slackalert.py took 0.112 seconds
[2020-06-18 12:47:57,714] {scheduler_job.py:154} INFO - Started process (PID=6650) to work on /home/ec2-user/airflow/dags/slackalert.py
[2020-06-18 12:47:57,721] {scheduler_job.py:1562} INFO - Processing file /home/ec2-user/airflow/dags/slackalert.py for tasks to queue
[2020-06-18 12:47:57,722] {logging_mixin.py:112} INFO - [2020-06-18 12:47:57,722] {dagbag.py:396} INFO - Filling up the DagBag from /home/ec2-user/airflow/dags/slackalert.py
[2020-06-18 12:47:57,753] {scheduler_job.py:1574} INFO - DAG(s) ['slackalert'] retrieved from /home/ec2-user/airflow/dags/slackalert.py
[2020-06-18 12:47:57,794] {scheduler_job.py:1284} INFO - Processing slackalert
[2020-06-18 12:47:57,813] {scheduler_job.py:759} INFO - Examining DAG run <DagRun slackalert @ 2020-06-18 12:47:54.063823+00:00: manual__2020-06-18T12:47:54.063823+00:00, externally triggered: True>
[2020-06-18 12:47:57,836] {scheduler_job.py:447} INFO - Skipping SLA check for <DAG: slackalert> because no tasks in DAG have SLAs
[2020-06-18 12:47:57,844] {scheduler_job.py:1640} INFO - Creating / updating <TaskInstance: slackalert.coin_flip 2020-06-18 12:47:54.063823+00:00 [scheduled]> in ORM
[2020-06-18 12:47:57,856] {scheduler_job.py:162} INFO - Processing /home/ec2-user/airflow/dags/slackalert.py took 0.142 seconds
[2020-06-18 12:49:24,718] {scheduler_job.py:154} INFO - Started process (PID=6709) to work on /home/ec2-user/airflow/dags/slackalert.py
[2020-06-18 12:49:24,725] {scheduler_job.py:1562} INFO - Processing file /home/ec2-user/airflow/dags/slackalert.py for tasks to queue
[2020-06-18 12:49:24,726] {logging_mixin.py:112} INFO - [2020-06-18 12:49:24,725] {dagbag.py:396} INFO - Filling up the DagBag from /home/ec2-user/airflow/dags/slackalert.py
[2020-06-18 12:49:24,761] {scheduler_job.py:1574} INFO - DAG(s) ['slackalert'] retrieved from /home/ec2-user/airflow/dags/slackalert.py
[2020-06-18 12:49:24,801] {scheduler_job.py:1284} INFO - Processing slackalert
[2020-06-18 12:49:24,822] {scheduler_job.py:759} INFO - Examining DAG run <DagRun slackalert @ 2020-06-18 12:47:54.063823+00:00: manual__2020-06-18T12:47:54.063823+00:00, externally triggered: True>
[2020-06-18 12:49:24,838] {logging_mixin.py:112} INFO - [2020-06-18 12:49:24,838] {dagrun.py:318} INFO - Marking run <DagRun slackalert @ 2020-06-18 12:47:54.063823+00:00: manual__2020-06-18T12:47:54.063823+00:00, externally triggered: True> successful
[2020-06-18 12:49:24,847] {scheduler_job.py:447} INFO - Skipping SLA check for <DAG: slackalert> because no tasks in DAG have SLAs
[2020-06-18 12:49:24,849] {scheduler_job.py:162} INFO - Processing /home/ec2-user/airflow/dags/slackalert.py took 0.131 seconds
[2020-06-18 12:50:41,124] {scheduler_job.py:154} INFO - Started process (PID=6767) to work on /home/ec2-user/airflow/dags/slackalert.py
[2020-06-18 12:50:41,132] {scheduler_job.py:1562} INFO - Processing file /home/ec2-user/airflow/dags/slackalert.py for tasks to queue
[2020-06-18 12:50:41,132] {logging_mixin.py:112} INFO - [2020-06-18 12:50:41,132] {dagbag.py:396} INFO - Filling up the DagBag from /home/ec2-user/airflow/dags/slackalert.py
[2020-06-18 12:50:41,171] {scheduler_job.py:1574} INFO - DAG(s) ['slackalert'] retrieved from /home/ec2-user/airflow/dags/slackalert.py
[2020-06-18 12:50:41,213] {scheduler_job.py:1284} INFO - Processing slackalert
[2020-06-18 12:50:41,235] {scheduler_job.py:447} INFO - Skipping SLA check for <DAG: slackalert> because no tasks in DAG have SLAs
[2020-06-18 12:50:41,237] {scheduler_job.py:162} INFO - Processing /home/ec2-user/airflow/dags/slackalert.py took 0.113 seconds
[2020-06-18 12:51:57,507] {scheduler_job.py:154} INFO - Started process (PID=6858) to work on /home/ec2-user/airflow/dags/slackalert.py
[2020-06-18 12:51:57,513] {scheduler_job.py:1562} INFO - Processing file /home/ec2-user/airflow/dags/slackalert.py for tasks to queue
[2020-06-18 12:51:57,513] {logging_mixin.py:112} INFO - [2020-06-18 12:51:57,513] {dagbag.py:396} INFO - Filling up the DagBag from /home/ec2-user/airflow/dags/slackalert.py
[2020-06-18 12:51:57,546] {scheduler_job.py:1574} INFO - DAG(s) ['slackalert'] retrieved from /home/ec2-user/airflow/dags/slackalert.py
[2020-06-18 12:51:57,590] {scheduler_job.py:1284} INFO - Processing slackalert
[2020-06-18 12:51:57,610] {scheduler_job.py:447} INFO - Skipping SLA check for <DAG: slackalert> because no tasks in DAG have SLAs
[2020-06-18 12:51:57,616] {scheduler_job.py:162} INFO - Processing /home/ec2-user/airflow/dags/slackalert.py took 0.109 seconds
[2020-06-18 12:53:13,901] {scheduler_job.py:154} INFO - Started process (PID=6910) to work on /home/ec2-user/airflow/dags/slackalert.py
[2020-06-18 12:53:13,917] {scheduler_job.py:1562} INFO - Processing file /home/ec2-user/airflow/dags/slackalert.py for tasks to queue
[2020-06-18 12:53:13,918] {logging_mixin.py:112} INFO - [2020-06-18 12:53:13,918] {dagbag.py:396} INFO - Filling up the DagBag from /home/ec2-user/airflow/dags/slackalert.py
[2020-06-18 12:53:13,958] {scheduler_job.py:1574} INFO - DAG(s) ['slackalert'] retrieved from /home/ec2-user/airflow/dags/slackalert.py
[2020-06-18 12:53:14,005] {scheduler_job.py:1284} INFO - Processing slackalert
[2020-06-18 12:53:14,039] {scheduler_job.py:447} INFO - Skipping SLA check for <DAG: slackalert> because no tasks in DAG have SLAs
[2020-06-18 12:53:14,042] {scheduler_job.py:162} INFO - Processing /home/ec2-user/airflow/dags/slackalert.py took 0.141 seconds
[2020-06-18 12:54:30,319] {scheduler_job.py:154} INFO - Started process (PID=6959) to work on /home/ec2-user/airflow/dags/slackalert.py
[2020-06-18 12:54:30,323] {scheduler_job.py:1562} INFO - Processing file /home/ec2-user/airflow/dags/slackalert.py for tasks to queue
[2020-06-18 12:54:30,323] {logging_mixin.py:112} INFO - [2020-06-18 12:54:30,323] {dagbag.py:396} INFO - Filling up the DagBag from /home/ec2-user/airflow/dags/slackalert.py
[2020-06-18 12:54:30,354] {scheduler_job.py:1574} INFO - DAG(s) ['slackalert'] retrieved from /home/ec2-user/airflow/dags/slackalert.py
[2020-06-18 12:54:30,403] {scheduler_job.py:1284} INFO - Processing slackalert
[2020-06-18 12:54:30,423] {scheduler_job.py:447} INFO - Skipping SLA check for <DAG: slackalert> because no tasks in DAG have SLAs
[2020-06-18 12:54:30,425] {scheduler_job.py:162} INFO - Processing /home/ec2-user/airflow/dags/slackalert.py took 0.107 seconds
[2020-06-18 12:55:46,701] {scheduler_job.py:154} INFO - Started process (PID=7008) to work on /home/ec2-user/airflow/dags/slackalert.py
[2020-06-18 12:55:46,708] {scheduler_job.py:1562} INFO - Processing file /home/ec2-user/airflow/dags/slackalert.py for tasks to queue
[2020-06-18 12:55:46,709] {logging_mixin.py:112} INFO - [2020-06-18 12:55:46,709] {dagbag.py:396} INFO - Filling up the DagBag from /home/ec2-user/airflow/dags/slackalert.py
[2020-06-18 12:55:46,745] {scheduler_job.py:1574} INFO - DAG(s) ['slackalert'] retrieved from /home/ec2-user/airflow/dags/slackalert.py
[2020-06-18 12:55:46,786] {scheduler_job.py:1284} INFO - Processing slackalert
[2020-06-18 12:55:46,808] {scheduler_job.py:447} INFO - Skipping SLA check for <DAG: slackalert> because no tasks in DAG have SLAs
[2020-06-18 12:55:46,814] {scheduler_job.py:162} INFO - Processing /home/ec2-user/airflow/dags/slackalert.py took 0.114 seconds
[2020-06-18 12:57:03,092] {scheduler_job.py:154} INFO - Started process (PID=7061) to work on /home/ec2-user/airflow/dags/slackalert.py
[2020-06-18 12:57:03,100] {scheduler_job.py:1562} INFO - Processing file /home/ec2-user/airflow/dags/slackalert.py for tasks to queue
[2020-06-18 12:57:03,101] {logging_mixin.py:112} INFO - [2020-06-18 12:57:03,101] {dagbag.py:396} INFO - Filling up the DagBag from /home/ec2-user/airflow/dags/slackalert.py
[2020-06-18 12:57:03,137] {scheduler_job.py:1574} INFO - DAG(s) ['slackalert'] retrieved from /home/ec2-user/airflow/dags/slackalert.py
[2020-06-18 12:57:03,176] {scheduler_job.py:1284} INFO - Processing slackalert
[2020-06-18 12:57:03,202] {scheduler_job.py:447} INFO - Skipping SLA check for <DAG: slackalert> because no tasks in DAG have SLAs
[2020-06-18 12:57:03,205] {scheduler_job.py:162} INFO - Processing /home/ec2-user/airflow/dags/slackalert.py took 0.113 seconds
[2020-06-18 12:58:19,476] {scheduler_job.py:154} INFO - Started process (PID=7110) to work on /home/ec2-user/airflow/dags/slackalert.py
[2020-06-18 12:58:19,483] {scheduler_job.py:1562} INFO - Processing file /home/ec2-user/airflow/dags/slackalert.py for tasks to queue
[2020-06-18 12:58:19,484] {logging_mixin.py:112} INFO - [2020-06-18 12:58:19,484] {dagbag.py:396} INFO - Filling up the DagBag from /home/ec2-user/airflow/dags/slackalert.py
[2020-06-18 12:58:19,521] {scheduler_job.py:1574} INFO - DAG(s) ['slackalert'] retrieved from /home/ec2-user/airflow/dags/slackalert.py
[2020-06-18 12:58:19,562] {scheduler_job.py:1284} INFO - Processing slackalert
[2020-06-18 12:58:19,584] {scheduler_job.py:447} INFO - Skipping SLA check for <DAG: slackalert> because no tasks in DAG have SLAs
[2020-06-18 12:58:19,591] {scheduler_job.py:162} INFO - Processing /home/ec2-user/airflow/dags/slackalert.py took 0.115 seconds
[2020-06-18 12:59:35,860] {scheduler_job.py:154} INFO - Started process (PID=7162) to work on /home/ec2-user/airflow/dags/slackalert.py
[2020-06-18 12:59:35,868] {scheduler_job.py:1562} INFO - Processing file /home/ec2-user/airflow/dags/slackalert.py for tasks to queue
[2020-06-18 12:59:35,869] {logging_mixin.py:112} INFO - [2020-06-18 12:59:35,869] {dagbag.py:396} INFO - Filling up the DagBag from /home/ec2-user/airflow/dags/slackalert.py
[2020-06-18 12:59:35,906] {scheduler_job.py:1574} INFO - DAG(s) ['slackalert'] retrieved from /home/ec2-user/airflow/dags/slackalert.py
[2020-06-18 12:59:35,945] {scheduler_job.py:1284} INFO - Processing slackalert
[2020-06-18 12:59:35,968] {scheduler_job.py:447} INFO - Skipping SLA check for <DAG: slackalert> because no tasks in DAG have SLAs
[2020-06-18 12:59:35,975] {scheduler_job.py:162} INFO - Processing /home/ec2-user/airflow/dags/slackalert.py took 0.114 seconds
[2020-06-18 13:00:52,217] {scheduler_job.py:154} INFO - Started process (PID=7217) to work on /home/ec2-user/airflow/dags/slackalert.py
[2020-06-18 13:00:52,224] {scheduler_job.py:1562} INFO - Processing file /home/ec2-user/airflow/dags/slackalert.py for tasks to queue
[2020-06-18 13:00:52,225] {logging_mixin.py:112} INFO - [2020-06-18 13:00:52,225] {dagbag.py:396} INFO - Filling up the DagBag from /home/ec2-user/airflow/dags/slackalert.py
[2020-06-18 13:00:52,262] {scheduler_job.py:1574} INFO - DAG(s) ['slackalert'] retrieved from /home/ec2-user/airflow/dags/slackalert.py
[2020-06-18 13:00:52,302] {scheduler_job.py:1284} INFO - Processing slackalert
[2020-06-18 13:00:52,327] {scheduler_job.py:447} INFO - Skipping SLA check for <DAG: slackalert> because no tasks in DAG have SLAs
[2020-06-18 13:00:52,329] {scheduler_job.py:162} INFO - Processing /home/ec2-user/airflow/dags/slackalert.py took 0.113 seconds
[2020-06-18 13:02:08,623] {scheduler_job.py:154} INFO - Started process (PID=7282) to work on /home/ec2-user/airflow/dags/slackalert.py
[2020-06-18 13:02:08,630] {scheduler_job.py:1562} INFO - Processing file /home/ec2-user/airflow/dags/slackalert.py for tasks to queue
[2020-06-18 13:02:08,634] {logging_mixin.py:112} INFO - [2020-06-18 13:02:08,633] {dagbag.py:396} INFO - Filling up the DagBag from /home/ec2-user/airflow/dags/slackalert.py
[2020-06-18 13:02:08,665] {scheduler_job.py:1574} INFO - DAG(s) ['slackalert'] retrieved from /home/ec2-user/airflow/dags/slackalert.py
[2020-06-18 13:02:08,705] {scheduler_job.py:1284} INFO - Processing slackalert
[2020-06-18 13:02:08,727] {scheduler_job.py:447} INFO - Skipping SLA check for <DAG: slackalert> because no tasks in DAG have SLAs
[2020-06-18 13:02:08,729] {scheduler_job.py:162} INFO - Processing /home/ec2-user/airflow/dags/slackalert.py took 0.106 seconds
[2020-06-18 13:03:25,012] {scheduler_job.py:154} INFO - Started process (PID=7332) to work on /home/ec2-user/airflow/dags/slackalert.py
[2020-06-18 13:03:25,019] {scheduler_job.py:1562} INFO - Processing file /home/ec2-user/airflow/dags/slackalert.py for tasks to queue
[2020-06-18 13:03:25,020] {logging_mixin.py:112} INFO - [2020-06-18 13:03:25,020] {dagbag.py:396} INFO - Filling up the DagBag from /home/ec2-user/airflow/dags/slackalert.py
[2020-06-18 13:03:25,057] {scheduler_job.py:1574} INFO - DAG(s) ['slackalert'] retrieved from /home/ec2-user/airflow/dags/slackalert.py
[2020-06-18 13:03:25,098] {scheduler_job.py:1284} INFO - Processing slackalert
[2020-06-18 13:03:25,120] {scheduler_job.py:447} INFO - Skipping SLA check for <DAG: slackalert> because no tasks in DAG have SLAs
[2020-06-18 13:03:25,127] {scheduler_job.py:162} INFO - Processing /home/ec2-user/airflow/dags/slackalert.py took 0.114 seconds
[2020-06-18 13:04:41,398] {scheduler_job.py:154} INFO - Started process (PID=7381) to work on /home/ec2-user/airflow/dags/slackalert.py
[2020-06-18 13:04:41,405] {scheduler_job.py:1562} INFO - Processing file /home/ec2-user/airflow/dags/slackalert.py for tasks to queue
[2020-06-18 13:04:41,405] {logging_mixin.py:112} INFO - [2020-06-18 13:04:41,405] {dagbag.py:396} INFO - Filling up the DagBag from /home/ec2-user/airflow/dags/slackalert.py
[2020-06-18 13:04:41,441] {scheduler_job.py:1574} INFO - DAG(s) ['slackalert'] retrieved from /home/ec2-user/airflow/dags/slackalert.py
[2020-06-18 13:04:41,486] {scheduler_job.py:1284} INFO - Processing slackalert
[2020-06-18 13:04:41,508] {scheduler_job.py:447} INFO - Skipping SLA check for <DAG: slackalert> because no tasks in DAG have SLAs
[2020-06-18 13:04:41,510] {scheduler_job.py:162} INFO - Processing /home/ec2-user/airflow/dags/slackalert.py took 0.112 seconds
[2020-06-18 13:05:58,603] {scheduler_job.py:154} INFO - Started process (PID=7433) to work on /home/ec2-user/airflow/dags/slackalert.py
[2020-06-18 13:05:58,612] {scheduler_job.py:1562} INFO - Processing file /home/ec2-user/airflow/dags/slackalert.py for tasks to queue
[2020-06-18 13:05:58,612] {logging_mixin.py:112} INFO - [2020-06-18 13:05:58,612] {dagbag.py:396} INFO - Filling up the DagBag from /home/ec2-user/airflow/dags/slackalert.py
[2020-06-18 13:05:58,647] {scheduler_job.py:1574} INFO - DAG(s) ['slackalert'] retrieved from /home/ec2-user/airflow/dags/slackalert.py
[2020-06-18 13:05:58,690] {scheduler_job.py:1284} INFO - Processing slackalert
[2020-06-18 13:05:58,709] {scheduler_job.py:447} INFO - Skipping SLA check for <DAG: slackalert> because no tasks in DAG have SLAs
[2020-06-18 13:05:58,715] {scheduler_job.py:162} INFO - Processing /home/ec2-user/airflow/dags/slackalert.py took 0.112 seconds
[2020-06-18 13:07:14,989] {scheduler_job.py:154} INFO - Started process (PID=7482) to work on /home/ec2-user/airflow/dags/slackalert.py
[2020-06-18 13:07:14,993] {scheduler_job.py:1562} INFO - Processing file /home/ec2-user/airflow/dags/slackalert.py for tasks to queue
[2020-06-18 13:07:14,993] {logging_mixin.py:112} INFO - [2020-06-18 13:07:14,993] {dagbag.py:396} INFO - Filling up the DagBag from /home/ec2-user/airflow/dags/slackalert.py
[2020-06-18 13:07:15,031] {scheduler_job.py:1574} INFO - DAG(s) ['slackalert'] retrieved from /home/ec2-user/airflow/dags/slackalert.py
[2020-06-18 13:07:15,076] {scheduler_job.py:1284} INFO - Processing slackalert
[2020-06-18 13:07:15,099] {scheduler_job.py:447} INFO - Skipping SLA check for <DAG: slackalert> because no tasks in DAG have SLAs
[2020-06-18 13:07:15,101] {scheduler_job.py:162} INFO - Processing /home/ec2-user/airflow/dags/slackalert.py took 0.112 seconds
[2020-06-18 13:08:31,396] {scheduler_job.py:154} INFO - Started process (PID=7535) to work on /home/ec2-user/airflow/dags/slackalert.py
[2020-06-18 13:08:31,405] {scheduler_job.py:1562} INFO - Processing file /home/ec2-user/airflow/dags/slackalert.py for tasks to queue
[2020-06-18 13:08:31,406] {logging_mixin.py:112} INFO - [2020-06-18 13:08:31,406] {dagbag.py:396} INFO - Filling up the DagBag from /home/ec2-user/airflow/dags/slackalert.py
[2020-06-18 13:08:31,441] {scheduler_job.py:1574} INFO - DAG(s) ['slackalert'] retrieved from /home/ec2-user/airflow/dags/slackalert.py
[2020-06-18 13:08:31,481] {scheduler_job.py:1284} INFO - Processing slackalert
[2020-06-18 13:08:31,503] {scheduler_job.py:447} INFO - Skipping SLA check for <DAG: slackalert> because no tasks in DAG have SLAs
[2020-06-18 13:08:31,506] {scheduler_job.py:162} INFO - Processing /home/ec2-user/airflow/dags/slackalert.py took 0.110 seconds
[2020-06-18 13:09:47,779] {scheduler_job.py:154} INFO - Started process (PID=7584) to work on /home/ec2-user/airflow/dags/slackalert.py
[2020-06-18 13:09:47,785] {scheduler_job.py:1562} INFO - Processing file /home/ec2-user/airflow/dags/slackalert.py for tasks to queue
[2020-06-18 13:09:47,785] {logging_mixin.py:112} INFO - [2020-06-18 13:09:47,785] {dagbag.py:396} INFO - Filling up the DagBag from /home/ec2-user/airflow/dags/slackalert.py
[2020-06-18 13:09:47,821] {scheduler_job.py:1574} INFO - DAG(s) ['slackalert'] retrieved from /home/ec2-user/airflow/dags/slackalert.py
[2020-06-18 13:09:47,862] {scheduler_job.py:1284} INFO - Processing slackalert
[2020-06-18 13:09:47,887] {scheduler_job.py:447} INFO - Skipping SLA check for <DAG: slackalert> because no tasks in DAG have SLAs
[2020-06-18 13:09:47,889] {scheduler_job.py:162} INFO - Processing /home/ec2-user/airflow/dags/slackalert.py took 0.110 seconds
[2020-06-18 13:11:04,128] {scheduler_job.py:154} INFO - Started process (PID=7642) to work on /home/ec2-user/airflow/dags/slackalert.py
[2020-06-18 13:11:04,138] {scheduler_job.py:1562} INFO - Processing file /home/ec2-user/airflow/dags/slackalert.py for tasks to queue
[2020-06-18 13:11:04,138] {logging_mixin.py:112} INFO - [2020-06-18 13:11:04,138] {dagbag.py:396} INFO - Filling up the DagBag from /home/ec2-user/airflow/dags/slackalert.py
[2020-06-18 13:11:04,169] {scheduler_job.py:1574} INFO - DAG(s) ['slackalert'] retrieved from /home/ec2-user/airflow/dags/slackalert.py
[2020-06-18 13:11:04,210] {scheduler_job.py:1284} INFO - Processing slackalert
[2020-06-18 13:11:04,230] {scheduler_job.py:447} INFO - Skipping SLA check for <DAG: slackalert> because no tasks in DAG have SLAs
[2020-06-18 13:11:04,236] {scheduler_job.py:162} INFO - Processing /home/ec2-user/airflow/dags/slackalert.py took 0.108 seconds
[2020-06-18 13:12:20,501] {scheduler_job.py:154} INFO - Started process (PID=7691) to work on /home/ec2-user/airflow/dags/slackalert.py
[2020-06-18 13:12:20,509] {scheduler_job.py:1562} INFO - Processing file /home/ec2-user/airflow/dags/slackalert.py for tasks to queue
[2020-06-18 13:12:20,509] {logging_mixin.py:112} INFO - [2020-06-18 13:12:20,509] {dagbag.py:396} INFO - Filling up the DagBag from /home/ec2-user/airflow/dags/slackalert.py
[2020-06-18 13:12:20,547] {scheduler_job.py:1574} INFO - DAG(s) ['slackalert'] retrieved from /home/ec2-user/airflow/dags/slackalert.py
[2020-06-18 13:12:20,591] {scheduler_job.py:1284} INFO - Processing slackalert
[2020-06-18 13:12:20,612] {scheduler_job.py:447} INFO - Skipping SLA check for <DAG: slackalert> because no tasks in DAG have SLAs
[2020-06-18 13:12:20,614] {scheduler_job.py:162} INFO - Processing /home/ec2-user/airflow/dags/slackalert.py took 0.113 seconds
[2020-06-18 13:13:36,877] {scheduler_job.py:154} INFO - Started process (PID=7744) to work on /home/ec2-user/airflow/dags/slackalert.py
[2020-06-18 13:13:36,884] {scheduler_job.py:1562} INFO - Processing file /home/ec2-user/airflow/dags/slackalert.py for tasks to queue
[2020-06-18 13:13:36,884] {logging_mixin.py:112} INFO - [2020-06-18 13:13:36,884] {dagbag.py:396} INFO - Filling up the DagBag from /home/ec2-user/airflow/dags/slackalert.py
[2020-06-18 13:13:36,926] {scheduler_job.py:1574} INFO - DAG(s) ['slackalert'] retrieved from /home/ec2-user/airflow/dags/slackalert.py
[2020-06-18 13:13:36,973] {scheduler_job.py:1284} INFO - Processing slackalert
[2020-06-18 13:13:36,995] {scheduler_job.py:447} INFO - Skipping SLA check for <DAG: slackalert> because no tasks in DAG have SLAs
[2020-06-18 13:13:36,997] {scheduler_job.py:162} INFO - Processing /home/ec2-user/airflow/dags/slackalert.py took 0.121 seconds
[2020-06-18 13:14:53,338] {scheduler_job.py:154} INFO - Started process (PID=7794) to work on /home/ec2-user/airflow/dags/slackalert.py
[2020-06-18 13:14:53,348] {scheduler_job.py:1562} INFO - Processing file /home/ec2-user/airflow/dags/slackalert.py for tasks to queue
[2020-06-18 13:14:53,348] {logging_mixin.py:112} INFO - [2020-06-18 13:14:53,348] {dagbag.py:396} INFO - Filling up the DagBag from /home/ec2-user/airflow/dags/slackalert.py
[2020-06-18 13:14:53,383] {scheduler_job.py:1574} INFO - DAG(s) ['slackalert'] retrieved from /home/ec2-user/airflow/dags/slackalert.py
[2020-06-18 13:14:53,427] {scheduler_job.py:1284} INFO - Processing slackalert
[2020-06-18 13:14:53,447] {scheduler_job.py:447} INFO - Skipping SLA check for <DAG: slackalert> because no tasks in DAG have SLAs
[2020-06-18 13:14:53,449] {scheduler_job.py:162} INFO - Processing /home/ec2-user/airflow/dags/slackalert.py took 0.111 seconds
[2020-06-18 13:16:09,712] {scheduler_job.py:154} INFO - Started process (PID=7884) to work on /home/ec2-user/airflow/dags/slackalert.py
[2020-06-18 13:16:09,720] {scheduler_job.py:1562} INFO - Processing file /home/ec2-user/airflow/dags/slackalert.py for tasks to queue
[2020-06-18 13:16:09,720] {logging_mixin.py:112} INFO - [2020-06-18 13:16:09,720] {dagbag.py:396} INFO - Filling up the DagBag from /home/ec2-user/airflow/dags/slackalert.py
[2020-06-18 13:16:09,757] {scheduler_job.py:1574} INFO - DAG(s) ['slackalert'] retrieved from /home/ec2-user/airflow/dags/slackalert.py
[2020-06-18 13:16:09,807] {scheduler_job.py:1284} INFO - Processing slackalert
[2020-06-18 13:16:09,826] {scheduler_job.py:447} INFO - Skipping SLA check for <DAG: slackalert> because no tasks in DAG have SLAs
[2020-06-18 13:16:09,832] {scheduler_job.py:162} INFO - Processing /home/ec2-user/airflow/dags/slackalert.py took 0.120 seconds
